#
# There is insufficient memory for the Java Runtime Environment to continue.
# Native memory allocation (malloc) failed to allocate 68157440 bytes for committing reserved memory.
# Possible reasons:
#   The system is out of physical RAM or swap space
#   In 32 bit mode, the process size limit was hit
# Possible solutions:
#   Reduce memory load on the system
#   Increase physical memory or swap space
#   Check if swap backing store is full
#   Use 64 bit Java on a 64 bit OS
#   Decrease Java heap size (-Xmx/-Xms)
#   Decrease number of Java threads
#   Decrease Java thread stack sizes (-Xss)
#   Set larger code cache with -XX:ReservedCodeCacheSize=
# This output file may be truncated or incomplete.
#
#  Out of Memory Error (os_linux.cpp:2827), pid=3579, tid=140048086091520
#
# JRE version: OpenJDK Runtime Environment (7.0_91-b02) (build 1.7.0_91-b02)
# Java VM: OpenJDK 64-Bit Server VM (24.91-b01 mixed mode linux-amd64 compressed oops)
# Derivative: IcedTea 2.6.3
# Distribution: Ubuntu 15.10, package 7u91-2.6.3-0ubuntu0.15.10.1
# Failed to write core dump. Core dumps have been disabled. To enable core dumping, try "ulimit -c unlimited" before starting Java again
#

---------------  T H R E A D  ---------------

Current thread (0x00007f5f84071800):  VMThread [stack: 0x00007f5f7c5c4000,0x00007f5f7c6c5000] [id=3585]

Stack: [0x00007f5f7c5c4000,0x00007f5f7c6c5000],  sp=0x00007f5f7c6c34f0,  free space=1021k
Native frames: (J=compiled Java code, j=interpreted, Vv=VM code, C=native code)
V  [libjvm.so+0x9948f3]  VMError::report_and_die()+0x183
V  [libjvm.so+0x48a9df]  report_vm_out_of_memory(char const*, int, unsigned long, char const*)+0x8f
V  [libjvm.so+0x80143b]  os::pd_commit_memory(char*, unsigned long, unsigned long, bool)+0xeb
V  [libjvm.so+0x7fb82e]  os::commit_memory(char*, unsigned long, unsigned long, bool)+0x2e
V  [libjvm.so+0x871c4b]  PSVirtualSpace::expand_by(unsigned long)+0x5b
V  [libjvm.so+0x873593]  PSYoungGen::resize(unsigned long, unsigned long)+0x103
V  [libjvm.so+0x86f818]  PSScavenge::invoke_no_policy()+0x14b8
V  [libjvm.so+0x86fafc]  PSScavenge::invoke()+0x4c
V  [libjvm.so+0x824df3]  ParallelScavengeHeap::failed_mem_allocate(unsigned long)+0x63
V  [libjvm.so+0x996392]  VM_ParallelGCFailedAllocation::doit()+0x92
V  [libjvm.so+0x99b0d7]  VM_Operation::evaluate()+0x47
V  [libjvm.so+0x998968]  VMThread::evaluate_operation(VM_Operation*) [clone .constprop.31]+0xb8
V  [libjvm.so+0x999cdf]  VMThread::loop()+0x24f
V  [libjvm.so+0x99a1d1]  VMThread::run()+0x81
V  [libjvm.so+0x7fe362]  java_start(Thread*)+0xf2

VM_Operation (0x00007f5f3f1628a0): ParallelGCFailedAllocation, mode: safepoint, requested by thread 0x00007f5f54004000


---------------  P R O C E S S  ---------------

Java Threads: ( => current thread )
  0x00007f5f48045000 JavaThread "stdout" [_thread_blocked, id=3629, stack(0x00007f5f3ee61000,0x00007f5f3ef62000)]
  0x00007f5f48043000 JavaThread "stderr" [_thread_blocked, id=3628, stack(0x00007f5f3ef62000,0x00007f5f3f063000)]
  0x00007f5f48041800 JavaThread "process reaper" daemon [_thread_in_native, id=3626, stack(0x00007f5f640a1000,0x00007f5f640da000)]
  0x00007f5f54004000 JavaThread "stdout" [_thread_blocked, id=3625, stack(0x00007f5f3f063000,0x00007f5f3f164000)]
  0x00007f5f54001800 JavaThread "stderr" [_thread_in_native, id=3624, stack(0x00007f5f3f164000,0x00007f5f3f265000)]
  0x0000000002961800 JavaThread "pool-1-thread-2" [_thread_blocked, id=3619, stack(0x00007f5f3f366000,0x00007f5f3f467000)]
  0x0000000002955000 JavaThread "pool-1-thread-1" [_thread_blocked, id=3618, stack(0x00007f5f3f265000,0x00007f5f3f366000)]
  0x000000000215d000 JavaThread "File lock request listener" [_thread_in_native, id=3605, stack(0x00007f5f64fa5000,0x00007f5f650a6000)]
  0x0000000001fa7800 JavaThread "process reaper" daemon [_thread_in_native, id=3604, stack(0x00007f5f650a6000,0x00007f5f650df000)]
  0x0000000001d6b800 JavaThread "Stdin handler" [_thread_blocked, id=3600, stack(0x00007f5f6514b000,0x00007f5f6524c000)]
  0x00007f5f4c00b000 JavaThread "Daemon worker" [_thread_blocked, id=3597, stack(0x00007f5f65253000,0x00007f5f65354000)]
  0x00007f5f4c00a000 JavaThread "Cancel handler" [_thread_blocked, id=3596, stack(0x00007f5f65354000,0x00007f5f65455000)]
  0x00007f5f4c003800 JavaThread "Handler for socket connection from /127.0.0.1:38546 to /127.0.0.1:35800" [_thread_in_native, id=3595, stack(0x00007f5f65455000,0x00007f5f65556000)]
  0x00007f5f48003800 JavaThread "Daemon" [_thread_blocked, id=3594, stack(0x00007f5f65556000,0x00007f5f65657000)]
  0x00007f5f849d5800 JavaThread "Incoming local TCP Connector on port 38546" [_thread_in_native, id=3593, stack(0x00007f5f65657000,0x00007f5f65758000)]
  0x00007f5f840ab800 JavaThread "Service Thread" daemon [_thread_blocked, id=3591, stack(0x00007f5f6781c000,0x00007f5f6791d000)]
  0x00007f5f840a9000 JavaThread "C2 CompilerThread1" daemon [_thread_blocked, id=3590, stack(0x00007f5f7c0bf000,0x00007f5f7c1c0000)]
  0x00007f5f840a6000 JavaThread "C2 CompilerThread0" daemon [_thread_blocked, id=3589, stack(0x00007f5f7c1c0000,0x00007f5f7c2c1000)]
  0x00007f5f840a4000 JavaThread "Signal Dispatcher" daemon [_thread_blocked, id=3588, stack(0x00007f5f7c2c1000,0x00007f5f7c3c2000)]
  0x00007f5f84078000 JavaThread "Finalizer" daemon [_thread_blocked, id=3587, stack(0x00007f5f7c3c2000,0x00007f5f7c4c3000)]
  0x00007f5f84076000 JavaThread "Reference Handler" daemon [_thread_blocked, id=3586, stack(0x00007f5f7c4c3000,0x00007f5f7c5c4000)]
  0x00007f5f8400a000 JavaThread "main" [_thread_blocked, id=3582, stack(0x00007f5f8a870000,0x00007f5f8a971000)]

Other Threads:
=>0x00007f5f84071800 VMThread [stack: 0x00007f5f7c5c4000,0x00007f5f7c6c5000] [id=3585]
  0x00007f5f840b6800 WatcherThread [stack: 0x00007f5f6771b000,0x00007f5f6781c000] [id=3592]

VM state:at safepoint (normal execution)

VM Mutex/Monitor currently owned by a thread:  ([mutex/lock_event])
[0x00007f5f840068e0] Threads_lock - owner thread: 0x00007f5f84071800
[0x00007f5f84006de0] Heap_lock - owner thread: 0x00007f5f54004000

Heap
 PSYoungGen      total 191488K, used 14019K [0x00000000eaa80000, 0x00000000f7f00000, 0x0000000100000000)
  eden space 168960K, 0% used [0x00000000eaa80000,0x00000000eaa80000,0x00000000f4f80000)
  from space 22528K, 62% used [0x00000000f4f80000,0x00000000f5d30d08,0x00000000f6580000)
  to   space 15872K, 0% used [0x00000000f6580000,0x00000000f6580000,0x00000000f7500000)
 ParOldGen       total 60928K, used 39583K [0x00000000c0000000, 0x00000000c3b80000, 0x00000000eaa80000)
  object space 60928K, 64% used [0x00000000c0000000,0x00000000c26a7cf0,0x00000000c3b80000)
 PSPermGen       total 76288K, used 47627K [0x00000000b0000000, 0x00000000b4a80000, 0x00000000c0000000)
  object space 76288K, 62% used [0x00000000b0000000,0x00000000b2e82e98,0x00000000b4a80000)

Card table byte_map: [0x00007f5f8010c000,0x00007f5f8038d000] byte_map_base: 0x00007f5f7fb8c000

Polling page: 0x00007f5f8a98e000

Code Cache  [0x00007f5f8038d000, 0x00007f5f8082d000, 0x00007f5f8338d000)
 total_blobs=1684 nmethods=1019 adapters=618 free_code_cache=44640Kb largest_free_block=45514240

Compilation events (10 events):
Event: 65,332 Thread 0x00007f5f840a6000 1161             java.security.MessageDigest$Delegate::engineUpdate (11 bytes)
Event: 65,333 Thread 0x00007f5f840a6000 nmethod 1161 0x00007f5f807377d0 code [0x00007f5f80737920, 0x00007f5f807379e8]
Event: 65,469 Thread 0x00007f5f840a9000 1162 %           java.util.regex.Pattern::sequence @ 7 (553 bytes)
Event: 65,498 Thread 0x00007f5f840a9000 nmethod 1162% 0x00007f5f80766890 code [0x00007f5f80766ae0, 0x00007f5f807676e0]
Event: 65,821 Thread 0x00007f5f840a6000 1163             java.util.regex.Pattern::sequence (553 bytes)
Event: 65,855 Thread 0x00007f5f840a6000 nmethod 1163 0x00007f5f80755e90 code [0x00007f5f807560e0, 0x00007f5f80756ae0]
Event: 66,362 Thread 0x00007f5f840a9000 1164             java.security.MessageDigest::update (45 bytes)
Event: 66,365 Thread 0x00007f5f840a9000 nmethod 1164 0x00007f5f8081e910 code [0x00007f5f8081ea80, 0x00007f5f8081ebc8]
Event: 66,494 Thread 0x00007f5f840a6000 1165   !         org.gradle.internal.hash.HashUtil::createHash (78 bytes)
Event: 66,539 Thread 0x00007f5f840a6000 nmethod 1165 0x00007f5f80761c90 code [0x00007f5f80761ec0, 0x00007f5f80762c00]

GC Heap History (10 events):
Event: 14,600 GC heap after
Heap after GC invocations=8 (full 0):
 PSYoungGen      total 127488K, used 8690K [0x00000000eaa80000, 0x00000000f3880000, 0x0000000100000000)
  eden space 118784K, 0% used [0x00000000eaa80000,0x00000000eaa80000,0x00000000f1e80000)
  from space 8704K, 99% used [0x00000000f2a00000,0x00000000f327c8b0,0x00000000f3280000)
  to   space 11776K, 0% used [0x00000000f1e80000,0x00000000f1e80000,0x00000000f2a00000)
 ParOldGen       total 19456K, used 15855K [0x00000000c0000000, 0x00000000c1300000, 0x00000000eaa80000)
  object space 19456K, 81% used [0x00000000c0000000,0x00000000c0f7bd00,0x00000000c1300000)
 PSPermGen       total 30720K, used 30530K [0x00000000b0000000, 0x00000000b1e00000, 0x00000000c0000000)
  object space 30720K, 99% used [0x00000000b0000000,0x00000000b1dd0810,0x00000000b1e00000)
}
Event: 14,600 GC heap before
{Heap before GC invocations=9 (full 1):
 PSYoungGen      total 127488K, used 8690K [0x00000000eaa80000, 0x00000000f3880000, 0x0000000100000000)
  eden space 118784K, 0% used [0x00000000eaa80000,0x00000000eaa80000,0x00000000f1e80000)
  from space 8704K, 99% used [0x00000000f2a00000,0x00000000f327c8b0,0x00000000f3280000)
  to   space 11776K, 0% used [0x00000000f1e80000,0x00000000f1e80000,0x00000000f2a00000)
 ParOldGen       total 19456K, used 15855K [0x00000000c0000000, 0x00000000c1300000, 0x00000000eaa80000)
  object space 19456K, 81% used [0x00000000c0000000,0x00000000c0f7bd00,0x00000000c1300000)
 PSPermGen       total 30720K, used 30530K [0x00000000b0000000, 0x00000000b1e00000, 0x00000000c0000000)
  object space 30720K, 99% used [0x00000000b0000000,0x00000000b1dd0810,0x00000000b1e00000)
Event: 14,925 GC heap after
Heap after GC invocations=9 (full 1):
 PSYoungGen      total 127488K, used 1002K [0x00000000eaa80000, 0x00000000f3880000, 0x0000000100000000)
  eden space 118784K, 0% used [0x00000000eaa80000,0x00000000eaa80000,0x00000000f1e80000)
  from space 8704K, 11% used [0x00000000f2a00000,0x00000000f2afaba8,0x00000000f3280000)
  to   space 11776K, 0% used [0x00000000f1e80000,0x00000000f1e80000,0x00000000f2a00000)
 ParOldGen       total 36864K, used 19209K [0x00000000c0000000, 0x00000000c2400000, 0x00000000eaa80000)
  object space 36864K, 52% used [0x00000000c0000000,0x00000000c12c2690,0x00000000c2400000)
 PSPermGen       total 61440K, used 30517K [0x00000000b0000000, 0x00000000b3c00000, 0x00000000c0000000)
  object space 61440K, 49% used [0x00000000b0000000,0x00000000b1dcd678,0x00000000b3c00000)
}
Event: 22,016 GC heap before
{Heap before GC invocations=10 (full 1):
 PSYoungGen      total 127488K, used 119786K [0x00000000eaa80000, 0x00000000f3880000, 0x0000000100000000)
  eden space 118784K, 100% used [0x00000000eaa80000,0x00000000f1e80000,0x00000000f1e80000)
  from space 8704K, 11% used [0x00000000f2a00000,0x00000000f2afaba8,0x00000000f3280000)
  to   space 11776K, 0% used [0x00000000f1e80000,0x00000000f1e80000,0x00000000f2a00000)
 ParOldGen       total 36864K, used 19209K [0x00000000c0000000, 0x00000000c2400000, 0x00000000eaa80000)
  object space 36864K, 52% used [0x00000000c0000000,0x00000000c12c2690,0x00000000c2400000)
 PSPermGen       total 61440K, used 35563K [0x00000000b0000000, 0x00000000b3c00000, 0x00000000c0000000)
  object space 61440K, 57% used [0x00000000b0000000,0x00000000b22bafe8,0x00000000b3c00000)
Event: 25,107 GC heap after
Heap after GC invocations=10 (full 1):
 PSYoungGen      total 130560K, used 11757K [0x00000000eaa80000, 0x00000000f7500000, 0x0000000100000000)
  eden space 118784K, 0% used [0x00000000eaa80000,0x00000000eaa80000,0x00000000f1e80000)
  from space 11776K, 99% used [0x00000000f1e80000,0x00000000f29fb598,0x00000000f2a00000)
  to   space 15872K, 0% used [0x00000000f6580000,0x00000000f6580000,0x00000000f7500000)
 ParOldGen       total 36864K, used 24096K [0x00000000c0000000, 0x00000000c2400000, 0x00000000eaa80000)
  object space 36864K, 65% used [0x00000000c0000000,0x00000000c17881b8,0x00000000c2400000)
 PSPermGen       total 61440K, used 35563K [0x00000000b0000000, 0x00000000b3c00000, 0x00000000c0000000)
  object space 61440K, 57% used [0x00000000b0000000,0x00000000b22bafe8,0x00000000b3c00000)
}
Event: 34,685 GC heap before
{Heap before GC invocations=11 (full 1):
 PSYoungGen      total 130560K, used 130541K [0x00000000eaa80000, 0x00000000f7500000, 0x0000000100000000)
  eden space 118784K, 100% used [0x00000000eaa80000,0x00000000f1e80000,0x00000000f1e80000)
  from space 11776K, 99% used [0x00000000f1e80000,0x00000000f29fb598,0x00000000f2a00000)
  to   space 15872K, 0% used [0x00000000f6580000,0x00000000f6580000,0x00000000f7500000)
 ParOldGen       total 36864K, used 24096K [0x00000000c0000000, 0x00000000c2400000, 0x00000000eaa80000)
  object space 36864K, 65% used [0x00000000c0000000,0x00000000c17881b8,0x00000000c2400000)
 PSPermGen       total 61440K, used 40179K [0x00000000b0000000, 0x00000000b3c00000, 0x00000000c0000000)
  object space 61440K, 65% used [0x00000000b0000000,0x00000000b273ce40,0x00000000b3c00000)
Event: 34,762 GC heap after
Heap after GC invocations=11 (full 1):
 PSYoungGen      total 184832K, used 15865K [0x00000000eaa80000, 0x00000000f7f00000, 0x0000000100000000)
  eden space 168960K, 0% used [0x00000000eaa80000,0x00000000eaa80000,0x00000000f4f80000)
  from space 15872K, 99% used [0x00000000f6580000,0x00000000f74fe588,0x00000000f7500000)
  to   space 22528K, 0% used [0x00000000f4f80000,0x00000000f4f80000,0x00000000f6580000)
 ParOldGen       total 36864K, used 34204K [0x00000000c0000000, 0x00000000c2400000, 0x00000000eaa80000)
  object space 36864K, 92% used [0x00000000c0000000,0x00000000c21670f0,0x00000000c2400000)
 PSPermGen       total 61440K, used 40179K [0x00000000b0000000, 0x00000000b3c00000, 0x00000000c0000000)
  object space 61440K, 65% used [0x00000000b0000000,0x00000000b273ce40,0x00000000b3c00000)
}
Event: 34,762 GC heap before
{Heap before GC invocations=12 (full 2):
 PSYoungGen      total 184832K, used 15865K [0x00000000eaa80000, 0x00000000f7f00000, 0x0000000100000000)
  eden space 168960K, 0% used [0x00000000eaa80000,0x00000000eaa80000,0x00000000f4f80000)
  from space 15872K, 99% used [0x00000000f6580000,0x00000000f74fe588,0x00000000f7500000)
  to   space 22528K, 0% used [0x00000000f4f80000,0x00000000f4f80000,0x00000000f6580000)
 ParOldGen       total 36864K, used 34204K [0x00000000c0000000, 0x00000000c2400000, 0x00000000eaa80000)
  object space 36864K, 92% used [0x00000000c0000000,0x00000000c21670f0,0x00000000c2400000)
 PSPermGen       total 61440K, used 40179K [0x00000000b0000000, 0x00000000b3c00000, 0x00000000c0000000)
  object space 61440K, 65% used [0x00000000b0000000,0x00000000b273ce40,0x00000000b3c00000)
Event: 35,300 GC heap after
Heap after GC invocations=12 (full 2):
 PSYoungGen      total 184832K, used 3058K [0x00000000eaa80000, 0x00000000f7f00000, 0x0000000100000000)
  eden space 168960K, 0% used [0x00000000eaa80000,0x00000000eaa80000,0x00000000f4f80000)
  from space 15872K, 19% used [0x00000000f6580000,0x00000000f687c990,0x00000000f7500000)
  to   space 22528K, 0% used [0x00000000f4f80000,0x00000000f4f80000,0x00000000f6580000)
 ParOldGen       total 60928K, used 36499K [0x00000000c0000000, 0x00000000c3b80000, 0x00000000eaa80000)
  object space 60928K, 59% used [0x00000000c0000000,0x00000000c23a4cb0,0x00000000c3b80000)
 PSPermGen       total 76288K, used 40170K [0x00000000b0000000, 0x00000000b4a80000, 0x00000000c0000000)
  object space 76288K, 52% used [0x00000000b0000000,0x00000000b273aae8,0x00000000b4a80000)
}
Event: 68,978 GC heap before
{Heap before GC invocations=13 (full 2):
 PSYoungGen      total 184832K, used 172018K [0x00000000eaa80000, 0x00000000f7f00000, 0x0000000100000000)
  eden space 168960K, 100% used [0x00000000eaa80000,0x00000000f4f80000,0x00000000f4f80000)
  from space 15872K, 19% used [0x00000000f6580000,0x00000000f687c990,0x00000000f7500000)
  to   space 22528K, 0% used [0x00000000f4f80000,0x00000000f4f80000,0x00000000f6580000)
 ParOldGen       total 60928K, used 36499K [0x00000000c0000000, 0x00000000c3b80000, 0x00000000eaa80000)
  object space 60928K, 59% used [0x00000000c0000000,0x00000000c23a4cb0,0x00000000c3b80000)
 PSPermGen       total 76288K, used 47627K [0x00000000b0000000, 0x00000000b4a80000, 0x00000000c0000000)
  object space 76288K, 62% used [0x00000000b0000000,0x00000000b2e82e98,0x00000000b4a80000)

Deoptimization events (10 events):
Event: 59,092 Thread 0x00007f5f4c00b000 Uncommon trap: reason=class_check action=maybe_recompile pc=0x00007f5f80596d2c method=java.util.zip.InflaterInputStream.read([BII)I @ 100
Event: 59,495 Thread 0x00007f5f4c00b000 Uncommon trap: reason=unstable_if action=reinterpret pc=0x00007f5f8044357c method=com.sun.org.apache.xerces.internal.impl.XMLEntityScanner.scanQName(Lcom/sun/org/apache/xerces/internal/xni/QName;)Z @ 261
Event: 59,761 Thread 0x00007f5f4c00b000 Uncommon trap: reason=unstable_if action=reinterpret pc=0x00007f5f806cb70c method=java.io.BufferedOutputStream.write([BII)V @ 35
Event: 62,681 Thread 0x0000000002961800 Uncommon trap: reason=unstable_if action=reinterpret pc=0x00007f5f80584970 method=java.lang.ThreadLocal.get()Ljava/lang/Object; @ 11
Event: 62,682 Thread 0x0000000002961800 Uncommon trap: reason=unstable_if action=reinterpret pc=0x00007f5f806bd274 method=java.util.concurrent.locks.AbstractQueuedSynchronizer.release(I)Z @ 14
Event: 62,683 Thread 0x00007f5f4c00b000 Uncommon trap: reason=unstable_if action=reinterpret pc=0x00007f5f805ab304 method=java.util.concurrent.locks.AbstractQueuedSynchronizer.release(I)Z @ 14
Event: 62,687 Thread 0x0000000002955000 Uncommon trap: reason=unstable_if action=reinterpret pc=0x00007f5f806bcd94 method=java.lang.ThreadLocal.get()Ljava/lang/Object; @ 11
Event: 63,471 Thread 0x00007f5f4c00b000 Uncommon trap: reason=unstable_if action=reinterpret pc=0x00007f5f80428cb4 method=sun.nio.cs.UTF_8$Encoder.encodeArrayLoop(Ljava/nio/CharBuffer;Ljava/nio/ByteBuffer;)Ljava/nio/charset/CoderResult; @ 113
Event: 67,590 Thread 0x00007f5f4c00b000 Uncommon trap: reason=unstable_if action=reinterpret pc=0x00007f5f8069a698 method=java.util.regex.Pattern$Curly.match0(Ljava/util/regex/Matcher;IILjava/lang/CharSequence;)Z @ 5
Event: 67,599 Thread 0x00007f5f4c00b000 Uncommon trap: reason=unstable_if action=reinterpret pc=0x00007f5f807b2d50 method=java.lang.Class.getEnumConstantsShared()[Ljava/lang/Object; @ 4

Internal exceptions (10 events):
Event: 67,643 Thread 0x00007f5f4c00b000 Threw 0x00000000f4b47dd0 at /build/openjdk-7-slE2TM/openjdk-7-7u91-2.6.3/build/openjdk/hotspot/src/share/vm/prims/jvm.cpp:1322
Event: 67,643 Thread 0x00007f5f4c00b000 Threw 0x00000000f4b4efc8 at /build/openjdk-7-slE2TM/openjdk-7-7u91-2.6.3/build/openjdk/hotspot/src/share/vm/prims/jvm.cpp:1322
Event: 67,644 Thread 0x00007f5f4c00b000 Threw 0x00000000f4b58648 at /build/openjdk-7-slE2TM/openjdk-7-7u91-2.6.3/build/openjdk/hotspot/src/share/vm/prims/jvm.cpp:1322
Event: 67,645 Thread 0x00007f5f4c00b000 Threw 0x00000000f4b5e828 at /build/openjdk-7-slE2TM/openjdk-7-7u91-2.6.3/build/openjdk/hotspot/src/share/vm/prims/jvm.cpp:1322
Event: 67,646 Thread 0x00007f5f4c00b000 Threw 0x00000000f4b66488 at /build/openjdk-7-slE2TM/openjdk-7-7u91-2.6.3/build/openjdk/hotspot/src/share/vm/prims/jvm.cpp:1322
Event: 67,646 Thread 0x00007f5f4c00b000 Threw 0x00000000f4b6cbb0 at /build/openjdk-7-slE2TM/openjdk-7-7u91-2.6.3/build/openjdk/hotspot/src/share/vm/prims/jvm.cpp:1322
Event: 67,652 Thread 0x00007f5f4c00b000 Threw 0x00000000f4b882f0 at /build/openjdk-7-slE2TM/openjdk-7-7u91-2.6.3/build/openjdk/hotspot/src/share/vm/prims/jvm.cpp:1322
Event: 67,668 Thread 0x00007f5f4c00b000 Threw 0x00000000f4bb2620 at /build/openjdk-7-slE2TM/openjdk-7-7u91-2.6.3/build/openjdk/hotspot/src/share/vm/prims/jvm.cpp:1322
Event: 67,678 Thread 0x00007f5f4c00b000 Threw 0x00000000f4bb89f0 at /build/openjdk-7-slE2TM/openjdk-7-7u91-2.6.3/build/openjdk/hotspot/src/share/vm/prims/jvm.cpp:1322
Event: 67,765 Thread 0x00007f5f4c00b000 Threw 0x00000000f4bc85f8 at /build/openjdk-7-slE2TM/openjdk-7-7u91-2.6.3/build/openjdk/hotspot/src/share/vm/prims/jvm.cpp:1322

Events (10 events):
Event: 68,067 loading class 0x00007f5f5c7cd310 done
Event: 68,067 loading class 0x00007f5f5c3f5dd0 done
Event: 68,068 loading class 0x00007f5f5c1cecb0
Event: 68,069 loading class 0x00007f5f5c1cecb0 done
Event: 68,082 Thread 0x00007f5f54001800 Thread added: 0x00007f5f54001800
Event: 68,082 Thread 0x00007f5f54004000 Thread added: 0x00007f5f54004000
Event: 68,082 Thread 0x00007f5f48041800 Thread added: 0x00007f5f48041800
Event: 68,790 Thread 0x00007f5f48043000 Thread added: 0x00007f5f48043000
Event: 68,791 Thread 0x00007f5f48045000 Thread added: 0x00007f5f48045000
Event: 68,884 Executing VM operation: ParallelGCFailedAllocation


Dynamic libraries:
00400000-00401000 r-xp 00000000 08:04 2240065                            /usr/lib/jvm/java-7-openjdk-amd64/jre/bin/java
00600000-00601000 r--p 00000000 08:04 2240065                            /usr/lib/jvm/java-7-openjdk-amd64/jre/bin/java
00601000-00602000 rw-p 00001000 08:04 2240065                            /usr/lib/jvm/java-7-openjdk-amd64/jre/bin/java
01d52000-02ae4000 rw-p 00000000 00:00 0                                  [heap]
b0000000-b4a80000 rw-p 00000000 00:00 0 
b4a80000-c0000000 rw-p 00000000 00:00 0 
c0000000-c3b80000 rw-p 00000000 00:00 0 
c3b80000-eaa80000 rw-p 00000000 00:00 0 
eaa80000-f7f00000 rw-p 00000000 00:00 0 
fc000000-100000000 rw-p 00000000 00:00 0 
7f5f3ee61000-7f5f3ee64000 ---p 00000000 00:00 0 
7f5f3ee64000-7f5f3ef62000 rw-p 00000000 00:00 0                          [stack:3629]
7f5f3ef62000-7f5f3ef65000 ---p 00000000 00:00 0 
7f5f3ef65000-7f5f3f063000 rw-p 00000000 00:00 0                          [stack:3628]
7f5f3f063000-7f5f3f066000 ---p 00000000 00:00 0 
7f5f3f066000-7f5f3f164000 rw-p 00000000 00:00 0                          [stack:3625]
7f5f3f164000-7f5f3f167000 ---p 00000000 00:00 0 
7f5f3f167000-7f5f3f265000 rw-p 00000000 00:00 0                          [stack:3624]
7f5f3f265000-7f5f3f268000 ---p 00000000 00:00 0 
7f5f3f268000-7f5f3f366000 rw-p 00000000 00:00 0                          [stack:3618]
7f5f3f366000-7f5f3f369000 ---p 00000000 00:00 0 
7f5f3f369000-7f5f3f467000 rw-p 00000000 00:00 0                          [stack:3619]
7f5f3f467000-7f5f3f46c000 r-xp 00000000 08:04 529110                     /lib/x86_64-linux-gnu/libnss_dns-2.21.so
7f5f3f46c000-7f5f3f66b000 ---p 00005000 08:04 529110                     /lib/x86_64-linux-gnu/libnss_dns-2.21.so
7f5f3f66b000-7f5f3f66c000 r--p 00004000 08:04 529110                     /lib/x86_64-linux-gnu/libnss_dns-2.21.so
7f5f3f66c000-7f5f3f66d000 rw-p 00005000 08:04 529110                     /lib/x86_64-linux-gnu/libnss_dns-2.21.so
7f5f3f66d000-7f5f3f66f000 r-xp 00000000 08:04 529118                     /lib/x86_64-linux-gnu/libnss_mdns4_minimal.so.2
7f5f3f66f000-7f5f3f86e000 ---p 00002000 08:04 529118                     /lib/x86_64-linux-gnu/libnss_mdns4_minimal.so.2
7f5f3f86e000-7f5f3f86f000 r--p 00001000 08:04 529118                     /lib/x86_64-linux-gnu/libnss_mdns4_minimal.so.2
7f5f3f86f000-7f5f3f870000 rw-p 00002000 08:04 529118                     /lib/x86_64-linux-gnu/libnss_mdns4_minimal.so.2
7f5f3f870000-7f5f3f8ea000 r-xp 00000000 08:04 2490619                    /usr/lib/x86_64-linux-gnu/nss/libfreebl3.so
7f5f3f8ea000-7f5f3fae9000 ---p 0007a000 08:04 2490619                    /usr/lib/x86_64-linux-gnu/nss/libfreebl3.so
7f5f3fae9000-7f5f3faeb000 r--p 00079000 08:04 2490619                    /usr/lib/x86_64-linux-gnu/nss/libfreebl3.so
7f5f3faeb000-7f5f3faec000 rw-p 0007b000 08:04 2490619                    /usr/lib/x86_64-linux-gnu/nss/libfreebl3.so
7f5f3faec000-7f5f3faf0000 rw-p 00000000 00:00 0 
7f5f3faf0000-7f5f3fbb8000 r-xp 00000000 08:04 2108600                    /usr/lib/x86_64-linux-gnu/libsqlite3.so.0.8.6
7f5f3fbb8000-7f5f3fdb8000 ---p 000c8000 08:04 2108600                    /usr/lib/x86_64-linux-gnu/libsqlite3.so.0.8.6
7f5f3fdb8000-7f5f3fdba000 r--p 000c8000 08:04 2108600                    /usr/lib/x86_64-linux-gnu/libsqlite3.so.0.8.6
7f5f3fdba000-7f5f3fdbc000 rw-p 000ca000 08:04 2108600                    /usr/lib/x86_64-linux-gnu/libsqlite3.so.0.8.6
7f5f3fdbc000-7f5f3fdbd000 rw-p 00000000 00:00 0 
7f5f3fdbd000-7f5f3fdfe000 r-xp 00000000 08:04 2490629                    /usr/lib/x86_64-linux-gnu/nss/libsoftokn3.so
7f5f3fdfe000-7f5f3fffe000 ---p 00041000 08:04 2490629                    /usr/lib/x86_64-linux-gnu/nss/libsoftokn3.so
7f5f3fffe000-7f5f3ffff000 r--p 00041000 08:04 2490629                    /usr/lib/x86_64-linux-gnu/nss/libsoftokn3.so
7f5f3ffff000-7f5f40000000 rw-p 00042000 08:04 2490629                    /usr/lib/x86_64-linux-gnu/nss/libsoftokn3.so
7f5f40000000-7f5f40021000 rw-p 00000000 00:00 0 
7f5f40021000-7f5f44000000 ---p 00000000 00:00 0 
7f5f44000000-7f5f44021000 rw-p 00000000 00:00 0 
7f5f44021000-7f5f48000000 ---p 00000000 00:00 0 
7f5f48000000-7f5f4804a000 rw-p 00000000 00:00 0 
7f5f4804a000-7f5f4c000000 ---p 00000000 00:00 0 
7f5f4c000000-7f5f4c021000 rw-p 00000000 00:00 0 
7f5f4c021000-7f5f50000000 ---p 00000000 00:00 0 
7f5f50000000-7f5f50021000 rw-p 00000000 00:00 0 
7f5f50021000-7f5f54000000 ---p 00000000 00:00 0 
7f5f54000000-7f5f54021000 rw-p 00000000 00:00 0 
7f5f54021000-7f5f58000000 ---p 00000000 00:00 0 
7f5f58000000-7f5f59695000 rw-p 00000000 00:00 0 
7f5f59695000-7f5f5c000000 ---p 00000000 00:00 0 
7f5f5c000000-7f5f5d8e1000 rw-p 00000000 00:00 0 
7f5f5d8e1000-7f5f60000000 ---p 00000000 00:00 0 
7f5f60000000-7f5f60021000 rw-p 00000000 00:00 0 
7f5f60021000-7f5f64000000 ---p 00000000 00:00 0 
7f5f640a0000-7f5f640a1000 rw-p 00000000 00:00 0 
7f5f640a1000-7f5f640a4000 ---p 00000000 00:00 0 
7f5f640a4000-7f5f640da000 rw-p 00000000 00:00 0                          [stack:3626]
7f5f640da000-7f5f640dc000 r--s 00004000 08:04 924768                     /home/emil/.gradle/caches/modules-2/files-2.1/org.ow2.asm/asm-tree/4.0/67bd266cd17adcee486b76952ece4cc85fe248b8/asm-tree-4.0.jar
7f5f640dc000-7f5f640e5000 r--s 000a7000 08:04 924767                     /home/emil/.gradle/caches/modules-2/files-2.1/com.android.tools.external.lombok/lombok-ast/0.2.2/57e560b535ceaa14fb6f15422d74594acd6c5b64/lombok-ast-0.2.2.jar
7f5f640e5000-7f5f640e7000 r--s 0000a000 08:04 924766                     /home/emil/.gradle/caches/modules-2/files-2.1/org.ow2.asm/asm/4.0/659add6efc75a4715d738e73f07505246edf4d66/asm-4.0.jar
7f5f640e7000-7f5f640e9000 r--s 0000d000 08:04 924765                     /home/emil/.gradle/caches/modules-2/files-2.1/commons-codec/commons-codec/1.4/4216af16d38465bbab0f3dff8efa14204f7a399a/commons-codec-1.4.jar
7f5f640e9000-7f5f640eb000 r--s 0000d000 08:04 924764                     /home/emil/.gradle/caches/modules-2/files-2.1/commons-logging/commons-logging/1.1.1/5043bfebc3db072ed80fbd362e7caf00e885d8ae/commons-logging-1.1.1.jar
7f5f640eb000-7f5f640f0000 r--s 00028000 08:04 924763                     /home/emil/.gradle/caches/modules-2/files-2.1/org.apache.httpcomponents/httpcore/4.1/33fc26c02f8043ab0ede19eadc8c9885386b255c/httpcore-4.1.jar
7f5f640f0000-7f5f640f1000 r--s 00004000 08:04 924762                     /home/emil/.gradle/caches/modules-2/files-2.1/org.ow2.asm/asm-analysis/4.0/1c45d52b6f6c638db13cf3ac12adeb56b254cdd7/asm-analysis-4.0.jar
7f5f640f1000-7f5f640f4000 r--s 00029000 08:04 924761                     /home/emil/.gradle/caches/modules-2/files-2.1/com.android.tools.lint/lint-api/24.0.0/f7b3b232bc6a2a48a48dd3aedb80113c82d6acba/lint-api-24.0.0.jar
7f5f640f4000-7f5f640fb000 r--s 00053000 08:04 924760                     /home/emil/.gradle/caches/modules-2/files-2.1/org.apache.commons/commons-compress/1.8.1/a698750c16740fd5b3871425f4cb3bbaa87f529d/commons-compress-1.8.1.jar
7f5f640fb000-7f5f640fc000 r--s 00005000 08:04 924759                     /home/emil/.gradle/caches/modules-2/files-2.1/com.android.tools/dvlib/24.0.0/ae24752eb30a9154f5a3d822b64d28d709b9c30b/dvlib-24.0.0.jar
7f5f640fc000-7f5f640fe000 r--s 00005000 08:04 924758                     /home/emil/.gradle/caches/modules-2/files-2.1/org.apache.httpcomponents/httpmime/4.1/9ba2dcdf94ce35c8a8e9bff242db0618ca932e92/httpmime-4.1.jar
7f5f640fe000-7f5f64106000 r--s 0004e000 08:04 924757                     /home/emil/.gradle/caches/modules-2/files-2.1/org.apache.httpcomponents/httpclient/4.1.1/3d1d918f32709e33ba7ddb2c4e8d1c543ebe713e/httpclient-4.1.1.jar
7f5f64106000-7f5f64109000 r--s 00011000 08:04 924756                     /home/emil/.gradle/caches/modules-2/files-2.1/com.android.tools.layoutlib/layoutlib-api/24.0.0/a43d5bf045da108875a860767c453078b0d77795/layoutlib-api-24.0.0.jar
7f5f64109000-7f5f6410a000 r--s 0000a000 08:04 924755                     /home/emil/.gradle/caches/modules-2/files-2.1/net.sf.kxml/kxml2/2.3.0/ccbc77a5fd907ef863c29f3596c6f54ffa4e9442/kxml2-2.3.0.jar
7f5f6410a000-7f5f64135000 r--s 001f9000 08:04 924754                     /home/emil/.gradle/caches/modules-2/files-2.1/com.google.guava/guava/17.0/9c6ef172e8de35fd8d4d8783e4821e57cdef7445/guava-17.0.jar
7f5f64135000-7f5f64145000 r--s 000d3000 08:04 924753                     /home/emil/.gradle/caches/modules-2/files-2.1/net.sf.proguard/proguard-base/5.1/dc606dd778fe4685be16d5a171782ccfe0ef5637/proguard-base-5.1.jar
7f5f64145000-7f5f64154000 r--s 001a9000 08:04 924752                     /home/emil/.gradle/caches/modules-2/files-2.1/org.eclipse.jdt.core.compiler/ecj/4.2.2/d9fd79499c664bccaf24dbe04be417de6c6af64a/ecj-4.2.2.jar
7f5f64154000-7f5f64159000 r--s 0008c000 08:04 924751                     /home/emil/.gradle/caches/modules-2/files-2.1/com.android.tools.lint/lint-checks/24.0.0/9cb8d9c675a7716ac6f4d20df0ef0aba0e4519f5/lint-checks-24.0.0.jar
7f5f64159000-7f5f64167000 r--s 00081000 08:04 924749                     /home/emil/.gradle/caches/modules-2/files-2.1/org.bouncycastle/bcpkix-jdk15on/1.48/28b7614b908a47844bb27e3c94b45b6893656265/bcpkix-jdk15on-1.48.jar
7f5f64167000-7f5f64171000 r--s 000a8000 08:04 924747                     /home/emil/.gradle/caches/modules-2/files-2.1/com.android.tools/sdklib/24.0.0/df228874ac1c933b64492bdbe2d9bab5ab434166/sdklib-24.0.0.jar
7f5f64171000-7f5f64173000 r--s 00003000 08:04 924745                     /home/emil/.gradle/caches/modules-2/files-2.1/com.android.tools.build/builder-model/1.0.0/2a3969a9082b47a4855395de918682eee946285a/builder-model-1.0.0.jar
7f5f64173000-7f5f64176000 r--s 00029000 08:04 924744                     /home/emil/.gradle/caches/modules-2/files-2.1/com.android.tools.build/manifest-merger/24.0.0/d0193672ed299817e4be2ba1caeeda4924b0e447/manifest-merger-24.0.0.jar
7f5f64176000-7f5f6417b000 r--s 00042000 08:04 924743                     /home/emil/.gradle/caches/modules-2/files-2.1/com.android.tools.ddms/ddmlib/24.0.0/25b4cd0c917c47ce599008f4431ecffa0a57b51a/ddmlib-24.0.0.jar
7f5f6417b000-7f5f6417d000 r--s 00014000 08:04 924741                     /home/emil/.gradle/caches/modules-2/files-2.1/com.android.tools/common/24.0.0/271771234c82097345fb73c9571c403e22f62faf/common-24.0.0.jar
7f5f6417d000-7f5f641b0000 r--s 00203000 08:04 924739                     /home/emil/.gradle/caches/modules-2/files-2.1/org.bouncycastle/bcprov-jdk15on/1.48/960dea7c9181ba0b17e8bab0c06a43f0a5f04e65/bcprov-jdk15on-1.48.jar
7f5f641b0000-7f5f641c0000 r--s 00138000 08:04 924734                     /home/emil/.gradle/caches/modules-2/files-2.1/com.android.tools.build/gradle/1.0.0/79f4ed9b6582ecec4d7b35aecfa45fbc48dadb96/gradle-1.0.0.jar
7f5f641c0000-7f5f641fa000 r-xp 00000000 08:04 2101989                    /usr/lib/x86_64-linux-gnu/libnspr4.so
7f5f641fa000-7f5f643fa000 ---p 0003a000 08:04 2101989                    /usr/lib/x86_64-linux-gnu/libnspr4.so
7f5f643fa000-7f5f643fb000 r--p 0003a000 08:04 2101989                    /usr/lib/x86_64-linux-gnu/libnspr4.so
7f5f643fb000-7f5f643fc000 rw-p 0003b000 08:04 2101989                    /usr/lib/x86_64-linux-gnu/libnspr4.so
7f5f643fc000-7f5f643ff000 rw-p 00000000 00:00 0 
7f5f643ff000-7f5f64402000 r-xp 00000000 08:04 2101988                    /usr/lib/x86_64-linux-gnu/libplds4.so
7f5f64402000-7f5f64601000 ---p 00003000 08:04 2101988                    /usr/lib/x86_64-linux-gnu/libplds4.so
7f5f64601000-7f5f64602000 r--p 00002000 08:04 2101988                    /usr/lib/x86_64-linux-gnu/libplds4.so
7f5f64602000-7f5f64603000 rw-p 00003000 08:04 2101988                    /usr/lib/x86_64-linux-gnu/libplds4.so
7f5f64603000-7f5f64607000 r-xp 00000000 08:04 2101990                    /usr/lib/x86_64-linux-gnu/libplc4.so
7f5f64607000-7f5f64806000 ---p 00004000 08:04 2101990                    /usr/lib/x86_64-linux-gnu/libplc4.so
7f5f64806000-7f5f64807000 r--p 00003000 08:04 2101990                    /usr/lib/x86_64-linux-gnu/libplc4.so
7f5f64807000-7f5f64808000 rw-p 00004000 08:04 2101990                    /usr/lib/x86_64-linux-gnu/libplc4.so
7f5f64808000-7f5f6482d000 r-xp 00000000 08:04 2101991                    /usr/lib/x86_64-linux-gnu/libnssutil3.so
7f5f6482d000-7f5f64a2d000 ---p 00025000 08:04 2101991                    /usr/lib/x86_64-linux-gnu/libnssutil3.so
7f5f64a2d000-7f5f64a33000 r--p 00025000 08:04 2101991                    /usr/lib/x86_64-linux-gnu/libnssutil3.so
7f5f64a33000-7f5f64a34000 rw-p 0002b000 08:04 2101991                    /usr/lib/x86_64-linux-gnu/libnssutil3.so
7f5f64a34000-7f5f64b70000 r-xp 00000000 08:04 2101993                    /usr/lib/x86_64-linux-gnu/libnss3.so
7f5f64b70000-7f5f64d6f000 ---p 0013c000 08:04 2101993                    /usr/lib/x86_64-linux-gnu/libnss3.so
7f5f64d6f000-7f5f64d74000 r--p 0013b000 08:04 2101993                    /usr/lib/x86_64-linux-gnu/libnss3.so
7f5f64d74000-7f5f64d76000 rw-p 00140000 08:04 2101993                    /usr/lib/x86_64-linux-gnu/libnss3.so
7f5f64d76000-7f5f64d77000 rw-p 00000000 00:00 0 
7f5f64d77000-7f5f64d78000 r--s 00000000 08:04 924742                     /home/emil/.gradle/caches/modules-2/files-2.1/com.android.tools.build/builder-test-api/1.0.0/2d6ea74b74f8d928e468ff623825d22a5d8a1649/builder-test-api-1.0.0.jar
7f5f64d78000-7f5f64d7a000 r--s 00002000 08:04 924740                     /home/emil/.gradle/caches/modules-2/files-2.1/com.squareup/javawriter/2.5.0/81241ff7078ef14f42ea2a8995fa09c096256e6b/javawriter-2.5.0.jar
7f5f64d7a000-7f5f64d7f000 r--s 00047000 08:04 924738                     /home/emil/.gradle/caches/modules-2/files-2.1/com.android.tools/sdk-common/24.0.0/ebb1e063b8c370a88a38bf46036dce3892fe6c01/sdk-common-24.0.0.jar
7f5f64d7f000-7f5f64d80000 r--s 00002000 08:04 924737                     /home/emil/.gradle/caches/modules-2/files-2.1/net.sf.proguard/proguard-gradle/5.1/672d43cbfde4765080e5bea19c51a2cc45dfc00/proguard-gradle-5.1.jar
7f5f64d80000-7f5f64d82000 r--s 00018000 08:04 924736                     /home/emil/.gradle/caches/modules-2/files-2.1/com.android.tools.lint/lint/24.0.0/e3d6e09a113af66fd2e5dc6e4d2321d7b0d82328/lint-24.0.0.jar
7f5f64d82000-7f5f64d86000 r--s 00031000 08:04 924735                     /home/emil/.gradle/caches/modules-2/files-2.1/com.android.tools.build/builder/1.0.0/528fdfb8a4d51ae4177e7d913e88767916a84758/builder-1.0.0.jar
7f5f64d86000-7f5f64d90000 r--s 000ae000 08:04 2240149                    /usr/lib/jvm/java-7-openjdk-amd64/jre/lib/resources.jar
7f5f64d90000-7f5f64da0000 r-xp 00000000 08:04 2240129                    /usr/lib/jvm/java-7-openjdk-amd64/jre/lib/amd64/libj2pkcs11.so
7f5f64da0000-7f5f64fa0000 ---p 00010000 08:04 2240129                    /usr/lib/jvm/java-7-openjdk-amd64/jre/lib/amd64/libj2pkcs11.so
7f5f64fa0000-7f5f64fa1000 r--p 00010000 08:04 2240129                    /usr/lib/jvm/java-7-openjdk-amd64/jre/lib/amd64/libj2pkcs11.so
7f5f64fa1000-7f5f64fa2000 rw-p 00011000 08:04 2240129                    /usr/lib/jvm/java-7-openjdk-amd64/jre/lib/amd64/libj2pkcs11.so
7f5f64fa2000-7f5f64fa5000 r--s 00017000 08:04 2240077                    /usr/lib/jvm/java-7-openjdk-amd64/jre/lib/jce.jar
7f5f64fa5000-7f5f64fa8000 ---p 00000000 00:00 0 
7f5f64fa8000-7f5f650a6000 rw-p 00000000 00:00 0                          [stack:3605]
7f5f650a6000-7f5f650a9000 ---p 00000000 00:00 0 
7f5f650a9000-7f5f650df000 rw-p 00000000 00:00 0                          [stack:3604]
7f5f650df000-7f5f650e0000 r--p 00000000 00:00 0 
7f5f650e0000-7f5f6514b000 r--s 0069d000 08:04 2240313                    /usr/lib/jvm/java-7-openjdk-amd64/lib/tools.jar
7f5f6514b000-7f5f6514e000 ---p 00000000 00:00 0 
7f5f6514e000-7f5f6524c000 rw-p 00000000 00:00 0                          [stack:3600]
7f5f6524c000-7f5f65253000 r--s 00000000 08:04 2491682                    /usr/lib/x86_64-linux-gnu/gconv/gconv-modules.cache
7f5f65253000-7f5f65256000 ---p 00000000 00:00 0 
7f5f65256000-7f5f65354000 rw-p 00000000 00:00 0                          [stack:3597]
7f5f65354000-7f5f65357000 ---p 00000000 00:00 0 
7f5f65357000-7f5f65455000 rw-p 00000000 00:00 0                          [stack:3596]
7f5f65455000-7f5f65458000 ---p 00000000 00:00 0 
7f5f65458000-7f5f65556000 rw-p 00000000 00:00 0                          [stack:3595]
7f5f65556000-7f5f65559000 ---p 00000000 00:00 0 
7f5f65559000-7f5f65657000 rw-p 00000000 00:00 0                          [stack:3594]
7f5f65657000-7f5f6565a000 ---p 00000000 00:00 0 
7f5f6565a000-7f5f65758000 rw-p 00000000 00:00 0                          [stack:3593]
7f5f65758000-7f5f6575c000 r-xp 00000000 08:04 926066                     /tmp/native-platform2362995509242714367dir/libnative-platform.so
7f5f6575c000-7f5f6595b000 ---p 00004000 08:04 926066                     /tmp/native-platform2362995509242714367dir/libnative-platform.so
7f5f6595b000-7f5f6595c000 rw-p 00003000 08:04 926066                     /tmp/native-platform2362995509242714367dir/libnative-platform.so
7f5f6595c000-7f5f65961000 r--s 0004e000 08:04 2240141                    /usr/lib/jvm/java-7-openjdk-amd64/jre/lib/jsse.jar
7f5f65961000-7f5f65962000 r--s 00001000 08:04 272917                     /home/emil/.gradle/wrapper/dists/gradle-2.2.1-all/2m8005s69iu8v0oiejfej094b/gradle-2.2.1/lib/plugins/gradle-plugin-development-2.2.1.jar
7f5f65962000-7f5f65964000 r--s 00002000 08:04 272916                     /home/emil/.gradle/wrapper/dists/gradle-2.2.1-all/2m8005s69iu8v0oiejfej094b/gradle-2.2.1/lib/plugins/gradle-cunit-2.2.1.jar
7f5f65964000-7f5f65969000 r--s 00036000 08:04 272915                     /home/emil/.gradle/wrapper/dists/gradle-2.2.1-all/2m8005s69iu8v0oiejfej094b/gradle-2.2.1/lib/plugins/gradle-ide-native-2.2.1.jar
7f5f65969000-7f5f6596c000 r--s 00018000 08:04 272897                     /home/emil/.gradle/wrapper/dists/gradle-2.2.1-all/2m8005s69iu8v0oiejfej094b/gradle-2.2.1/lib/plugins/gradle-sonar-2.2.1.jar
7f5f6596c000-7f5f65971000 r--s 00013000 08:04 272914                     /home/emil/.gradle/wrapper/dists/gradle-2.2.1-all/2m8005s69iu8v0oiejfej094b/gradle-2.2.1/lib/plugins/gradle-language-native-2.2.1.jar
7f5f65971000-7f5f6597c000 r--s 0004d000 08:04 272913                     /home/emil/.gradle/wrapper/dists/gradle-2.2.1-all/2m8005s69iu8v0oiejfej094b/gradle-2.2.1/lib/plugins/gradle-platform-native-2.2.1.jar
7f5f6597c000-7f5f6597e000 r--s 00008000 08:04 272912                     /home/emil/.gradle/wrapper/dists/gradle-2.2.1-all/2m8005s69iu8v0oiejfej094b/gradle-2.2.1/lib/plugins/gradle-language-groovy-2.2.1.jar
7f5f6597e000-7f5f65983000 r--s 00022000 08:04 272911                     /home/emil/.gradle/wrapper/dists/gradle-2.2.1-all/2m8005s69iu8v0oiejfej094b/gradle-2.2.1/lib/plugins/gradle-language-java-2.2.1.jar
7f5f65983000-7f5f65986000 r--s 00007000 08:04 272910                     /home/emil/.gradle/wrapper/dists/gradle-2.2.1-all/2m8005s69iu8v0oiejfej094b/gradle-2.2.1/lib/plugins/gradle-language-jvm-2.2.1.jar
7f5f65986000-7f5f65989000 r--s 00009000 08:04 272909                     /home/emil/.gradle/wrapper/dists/gradle-2.2.1-all/2m8005s69iu8v0oiejfej094b/gradle-2.2.1/lib/plugins/gradle-platform-jvm-2.2.1.jar
7f5f65989000-7f5f6598e000 r--s 00018000 08:04 272908                     /home/emil/.gradle/wrapper/dists/gradle-2.2.1-all/2m8005s69iu8v0oiejfej094b/gradle-2.2.1/lib/plugins/gradle-platform-base-2.2.1.jar
7f5f6598e000-7f5f65993000 r--s 00026000 08:04 272907                     /home/emil/.gradle/wrapper/dists/gradle-2.2.1-all/2m8005s69iu8v0oiejfej094b/gradle-2.2.1/lib/plugins/gradle-build-init-2.2.1.jar
7f5f65993000-7f5f65996000 r--s 0001d000 08:04 272906                     /home/emil/.gradle/wrapper/dists/gradle-2.2.1-all/2m8005s69iu8v0oiejfej094b/gradle-2.2.1/lib/plugins/gradle-jacoco-2.2.1.jar
7f5f65996000-7f5f65999000 r--s 0000d000 08:04 272905                     /home/emil/.gradle/wrapper/dists/gradle-2.2.1-all/2m8005s69iu8v0oiejfej094b/gradle-2.2.1/lib/plugins/gradle-ivy-2.2.1.jar
7f5f65999000-7f5f6599b000 r--s 00002000 08:04 272904                     /home/emil/.gradle/wrapper/dists/gradle-2.2.1-all/2m8005s69iu8v0oiejfej094b/gradle-2.2.1/lib/plugins/gradle-publish-2.2.1.jar
7f5f6599b000-7f5f6599d000 r--s 00005000 08:04 272942                     /home/emil/.gradle/wrapper/dists/gradle-2.2.1-all/2m8005s69iu8v0oiejfej094b/gradle-2.2.1/lib/plugins/jatl-0.2.2.jar
7f5f6599d000-7f5f6599f000 r--s 0000f000 08:04 272903                     /home/emil/.gradle/wrapper/dists/gradle-2.2.1-all/2m8005s69iu8v0oiejfej094b/gradle-2.2.1/lib/plugins/gradle-reporting-2.2.1.jar
7f5f6599f000-7f5f659a4000 r--s 00034000 08:04 272902                     /home/emil/.gradle/wrapper/dists/gradle-2.2.1-all/2m8005s69iu8v0oiejfej094b/gradle-2.2.1/lib/plugins/gradle-diagnostics-2.2.1.jar
7f5f659a4000-7f5f659ab000 r--s 00090000 08:04 272901                     /home/emil/.gradle/wrapper/dists/gradle-2.2.1-all/2m8005s69iu8v0oiejfej094b/gradle-2.2.1/lib/plugins/gradle-build-comparison-2.2.1.jar
7f5f659ab000-7f5f659b2000 r--s 00035000 08:04 272941                     /home/emil/.gradle/wrapper/dists/gradle-2.2.1-all/2m8005s69iu8v0oiejfej094b/gradle-2.2.1/lib/plugins/simple-4.1.21.jar
7f5f659b2000-7f5f659be000 r--s 00100000 08:04 272939                     /home/emil/.gradle/wrapper/dists/gradle-2.2.1-all/2m8005s69iu8v0oiejfej094b/gradle-2.2.1/lib/plugins/rhino-1.7R3.jar
7f5f659be000-7f5f659c3000 r--s 0001f000 08:04 272900                     /home/emil/.gradle/wrapper/dists/gradle-2.2.1-all/2m8005s69iu8v0oiejfej094b/gradle-2.2.1/lib/plugins/gradle-javascript-2.2.1.jar
7f5f659c3000-7f5f659c5000 r--s 0000e000 08:04 272899                     /home/emil/.gradle/wrapper/dists/gradle-2.2.1-all/2m8005s69iu8v0oiejfej094b/gradle-2.2.1/lib/plugins/gradle-ear-2.2.1.jar
7f5f659c5000-7f5f659c9000 r--s 00025000 08:04 272938                     /home/emil/.gradle/wrapper/dists/gradle-2.2.1-all/2m8005s69iu8v0oiejfej094b/gradle-2.2.1/lib/plugins/bcpg-jdk15-1.46.jar
7f5f659c9000-7f5f659cc000 r--s 0001d000 08:04 272898                     /home/emil/.gradle/wrapper/dists/gradle-2.2.1-all/2m8005s69iu8v0oiejfej094b/gradle-2.2.1/lib/plugins/gradle-signing-2.2.1.jar
7f5f659cc000-7f5f659cd000 r--s 00002000 08:04 272937                     /home/emil/.gradle/wrapper/dists/gradle-2.2.1-all/2m8005s69iu8v0oiejfej094b/gradle-2.2.1/lib/plugins/sonar-batch-bootstrapper-2.9.jar
7f5f659cd000-7f5f659d0000 r--s 00017000 08:04 272896                     /home/emil/.gradle/wrapper/dists/gradle-2.2.1-all/2m8005s69iu8v0oiejfej094b/gradle-2.2.1/lib/plugins/gradle-scala-2.2.1.jar
7f5f659d0000-7f5f659d2000 r--s 0000e000 08:04 272895                     /home/emil/.gradle/wrapper/dists/gradle-2.2.1-all/2m8005s69iu8v0oiejfej094b/gradle-2.2.1/lib/plugins/gradle-announce-2.2.1.jar
7f5f659d2000-7f5f659e0000 r--s 000bc000 08:04 272894                     /home/emil/.gradle/wrapper/dists/gradle-2.2.1-all/2m8005s69iu8v0oiejfej094b/gradle-2.2.1/lib/plugins/gradle-ide-2.2.1.jar
7f5f659e0000-7f5f659e2000 r--s 00000000 08:04 272936                     /home/emil/.gradle/wrapper/dists/gradle-2.2.1-all/2m8005s69iu8v0oiejfej094b/gradle-2.2.1/lib/plugins/plexus-component-annotations-1.5.2.jar
7f5f659e2000-7f5f659e5000 r--s 0000c000 08:04 272935                     /home/emil/.gradle/wrapper/dists/gradle-2.2.1-all/2m8005s69iu8v0oiejfej094b/gradle-2.2.1/lib/plugins/pmaven-groovy-0.8-20100325.jar
7f5f659e5000-7f5f659e6000 r--s 00004000 08:04 272934                     /home/emil/.gradle/wrapper/dists/gradle-2.2.1-all/2m8005s69iu8v0oiejfej094b/gradle-2.2.1/lib/plugins/pmaven-common-0.8-20100325.jar
7f5f659e6000-7f5f659ea000 r--s 0001e000 08:04 272893                     /home/emil/.gradle/wrapper/dists/gradle-2.2.1-all/2m8005s69iu8v0oiejfej094b/gradle-2.2.1/lib/plugins/gradle-maven-2.2.1.jar
7f5f659ea000-7f5f65a02000 r--s 0013b000 08:04 272932                     /home/emil/.gradle/wrapper/dists/gradle-2.2.1-all/2m8005s69iu8v0oiejfej094b/gradle-2.2.1/lib/plugins/bndlib-2.1.0.jar
7f5f65a02000-7f5f65a04000 r--s 00004000 08:04 272892                     /home/emil/.gradle/wrapper/dists/gradle-2.2.1-all/2m8005s69iu8v0oiejfej094b/gradle-2.2.1/lib/plugins/gradle-osgi-2.2.1.jar
7f5f65a04000-7f5f65a09000 r--s 00068000 08:04 272931                     /home/emil/.gradle/wrapper/dists/gradle-2.2.1-all/2m8005s69iu8v0oiejfej094b/gradle-2.2.1/lib/plugins/antlr-2.7.7.jar
7f5f65a09000-7f5f65a0a000 r--s 00002000 08:04 272930                     /home/emil/.gradle/wrapper/dists/gradle-2.2.1-all/2m8005s69iu8v0oiejfej094b/gradle-2.2.1/lib/plugins/ant-antlr-1.9.3.jar
7f5f65a0a000-7f5f65a0c000 r--s 00004000 08:04 272891                     /home/emil/.gradle/wrapper/dists/gradle-2.2.1-all/2m8005s69iu8v0oiejfej094b/gradle-2.2.1/lib/plugins/gradle-antlr-2.2.1.jar
7f5f65a0c000-7f5f65a0f000 r--s 0001e000 08:04 272953                     /home/emil/.gradle/wrapper/dists/gradle-2.2.1-all/2m8005s69iu8v0oiejfej094b/gradle-2.2.1/lib/plugins/jsp-api-2.1-6.1.14.jar
7f5f65a0f000-7f5f65a32000 r--s 00344000 08:04 272952                     /home/emil/.gradle/wrapper/dists/gradle-2.2.1-all/2m8005s69iu8v0oiejfej094b/gradle-2.2.1/lib/plugins/core-3.1.1.jar
7f5f65a32000-7f5f65a33000 r--s 00006000 08:04 272951                     /home/emil/.gradle/wrapper/dists/gradle-2.2.1-all/2m8005s69iu8v0oiejfej094b/gradle-2.2.1/lib/plugins/jetty-naming-6.1.25.jar
7f5f65a33000-7f5f65a34000 r--s 00002000 08:04 272929                     /home/emil/.gradle/wrapper/dists/gradle-2.2.1-all/2m8005s69iu8v0oiejfej094b/gradle-2.2.1/lib/plugins/geronimo-annotation_1.0_spec-1.0.jar
7f5f65a34000-7f5f65a36000 r--s 00002000 08:04 272928                     /home/emil/.gradle/wrapper/dists/gradle-2.2.1-all/2m8005s69iu8v0oiejfej094b/gradle-2.2.1/lib/plugins/jetty-annotations-6.1.25.jar
7f5f65a36000-7f5f65a47000 r--s 000ea000 08:04 272927                     /home/emil/.gradle/wrapper/dists/gradle-2.2.1-all/2m8005s69iu8v0oiejfej094b/gradle-2.2.1/lib/plugins/jsp-2.1-6.1.14.jar
7f5f65a47000-7f5f65a49000 r--s 0000d000 08:04 272926                     /home/emil/.gradle/wrapper/dists/gradle-2.2.1-all/2m8005s69iu8v0oiejfej094b/gradle-2.2.1/lib/plugins/jetty-plus-6.1.25.jar
7f5f65a49000-7f5f65a4b000 r--s 0001f000 08:04 272925                     /home/emil/.gradle/wrapper/dists/gradle-2.2.1-all/2m8005s69iu8v0oiejfej094b/gradle-2.2.1/lib/plugins/servlet-api-2.5-20081211.jar
7f5f65a4b000-7f5f65a4f000 r--s 00028000 08:04 272924                     /home/emil/.gradle/wrapper/dists/gradle-2.2.1-all/2m8005s69iu8v0oiejfej094b/gradle-2.2.1/lib/plugins/jetty-util-6.1.25.jar
7f5f65a4f000-7f5f65a56000 r--s 0007d000 08:04 272923                     /home/emil/.gradle/wrapper/dists/gradle-2.2.1-all/2m8005s69iu8v0oiejfej094b/gradle-2.2.1/lib/plugins/jetty-6.1.25.jar
7f5f65a56000-7f5f65a58000 r--s 00009000 08:04 272890                     /home/emil/.gradle/wrapper/dists/gradle-2.2.1-all/2m8005s69iu8v0oiejfej094b/gradle-2.2.1/lib/plugins/gradle-jetty-2.2.1.jar
7f5f65a58000-7f5f65a5d000 r--s 00041000 08:04 272889                     /home/emil/.gradle/wrapper/dists/gradle-2.2.1-all/2m8005s69iu8v0oiejfej094b/gradle-2.2.1/lib/plugins/gradle-code-quality-2.2.1.jar
7f5f65a5d000-7f5f65a5f000 r--s 00009000 08:04 272961                     /home/emil/.gradle/wrapper/dists/gradle-2.2.1-all/2m8005s69iu8v0oiejfej094b/gradle-2.2.1/lib/plugins/hamcrest-core-1.3.jar
7f5f65a5f000-7f5f65a65000 r--s 00033000 08:04 272950                     /home/emil/.gradle/wrapper/dists/gradle-2.2.1-all/2m8005s69iu8v0oiejfej094b/gradle-2.2.1/lib/plugins/snakeyaml-1.6.jar
7f5f65a65000-7f5f65a67000 r--s 00006000 08:04 272949                     /home/emil/.gradle/wrapper/dists/gradle-2.2.1-all/2m8005s69iu8v0oiejfej094b/gradle-2.2.1/lib/plugins/jcommander-1.12.jar
7f5f65a67000-7f5f65a6c000 r--s 00040000 08:04 272948                     /home/emil/.gradle/wrapper/dists/gradle-2.2.1-all/2m8005s69iu8v0oiejfej094b/gradle-2.2.1/lib/plugins/bsh-2.0b4.jar
7f5f65a6c000-7f5f65a6e000 r--s 00009000 08:04 272922                     /home/emil/.gradle/wrapper/dists/gradle-2.2.1-all/2m8005s69iu8v0oiejfej094b/gradle-2.2.1/lib/plugins/commons-cli-1.2.jar
7f5f65a6e000-7f5f65a77000 r--s 00089000 08:04 272921                     /home/emil/.gradle/wrapper/dists/gradle-2.2.1-all/2m8005s69iu8v0oiejfej094b/gradle-2.2.1/lib/plugins/testng-6.3.1.jar
7f5f65a77000-7f5f65a7d000 r--s 00036000 08:04 272920                     /home/emil/.gradle/wrapper/dists/gradle-2.2.1-all/2m8005s69iu8v0oiejfej094b/gradle-2.2.1/lib/plugins/junit-4.11.jar
7f5f65a7d000-7f5f65a89000 r--s 00075000 08:04 272888                     /home/emil/.gradle/wrapper/dists/gradle-2.2.1-all/2m8005s69iu8v0oiejfej094b/gradle-2.2.1/lib/plugins/gradle-plugins-2.2.1.jar
7f5f65a89000-7f5f65a8c000 r--s 00011000 08:04 272918                     /home/emil/.gradle/wrapper/dists/gradle-2.2.1-all/2m8005s69iu8v0oiejfej094b/gradle-2.2.1/lib/plugins/gradle-plugin-use-2.2.1.jar
7f5f65a8c000-7f5f65aa4000 r--s 00115000 08:04 272959                     /home/emil/.gradle/wrapper/dists/gradle-2.2.1-all/2m8005s69iu8v0oiejfej094b/gradle-2.2.1/lib/plugins/xercesImpl-2.9.1.jar
7f5f65aa4000-7f5f65aac000 r--s 00028000 08:04 272960                     /home/emil/.gradle/wrapper/dists/gradle-2.2.1-all/2m8005s69iu8v0oiejfej094b/gradle-2.2.1/lib/plugins/xml-apis-1.3.04.jar
7f5f65aac000-7f5f65ab2000 r--s 0005b000 08:04 272958                     /home/emil/.gradle/wrapper/dists/gradle-2.2.1-all/2m8005s69iu8v0oiejfej094b/gradle-2.2.1/lib/plugins/jcifs-1.3.17.jar
7f5f65ab2000-7f5f65ab8000 r--s 00031000 08:04 272957                     /home/emil/.gradle/wrapper/dists/gradle-2.2.1-all/2m8005s69iu8v0oiejfej094b/gradle-2.2.1/lib/plugins/httpcore-4.2.2.jar
7f5f65ab8000-7f5f65abe000 r--s 00033000 08:04 272956                     /home/emil/.gradle/wrapper/dists/gradle-2.2.1-all/2m8005s69iu8v0oiejfej094b/gradle-2.2.1/lib/plugins/commons-codec-1.6.jar
7f5f65abe000-7f5f65ac1000 r--s 0001c000 08:04 272955                     /home/emil/.gradle/wrapper/dists/gradle-2.2.1-all/2m8005s69iu8v0oiejfej094b/gradle-2.2.1/lib/plugins/nekohtml-1.9.14.jar
7f5f65ac1000-7f5f65aca000 r--s 00060000 08:04 272954                     /home/emil/.gradle/wrapper/dists/gradle-2.2.1-all/2m8005s69iu8v0oiejfej094b/gradle-2.2.1/lib/plugins/httpclient-4.2.2.jar
7f5f65aca000-7f5f65acc000 r--s 00007000 08:04 272943                     /home/emil/.gradle/wrapper/dists/gradle-2.2.1-all/2m8005s69iu8v0oiejfej094b/gradle-2.2.1/lib/plugins/gradle-resources-http-2.2.1.jar
7f5f65acc000-7f5f65af4000 r--s 00194000 08:04 272947                     /home/emil/.gradle/wrapper/dists/gradle-2.2.1-all/2m8005s69iu8v0oiejfej094b/gradle-2.2.1/lib/plugins/bcprov-jdk15-1.46.jar
7f5f65af4000-7f5f65af8000 r--s 0001d000 08:04 272946                     /home/emil/.gradle/wrapper/dists/gradle-2.2.1-all/2m8005s69iu8v0oiejfej094b/gradle-2.2.1/lib/plugins/xbean-reflect-3.4.jar
7f5f65af8000-7f5f65afd000 r--s 0002a000 08:04 272940                     /home/emil/.gradle/wrapper/dists/gradle-2.2.1-all/2m8005s69iu8v0oiejfej094b/gradle-2.2.1/lib/plugins/gson-2.2.4.jar
7f5f65afd000-7f5f65b01000 r--s 0003d000 08:04 272945                     /home/emil/.gradle/wrapper/dists/gradle-2.2.1-all/2m8005s69iu8v0oiejfej094b/gradle-2.2.1/lib/plugins/jsch-0.1.51.jar
7f5f65b01000-7f5f65b1a000 r--s 00129000 08:04 272933                     /home/emil/.gradle/wrapper/dists/gradle-2.2.1-all/2m8005s69iu8v0oiejfej094b/gradle-2.2.1/lib/plugins/maven-ant-tasks-2.1.3.jar
7f5f65b1a000-7f5f65b29000 r--s 000d9000 08:04 272944                     /home/emil/.gradle/wrapper/dists/gradle-2.2.1-all/2m8005s69iu8v0oiejfej094b/gradle-2.2.1/lib/plugins/ivy-2.2.0.jar
7f5f65b29000-7f5f65b2d000 r--s 0001e000 08:04 272887                     /home/emil/.gradle/wrapper/dists/gradle-2.2.1-all/2m8005s69iu8v0oiejfej094b/gradle-2.2.1/lib/plugins/jarjar-aether-impl-1.13.1.jar
7f5f65b2d000-7f5f65b30000 r--s 00027000 08:04 272886                     /home/emil/.gradle/wrapper/dists/gradle-2.2.1-all/2m8005s69iu8v0oiejfej094b/gradle-2.2.1/lib/plugins/jarjar-maven-model-3.0.4.jar
7f5f65b30000-7f5f65b33000 r--s 0000b000 08:04 272885                     /home/emil/.gradle/wrapper/dists/gradle-2.2.1-all/2m8005s69iu8v0oiejfej094b/gradle-2.2.1/lib/plugins/jarjar-maven-artifact-3.0.4.jar
7f5f65b33000-7f5f65b37000 r--s 0001e000 08:04 272884                     /home/emil/.gradle/wrapper/dists/gradle-2.2.1-all/2m8005s69iu8v0oiejfej094b/gradle-2.2.1/lib/plugins/jarjar-aether-util-1.13.1.jar
7f5f65b37000-7f5f65b39000 r--s 00007000 08:04 272883                     /home/emil/.gradle/wrapper/dists/gradle-2.2.1-all/2m8005s69iu8v0oiejfej094b/gradle-2.2.1/lib/plugins/jarjar-wagon-http-shared4-2.4.jar
7f5f65b39000-7f5f65b46000 r--s 00083000 08:04 272882                     /home/emil/.gradle/wrapper/dists/gradle-2.2.1-all/2m8005s69iu8v0oiejfej094b/gradle-2.2.1/lib/plugins/jarjar-maven-core-3.0.4.jar
7f5f65b46000-7f5f65b48000 r--s 00003000 08:04 272881                     /home/emil/.gradle/wrapper/dists/gradle-2.2.1-all/2m8005s69iu8v0oiejfej094b/gradle-2.2.1/lib/plugins/jarjar-aether-spi-1.13.1.jar
7f5f65b48000-7f5f65b4a000 r--s 00009000 08:04 272880                     /home/emil/.gradle/wrapper/dists/gradle-2.2.1-all/2m8005s69iu8v0oiejfej094b/gradle-2.2.1/lib/plugins/jarjar-maven-settings-builder-3.0.4.jar
7f5f65b4a000-7f5f65b4e000 r--s 00014000 08:04 272879                     /home/emil/.gradle/wrapper/dists/gradle-2.2.1-all/2m8005s69iu8v0oiejfej094b/gradle-2.2.1/lib/plugins/jarjar-aether-api-1.13.1.jar
7f5f65b4e000-7f5f65b4f000 r--s 00002000 08:04 272878                     /home/emil/.gradle/wrapper/dists/gradle-2.2.1-all/2m8005s69iu8v0oiejfej094b/gradle-2.2.1/lib/plugins/jarjar-wagon-http-2.4.jar
7f5f65b4f000-7f5f65b56000 r--s 00042000 08:04 272877                     /home/emil/.gradle/wrapper/dists/gradle-2.2.1-all/2m8005s69iu8v0oiejfej094b/gradle-2.2.1/lib/plugins/jarjar-maven-compat-3.0.4.jar
7f5f65b56000-7f5f65b58000 r--s 00006000 08:04 272876                     /home/emil/.gradle/wrapper/dists/gradle-2.2.1-all/2m8005s69iu8v0oiejfej094b/gradle-2.2.1/lib/plugins/jarjar-aether-connector-wagon-1.13.1.jar
7f5f65b58000-7f5f65b5a000 r--s 00000000 08:04 272875                     /home/emil/.gradle/wrapper/dists/gradle-2.2.1-all/2m8005s69iu8v0oiejfej094b/gradle-2.2.1/lib/plugins/jarjar-plexus-component-annotations-1.5.5.jar
7f5f65b5a000-7f5f65b5c000 r--s 00006000 08:04 272874                     /home/emil/.gradle/wrapper/dists/gradle-2.2.1-all/2m8005s69iu8v0oiejfej094b/gradle-2.2.1/lib/plugins/jarjar-plexus-sec-dispatcher-1.3.jar
7f5f65b5c000-7f5f65b61000 r--s 00022000 08:04 272873                     /home/emil/.gradle/wrapper/dists/gradle-2.2.1-all/2m8005s69iu8v0oiejfej094b/gradle-2.2.1/lib/plugins/jarjar-maven-model-builder-3.0.4.jar
7f5f65b61000-7f5f65b63000 r--s 0000b000 08:04 272872                     /home/emil/.gradle/wrapper/dists/gradle-2.2.1-all/2m8005s69iu8v0oiejfej094b/gradle-2.2.1/lib/plugins/jarjar-maven-plugin-api-3.0.4.jar
7f5f65b63000-7f5f65b66000 r--s 0000a000 08:04 272871                     /home/emil/.gradle/wrapper/dists/gradle-2.2.1-all/2m8005s69iu8v0oiejfej094b/gradle-2.2.1/lib/plugins/jarjar-plexus-classworlds-2.4.jar
7f5f65b66000-7f5f65b6a000 r--s 00035000 08:04 272870                     /home/emil/.gradle/wrapper/dists/gradle-2.2.1-all/2m8005s69iu8v0oiejfej094b/gradle-2.2.1/lib/plugins/jarjar-plexus-utils-2.0.6.jar
7f5f65b6a000-7f5f65b6c000 r--s 0000e000 08:04 272869                     /home/emil/.gradle/wrapper/dists/gradle-2.2.1-all/2m8005s69iu8v0oiejfej094b/gradle-2.2.1/lib/plugins/jarjar-plexus-interpolation-1.14.jar
7f5f65b6c000-7f5f65b6e000 r--s 00002000 08:04 272868                     /home/emil/.gradle/wrapper/dists/gradle-2.2.1-all/2m8005s69iu8v0oiejfej094b/gradle-2.2.1/lib/plugins/jarjar-plexus-cipher-1.7.jar
7f5f65b6e000-7f5f65b70000 r--s 0000c000 08:04 272867                     /home/emil/.gradle/wrapper/dists/gradle-2.2.1-all/2m8005s69iu8v0oiejfej094b/gradle-2.2.1/lib/plugins/jarjar-wagon-provider-api-2.4.jar
7f5f65b70000-7f5f65b72000 r--s 0000d000 08:04 272866                     /home/emil/.gradle/wrapper/dists/gradle-2.2.1-all/2m8005s69iu8v0oiejfej094b/gradle-2.2.1/lib/plugins/jarjar-maven-aether-provider-3.0.4.jar
7f5f65b72000-7f5f65b7a000 r--s 00031000 08:04 272865                     /home/emil/.gradle/wrapper/dists/gradle-2.2.1-all/2m8005s69iu8v0oiejfej094b/gradle-2.2.1/lib/plugins/jarjar-plexus-container-default-1.5.5.jar
7f5f65b7a000-7f5f65b7b000 r--s 00007000 08:04 272864                     /home/emil/.gradle/wrapper/dists/gradle-2.2.1-all/2m8005s69iu8v0oiejfej094b/gradle-2.2.1/lib/plugins/jarjar-maven-repository-metadata-3.0.4.jar
7f5f65b7b000-7f5f65b8c000 r-xp 00000000 08:04 2240095                    /usr/lib/jvm/java-7-openjdk-amd64/jre/lib/amd64/libnio.so
7f5f65b8c000-7f5f65d8b000 ---p 00011000 08:04 2240095                    /usr/lib/jvm/java-7-openjdk-amd64/jre/lib/amd64/libnio.so
7f5f65d8b000-7f5f65d8c000 r--p 00010000 08:04 2240095                    /usr/lib/jvm/java-7-openjdk-amd64/jre/lib/amd64/libnio.so
7f5f65d8c000-7f5f65d8d000 rw-p 00011000 08:04 2240095                    /usr/lib/jvm/java-7-openjdk-amd64/jre/lib/amd64/libnio.so
7f5f65d8d000-7f5f6608e000 rw-p 00000000 00:00 0 
7f5f6608e000-7f5f660fa000 r-xp 00000000 08:04 529142                     /lib/x86_64-linux-gnu/libpcre.so.3.13.1
7f5f660fa000-7f5f662f9000 ---p 0006c000 08:04 529142                     /lib/x86_64-linux-gnu/libpcre.so.3.13.1
7f5f662f9000-7f5f662fa000 r--p 0006b000 08:04 529142                     /lib/x86_64-linux-gnu/libpcre.so.3.13.1
7f5f662fa000-7f5f662fb000 rw-p 0006c000 08:04 529142                     /lib/x86_64-linux-gnu/libpcre.so.3.13.1
7f5f662fb000-7f5f66302000 r-xp 00000000 08:04 2107953                    /usr/lib/x86_64-linux-gnu/libffi.so.6.0.4
7f5f66302000-7f5f66501000 ---p 00007000 08:04 2107953                    /usr/lib/x86_64-linux-gnu/libffi.so.6.0.4
7f5f66501000-7f5f66502000 r--p 00006000 08:04 2107953                    /usr/lib/x86_64-linux-gnu/libffi.so.6.0.4
7f5f66502000-7f5f66503000 rw-p 00007000 08:04 2107953                    /usr/lib/x86_64-linux-gnu/libffi.so.6.0.4
7f5f66503000-7f5f6651a000 r-xp 00000000 08:04 529165                     /lib/x86_64-linux-gnu/libresolv-2.21.so
7f5f6651a000-7f5f6671a000 ---p 00017000 08:04 529165                     /lib/x86_64-linux-gnu/libresolv-2.21.so
7f5f6671a000-7f5f6671c000 r--p 00017000 08:04 529165                     /lib/x86_64-linux-gnu/libresolv-2.21.so
7f5f6671c000-7f5f6671d000 rw-p 00019000 08:04 529165                     /lib/x86_64-linux-gnu/libresolv-2.21.so
7f5f6671d000-7f5f6671f000 rw-p 00000000 00:00 0 
7f5f6671f000-7f5f66740000 r-xp 00000000 08:04 529171                     /lib/x86_64-linux-gnu/libselinux.so.1
7f5f66740000-7f5f6693f000 ---p 00021000 08:04 529171                     /lib/x86_64-linux-gnu/libselinux.so.1
7f5f6693f000-7f5f66940000 r--p 00020000 08:04 529171                     /lib/x86_64-linux-gnu/libselinux.so.1
7f5f66940000-7f5f66941000 rw-p 00021000 08:04 529171                     /lib/x86_64-linux-gnu/libselinux.so.1
7f5f66941000-7f5f66943000 rw-p 00000000 00:00 0 
7f5f66943000-7f5f66946000 r-xp 00000000 08:04 2097575                    /usr/lib/x86_64-linux-gnu/libgmodule-2.0.so.0.4600.2
7f5f66946000-7f5f66b45000 ---p 00003000 08:04 2097575                    /usr/lib/x86_64-linux-gnu/libgmodule-2.0.so.0.4600.2
7f5f66b45000-7f5f66b46000 r--p 00002000 08:04 2097575                    /usr/lib/x86_64-linux-gnu/libgmodule-2.0.so.0.4600.2
7f5f66b46000-7f5f66b47000 rw-p 00003000 08:04 2097575                    /usr/lib/x86_64-linux-gnu/libgmodule-2.0.so.0.4600.2
7f5f66b47000-7f5f66c54000 r-xp 00000000 08:04 525537                     /lib/x86_64-linux-gnu/libglib-2.0.so.0.4600.2
7f5f66c54000-7f5f66e53000 ---p 0010d000 08:04 525537                     /lib/x86_64-linux-gnu/libglib-2.0.so.0.4600.2
7f5f66e53000-7f5f66e54000 r--p 0010c000 08:04 525537                     /lib/x86_64-linux-gnu/libglib-2.0.so.0.4600.2
7f5f66e54000-7f5f66e55000 rw-p 0010d000 08:04 525537                     /lib/x86_64-linux-gnu/libglib-2.0.so.0.4600.2
7f5f66e55000-7f5f66e56000 rw-p 00000000 00:00 0 
7f5f66e56000-7f5f66ea8000 r-xp 00000000 08:04 2097578                    /usr/lib/x86_64-linux-gnu/libgobject-2.0.so.0.4600.2
7f5f66ea8000-7f5f670a7000 ---p 00052000 08:04 2097578                    /usr/lib/x86_64-linux-gnu/libgobject-2.0.so.0.4600.2
7f5f670a7000-7f5f670a8000 r--p 00051000 08:04 2097578                    /usr/lib/x86_64-linux-gnu/libgobject-2.0.so.0.4600.2
7f5f670a8000-7f5f670a9000 rw-p 00052000 08:04 2097578                    /usr/lib/x86_64-linux-gnu/libgobject-2.0.so.0.4600.2
7f5f670a9000-7f5f67223000 r-xp 00000000 08:04 2097557                    /usr/lib/x86_64-linux-gnu/libgio-2.0.so.0.4600.2
7f5f67223000-7f5f67422000 ---p 0017a000 08:04 2097557                    /usr/lib/x86_64-linux-gnu/libgio-2.0.so.0.4600.2
7f5f67422000-7f5f67426000 r--p 00179000 08:04 2097557                    /usr/lib/x86_64-linux-gnu/libgio-2.0.so.0.4600.2
7f5f67426000-7f5f67428000 rw-p 0017d000 08:04 2097557                    /usr/lib/x86_64-linux-gnu/libgio-2.0.so.0.4600.2
7f5f67428000-7f5f6742a000 rw-p 00000000 00:00 0 
7f5f6742a000-7f5f6742b000 r--s 0000b000 08:04 272863                     /home/emil/.gradle/wrapper/dists/gradle-2.2.1-all/2m8005s69iu8v0oiejfej094b/gradle-2.2.1/lib/plugins/jarjar-maven-settings-3.0.4.jar
7f5f6742b000-7f5f67443000 r--s 000b5000 08:04 272919                     /home/emil/.gradle/wrapper/dists/gradle-2.2.1-all/2m8005s69iu8v0oiejfej094b/gradle-2.2.1/lib/plugins/gradle-dependency-management-2.2.1.jar
7f5f67443000-7f5f6745a000 r-xp 00000000 08:04 2240128                    /usr/lib/jvm/java-7-openjdk-amd64/jre/lib/amd64/libnet.so
7f5f6745a000-7f5f6765a000 ---p 00017000 08:04 2240128                    /usr/lib/jvm/java-7-openjdk-amd64/jre/lib/amd64/libnet.so
7f5f6765a000-7f5f6765b000 r--p 00017000 08:04 2240128                    /usr/lib/jvm/java-7-openjdk-amd64/jre/lib/amd64/libnet.so
7f5f6765b000-7f5f6765c000 rw-p 00018000 08:04 2240128                    /usr/lib/jvm/java-7-openjdk-amd64/jre/lib/amd64/libnet.so
7f5f6765c000-7f5f6765d000 r--s 00005000 08:04 272814                     /home/emil/.gradle/wrapper/dists/gradle-2.2.1-all/2m8005s69iu8v0oiejfej094b/gradle-2.2.1/lib/gradle-wrapper-2.2.1.jar
7f5f6765d000-7f5f67666000 r--s 0002c000 08:04 272819                     /home/emil/.gradle/wrapper/dists/gradle-2.2.1-all/2m8005s69iu8v0oiejfej094b/gradle-2.2.1/lib/gradle-tooling-api-2.2.1.jar
7f5f67666000-7f5f67668000 r--s 00002000 08:04 272843                     /home/emil/.gradle/wrapper/dists/gradle-2.2.1-all/2m8005s69iu8v0oiejfej094b/gradle-2.2.1/lib/gradle-open-api-2.2.1.jar
7f5f67668000-7f5f6766e000 r--s 00032000 08:04 272845                     /home/emil/.gradle/wrapper/dists/gradle-2.2.1-all/2m8005s69iu8v0oiejfej094b/gradle-2.2.1/lib/jaxen-1.1.jar
7f5f6766e000-7f5f67673000 r--s 00048000 08:04 272844                     /home/emil/.gradle/wrapper/dists/gradle-2.2.1-all/2m8005s69iu8v0oiejfej094b/gradle-2.2.1/lib/dom4j-1.6.1.jar
7f5f67673000-7f5f6767e000 r--s 00059000 08:04 272818                     /home/emil/.gradle/wrapper/dists/gradle-2.2.1-all/2m8005s69iu8v0oiejfej094b/gradle-2.2.1/lib/gradle-ui-2.2.1.jar
7f5f6767e000-7f5f67680000 r--s 00006000 08:04 272839                     /home/emil/.gradle/wrapper/dists/gradle-2.2.1-all/2m8005s69iu8v0oiejfej094b/gradle-2.2.1/lib/gradle-resources-2.2.1.jar
7f5f67680000-7f5f67682000 r--s 00007000 08:04 272861                     /home/emil/.gradle/wrapper/dists/gradle-2.2.1-all/2m8005s69iu8v0oiejfej094b/gradle-2.2.1/lib/objenesis-1.2.jar
7f5f67682000-7f5f67684000 r--s 00000000 08:04 272860                     /home/emil/.gradle/wrapper/dists/gradle-2.2.1-all/2m8005s69iu8v0oiejfej094b/gradle-2.2.1/lib/minlog-1.2.jar
7f5f67684000-7f5f67686000 r--s 0000f000 08:04 272859                     /home/emil/.gradle/wrapper/dists/gradle-2.2.1-all/2m8005s69iu8v0oiejfej094b/gradle-2.2.1/lib/reflectasm-1.07-shaded.jar
7f5f67686000-7f5f6768a000 r--s 00026000 08:04 272850                     /home/emil/.gradle/wrapper/dists/gradle-2.2.1-all/2m8005s69iu8v0oiejfej094b/gradle-2.2.1/lib/kryo-2.20.jar
7f5f6768a000-7f5f67693000 r--s 00039000 08:04 272838                     /home/emil/.gradle/wrapper/dists/gradle-2.2.1-all/2m8005s69iu8v0oiejfej094b/gradle-2.2.1/lib/gradle-messaging-2.2.1.jar
7f5f67693000-7f5f67694000 r--s 00003000 08:04 272858                     /home/emil/.gradle/wrapper/dists/gradle-2.2.1-all/2m8005s69iu8v0oiejfej094b/gradle-2.2.1/lib/native-platform-freebsd-amd64-0.10.jar
7f5f67694000-7f5f67695000 r--s 00003000 08:04 272857                     /home/emil/.gradle/wrapper/dists/gradle-2.2.1-all/2m8005s69iu8v0oiejfej094b/gradle-2.2.1/lib/native-platform-freebsd-i386-0.10.jar
7f5f67695000-7f5f67696000 r--s 00005000 08:04 272856                     /home/emil/.gradle/wrapper/dists/gradle-2.2.1-all/2m8005s69iu8v0oiejfej094b/gradle-2.2.1/lib/native-platform-windows-i386-0.10.jar
7f5f67696000-7f5f67697000 r--s 00005000 08:04 272855                     /home/emil/.gradle/wrapper/dists/gradle-2.2.1-all/2m8005s69iu8v0oiejfej094b/gradle-2.2.1/lib/native-platform-windows-amd64-0.10.jar
7f5f67697000-7f5f67698000 r--s 00003000 08:04 272854                     /home/emil/.gradle/wrapper/dists/gradle-2.2.1-all/2m8005s69iu8v0oiejfej094b/gradle-2.2.1/lib/native-platform-linux-i386-0.10.jar
7f5f67698000-7f5f67699000 r--s 00003000 08:04 272853                     /home/emil/.gradle/wrapper/dists/gradle-2.2.1-all/2m8005s69iu8v0oiejfej094b/gradle-2.2.1/lib/native-platform-linux-amd64-0.10.jar
7f5f67699000-7f5f6769a000 r--s 00002000 08:04 272852                     /home/emil/.gradle/wrapper/dists/gradle-2.2.1-all/2m8005s69iu8v0oiejfej094b/gradle-2.2.1/lib/native-platform-osx-amd64-0.10.jar
7f5f6769a000-7f5f6769b000 r--s 00002000 08:04 272851                     /home/emil/.gradle/wrapper/dists/gradle-2.2.1-all/2m8005s69iu8v0oiejfej094b/gradle-2.2.1/lib/native-platform-osx-i386-0.10.jar
7f5f6769b000-7f5f6769d000 r--s 00008000 08:04 272848                     /home/emil/.gradle/wrapper/dists/gradle-2.2.1-all/2m8005s69iu8v0oiejfej094b/gradle-2.2.1/lib/jansi-1.2.1.jar
7f5f6769d000-7f5f676a0000 r--s 0000d000 08:04 272847                     /home/emil/.gradle/wrapper/dists/gradle-2.2.1-all/2m8005s69iu8v0oiejfej094b/gradle-2.2.1/lib/native-platform-0.10.jar
7f5f676a0000-7f5f676a4000 r--s 000e4000 08:04 272846                     /home/emil/.gradle/wrapper/dists/gradle-2.2.1-all/2m8005s69iu8v0oiejfej094b/gradle-2.2.1/lib/jna-3.2.7.jar
7f5f676a4000-7f5f676a6000 r--s 00008000 08:04 272820                     /home/emil/.gradle/wrapper/dists/gradle-2.2.1-all/2m8005s69iu8v0oiejfej094b/gradle-2.2.1/lib/gradle-native-2.2.1.jar
7f5f676a6000-7f5f676a8000 r--s 00005000 08:04 272817                     /home/emil/.gradle/wrapper/dists/gradle-2.2.1-all/2m8005s69iu8v0oiejfej094b/gradle-2.2.1/lib/gradle-cli-2.2.1.jar
7f5f676a8000-7f5f676aa000 r--s 00003000 08:04 272837                     /home/emil/.gradle/wrapper/dists/gradle-2.2.1-all/2m8005s69iu8v0oiejfej094b/gradle-2.2.1/lib/gradle-base-services-groovy-2.2.1.jar
7f5f676aa000-7f5f676ac000 r--s 0000a000 08:04 272825                     /home/emil/.gradle/wrapper/dists/gradle-2.2.1-all/2m8005s69iu8v0oiejfej094b/gradle-2.2.1/lib/gradle-model-groovy-2.2.1.jar
7f5f676ac000-7f5f676b0000 r--s 0001b000 08:04 272824                     /home/emil/.gradle/wrapper/dists/gradle-2.2.1-all/2m8005s69iu8v0oiejfej094b/gradle-2.2.1/lib/gradle-model-core-2.2.1.jar
7f5f676b0000-7f5f6771b000 r--s 00685000 08:04 272823                     /home/emil/.gradle/wrapper/dists/gradle-2.2.1-all/2m8005s69iu8v0oiejfej094b/gradle-2.2.1/lib/groovy-all-2.3.6.jar
7f5f6771b000-7f5f6771c000 ---p 00000000 00:00 0 
7f5f6771c000-7f5f6781c000 rw-p 00000000 00:00 0                          [stack:3592]
7f5f6781c000-7f5f6781f000 ---p 00000000 00:00 0 
7f5f6781f000-7f5f6791d000 rw-p 00000000 00:00 0                          [stack:3591]
7f5f6791d000-7f5f68000000 r--p 00000000 08:04 2106024                    /usr/lib/locale/locale-archive
7f5f68000000-7f5f68021000 rw-p 00000000 00:00 0 
7f5f68021000-7f5f6c000000 ---p 00000000 00:00 0 
7f5f6c000000-7f5f6c021000 rw-p 00000000 00:00 0 
7f5f6c021000-7f5f70000000 ---p 00000000 00:00 0 
7f5f70000000-7f5f70021000 rw-p 00000000 00:00 0 
7f5f70021000-7f5f74000000 ---p 00000000 00:00 0 
7f5f74000000-7f5f74240000 rw-p 00000000 00:00 0 
7f5f74240000-7f5f78000000 ---p 00000000 00:00 0 
7f5f78000000-7f5f78062000 rw-p 00000000 00:00 0 
7f5f78062000-7f5f7c000000 ---p 00000000 00:00 0 
7f5f7c000000-7f5f7c001000 r--s 00000000 08:04 272840                     /home/emil/.gradle/wrapper/dists/gradle-2.2.1-all/2m8005s69iu8v0oiejfej094b/gradle-2.2.1/lib/gradle-docs-2.2.1.jar
7f5f7c001000-7f5f7c003000 r--s 00003000 08:04 272842                     /home/emil/.gradle/wrapper/dists/gradle-2.2.1-all/2m8005s69iu8v0oiejfej094b/gradle-2.2.1/lib/jcl-over-slf4j-1.7.7.jar
7f5f7c003000-7f5f7c004000 r--s 00005000 08:04 272841                     /home/emil/.gradle/wrapper/dists/gradle-2.2.1-all/2m8005s69iu8v0oiejfej094b/gradle-2.2.1/lib/log4j-over-slf4j-1.7.7.jar
7f5f7c004000-7f5f7c005000 r--s 00000000 08:04 272836                     /home/emil/.gradle/wrapper/dists/gradle-2.2.1-all/2m8005s69iu8v0oiejfej094b/gradle-2.2.1/lib/javax.inject-1.jar
7f5f7c005000-7f5f7c008000 r--s 0001b000 08:04 272835                     /home/emil/.gradle/wrapper/dists/gradle-2.2.1-all/2m8005s69iu8v0oiejfej094b/gradle-2.2.1/lib/jarjar-1.3.jar
7f5f7c008000-7f5f7c00a000 r--s 00000000 08:04 272834                     /home/emil/.gradle/wrapper/dists/gradle-2.2.1-all/2m8005s69iu8v0oiejfej094b/gradle-2.2.1/lib/jul-to-slf4j-1.7.7.jar
7f5f7c00a000-7f5f7c010000 r--s 0003b000 08:04 272832                     /home/emil/.gradle/wrapper/dists/gradle-2.2.1-all/2m8005s69iu8v0oiejfej094b/gradle-2.2.1/lib/logback-classic-1.0.13.jar
7f5f7c010000-7f5f7c01a000 r--s 0005d000 08:04 272831                     /home/emil/.gradle/wrapper/dists/gradle-2.2.1-all/2m8005s69iu8v0oiejfej094b/gradle-2.2.1/lib/logback-core-1.0.13.jar
7f5f7c01a000-7f5f7c01f000 r--s 00041000 08:04 272830                     /home/emil/.gradle/wrapper/dists/gradle-2.2.1-all/2m8005s69iu8v0oiejfej094b/gradle-2.2.1/lib/commons-lang-2.6.jar
7f5f7c01f000-7f5f7c022000 r--s 00018000 08:04 272829                     /home/emil/.gradle/wrapper/dists/gradle-2.2.1-all/2m8005s69iu8v0oiejfej094b/gradle-2.2.1/lib/commons-io-1.4.jar
7f5f7c022000-7f5f7c030000 r--s 0007f000 08:04 272828                     /home/emil/.gradle/wrapper/dists/gradle-2.2.1-all/2m8005s69iu8v0oiejfej094b/gradle-2.2.1/lib/commons-collections-3.2.1.jar
7f5f7c030000-7f5f7c035000 r--s 00036000 08:04 272826                     /home/emil/.gradle/wrapper/dists/gradle-2.2.1-all/2m8005s69iu8v0oiejfej094b/gradle-2.2.1/lib/asm-all-5.0.3.jar
7f5f7c035000-7f5f7c05d000 r--s 001cf000 08:04 272822                     /home/emil/.gradle/wrapper/dists/gradle-2.2.1-all/2m8005s69iu8v0oiejfej094b/gradle-2.2.1/lib/guava-jdk5-17.0.jar
7f5f7c05d000-7f5f7c05f000 r--s 00006000 08:04 272821                     /home/emil/.gradle/wrapper/dists/gradle-2.2.1-all/2m8005s69iu8v0oiejfej094b/gradle-2.2.1/lib/slf4j-api-1.7.7.jar
7f5f7c05f000-7f5f7c07e000 r--s 001cc000 08:04 272827                     /home/emil/.gradle/wrapper/dists/gradle-2.2.1-all/2m8005s69iu8v0oiejfej094b/gradle-2.2.1/lib/ant-1.9.3.jar
7f5f7c07e000-7f5f7c084000 r--s 00026000 08:04 272815                     /home/emil/.gradle/wrapper/dists/gradle-2.2.1-all/2m8005s69iu8v0oiejfej094b/gradle-2.2.1/lib/gradle-base-services-2.2.1.jar
7f5f7c084000-7f5f7c0b5000 r--s 00191000 08:04 272816                     /home/emil/.gradle/wrapper/dists/gradle-2.2.1-all/2m8005s69iu8v0oiejfej094b/gradle-2.2.1/lib/gradle-core-2.2.1.jar
7f5f7c0b5000-7f5f7c0bd000 r--s 0003c000 08:04 272813                     /home/emil/.gradle/wrapper/dists/gradle-2.2.1-all/2m8005s69iu8v0oiejfej094b/gradle-2.2.1/lib/gradle-launcher-2.2.1.jar
7f5f7c0bd000-7f5f7c0bf000 r--s 00007000 08:04 2639250                    /usr/share/java/java-atk-wrapper.jar
7f5f7c0bf000-7f5f7c0c2000 ---p 00000000 00:00 0 
7f5f7c0c2000-7f5f7c1c0000 rw-p 00000000 00:00 0                          [stack:3590]
7f5f7c1c0000-7f5f7c1c3000 ---p 00000000 00:00 0 
7f5f7c1c3000-7f5f7c2c1000 rw-p 00000000 00:00 0                          [stack:3589]
7f5f7c2c1000-7f5f7c2c4000 ---p 00000000 00:00 0 
7f5f7c2c4000-7f5f7c3c2000 rw-p 00000000 00:00 0                          [stack:3588]
7f5f7c3c2000-7f5f7c3c5000 ---p 00000000 00:00 0 
7f5f7c3c5000-7f5f7c4c3000 rw-p 00000000 00:00 0                          [stack:3587]
7f5f7c4c3000-7f5f7c4c6000 ---p 00000000 00:00 0 
7f5f7c4c6000-7f5f7c5c4000 rw-p 00000000 00:00 0                          [stack:3586]
7f5f7c5c4000-7f5f7c5c5000 ---p 00000000 00:00 0 
7f5f7c5c5000-7f5f7d031000 rw-p 00000000 00:00 0                          [stack:3585]
7f5f7d031000-7f5f7d1e3000 r--s 01d2e000 08:04 2240088                    /usr/lib/jvm/java-7-openjdk-amd64/jre/lib/rt.jar
7f5f7d1e3000-7f5f7fd34000 rw-p 00000000 00:00 0 
7f5f7fd34000-7f5f7fd35000 ---p 00000000 00:00 0 
7f5f7fd35000-7f5f7fe35000 rw-p 00000000 00:00 0                          [stack:3584]
7f5f7fe35000-7f5f7fe36000 ---p 00000000 00:00 0 
7f5f7fe36000-7f5f7ff5c000 rw-p 00000000 00:00 0                          [stack:3583]
7f5f7ff5c000-7f5f7ffb6000 rw-p 00000000 00:00 0 
7f5f7ffb6000-7f5f7ffd4000 rw-p 00000000 00:00 0 
7f5f7ffd4000-7f5f8010c000 rw-p 00000000 00:00 0 
7f5f8010c000-7f5f80132000 rw-p 00000000 00:00 0 
7f5f80132000-7f5f8018c000 rw-p 00000000 00:00 0 
7f5f8018c000-7f5f801aa000 rw-p 00000000 00:00 0 
7f5f801aa000-7f5f802e1000 rw-p 00000000 00:00 0 
7f5f802e1000-7f5f8034c000 rw-p 00000000 00:00 0 
7f5f8034c000-7f5f8038c000 rw-p 00000000 00:00 0 
7f5f8038c000-7f5f8038d000 rw-p 00000000 00:00 0 
7f5f8038d000-7f5f8082d000 rwxp 00000000 00:00 0 
7f5f8082d000-7f5f8338d000 rw-p 00000000 00:00 0 
7f5f8338d000-7f5f83395000 r-xp 00000000 08:04 2240099                    /usr/lib/jvm/java-7-openjdk-amd64/jre/lib/amd64/libzip.so
7f5f83395000-7f5f83594000 ---p 00008000 08:04 2240099                    /usr/lib/jvm/java-7-openjdk-amd64/jre/lib/amd64/libzip.so
7f5f83594000-7f5f83595000 r--p 00007000 08:04 2240099                    /usr/lib/jvm/java-7-openjdk-amd64/jre/lib/amd64/libzip.so
7f5f83595000-7f5f83596000 rw-p 00008000 08:04 2240099                    /usr/lib/jvm/java-7-openjdk-amd64/jre/lib/amd64/libzip.so
7f5f83596000-7f5f835a2000 r-xp 00000000 08:04 529112                     /lib/x86_64-linux-gnu/libnss_files-2.21.so
7f5f835a2000-7f5f837a1000 ---p 0000c000 08:04 529112                     /lib/x86_64-linux-gnu/libnss_files-2.21.so
7f5f837a1000-7f5f837a2000 r--p 0000b000 08:04 529112                     /lib/x86_64-linux-gnu/libnss_files-2.21.so
7f5f837a2000-7f5f837a3000 rw-p 0000c000 08:04 529112                     /lib/x86_64-linux-gnu/libnss_files-2.21.so
7f5f837a3000-7f5f837ae000 r-xp 00000000 08:04 529122                     /lib/x86_64-linux-gnu/libnss_nis-2.21.so
7f5f837ae000-7f5f839ad000 ---p 0000b000 08:04 529122                     /lib/x86_64-linux-gnu/libnss_nis-2.21.so
7f5f839ad000-7f5f839ae000 r--p 0000a000 08:04 529122                     /lib/x86_64-linux-gnu/libnss_nis-2.21.so
7f5f839ae000-7f5f839af000 rw-p 0000b000 08:04 529122                     /lib/x86_64-linux-gnu/libnss_nis-2.21.so
7f5f839af000-7f5f839c6000 r-xp 00000000 08:04 529106                     /lib/x86_64-linux-gnu/libnsl-2.21.so
7f5f839c6000-7f5f83bc5000 ---p 00017000 08:04 529106                     /lib/x86_64-linux-gnu/libnsl-2.21.so
7f5f83bc5000-7f5f83bc6000 r--p 00016000 08:04 529106                     /lib/x86_64-linux-gnu/libnsl-2.21.so
7f5f83bc6000-7f5f83bc7000 rw-p 00017000 08:04 529106                     /lib/x86_64-linux-gnu/libnsl-2.21.so
7f5f83bc7000-7f5f83bc9000 rw-p 00000000 00:00 0 
7f5f83bc9000-7f5f83bd1000 r-xp 00000000 08:04 529108                     /lib/x86_64-linux-gnu/libnss_compat-2.21.so
7f5f83bd1000-7f5f83dd0000 ---p 00008000 08:04 529108                     /lib/x86_64-linux-gnu/libnss_compat-2.21.so
7f5f83dd0000-7f5f83dd1000 r--p 00007000 08:04 529108                     /lib/x86_64-linux-gnu/libnss_compat-2.21.so
7f5f83dd1000-7f5f83dd2000 rw-p 00008000 08:04 529108                     /lib/x86_64-linux-gnu/libnss_compat-2.21.so
7f5f83dd2000-7f5f83dfe000 r-xp 00000000 08:04 2240107                    /usr/lib/jvm/java-7-openjdk-amd64/jre/lib/amd64/libjava.so
7f5f83dfe000-7f5f83ffd000 ---p 0002c000 08:04 2240107                    /usr/lib/jvm/java-7-openjdk-amd64/jre/lib/amd64/libjava.so
7f5f83ffd000-7f5f83ffe000 r--p 0002b000 08:04 2240107                    /usr/lib/jvm/java-7-openjdk-amd64/jre/lib/amd64/libjava.so
7f5f83ffe000-7f5f84000000 rw-p 0002c000 08:04 2240107                    /usr/lib/jvm/java-7-openjdk-amd64/jre/lib/amd64/libjava.so
7f5f84000000-7f5f84a00000 rw-p 00000000 00:00 0 
7f5f84a00000-7f5f88000000 ---p 00000000 00:00 0 
7f5f88000000-7f5f88071000 rw-p 00000000 00:00 0 
7f5f88071000-7f5f88080000 r-xp 00000000 08:04 2240123                    /usr/lib/jvm/java-7-openjdk-amd64/jre/lib/amd64/libverify.so
7f5f88080000-7f5f8827f000 ---p 0000f000 08:04 2240123                    /usr/lib/jvm/java-7-openjdk-amd64/jre/lib/amd64/libverify.so
7f5f8827f000-7f5f88281000 r--p 0000e000 08:04 2240123                    /usr/lib/jvm/java-7-openjdk-amd64/jre/lib/amd64/libverify.so
7f5f88281000-7f5f88282000 rw-p 00010000 08:04 2240123                    /usr/lib/jvm/java-7-openjdk-amd64/jre/lib/amd64/libverify.so
7f5f88282000-7f5f88289000 r-xp 00000000 08:04 529167                     /lib/x86_64-linux-gnu/librt-2.21.so
7f5f88289000-7f5f88488000 ---p 00007000 08:04 529167                     /lib/x86_64-linux-gnu/librt-2.21.so
7f5f88488000-7f5f88489000 r--p 00006000 08:04 529167                     /lib/x86_64-linux-gnu/librt-2.21.so
7f5f88489000-7f5f8848a000 rw-p 00007000 08:04 529167                     /lib/x86_64-linux-gnu/librt-2.21.so
7f5f8848a000-7f5f884a0000 r-xp 00000000 08:04 529056                     /lib/x86_64-linux-gnu/libgcc_s.so.1
7f5f884a0000-7f5f8869f000 ---p 00016000 08:04 529056                     /lib/x86_64-linux-gnu/libgcc_s.so.1
7f5f8869f000-7f5f886a0000 r--p 00015000 08:04 529056                     /lib/x86_64-linux-gnu/libgcc_s.so.1
7f5f886a0000-7f5f886a1000 rw-p 00016000 08:04 529056                     /lib/x86_64-linux-gnu/libgcc_s.so.1
7f5f886a1000-7f5f887a8000 r-xp 00000000 08:04 529085                     /lib/x86_64-linux-gnu/libm-2.21.so
7f5f887a8000-7f5f889a7000 ---p 00107000 08:04 529085                     /lib/x86_64-linux-gnu/libm-2.21.so
7f5f889a7000-7f5f889a8000 r--p 00106000 08:04 529085                     /lib/x86_64-linux-gnu/libm-2.21.so
7f5f889a8000-7f5f889a9000 rw-p 00107000 08:04 529085                     /lib/x86_64-linux-gnu/libm-2.21.so
7f5f889a9000-7f5f88b1c000 r-xp 00000000 08:04 2108610                    /usr/lib/x86_64-linux-gnu/libstdc++.so.6.0.21
7f5f88b1c000-7f5f88d1b000 ---p 00173000 08:04 2108610                    /usr/lib/x86_64-linux-gnu/libstdc++.so.6.0.21
7f5f88d1b000-7f5f88d25000 r--p 00172000 08:04 2108610                    /usr/lib/x86_64-linux-gnu/libstdc++.so.6.0.21
7f5f88d25000-7f5f88d27000 rw-p 0017c000 08:04 2108610                    /usr/lib/x86_64-linux-gnu/libstdc++.so.6.0.21
7f5f88d27000-7f5f88d2b000 rw-p 00000000 00:00 0 
7f5f88d2b000-7f5f8987c000 r-xp 00000000 08:04 2240114                    /usr/lib/jvm/java-7-openjdk-amd64/jre/lib/amd64/server/libjvm.so
7f5f8987c000-7f5f89a7b000 ---p 00b51000 08:04 2240114                    /usr/lib/jvm/java-7-openjdk-amd64/jre/lib/amd64/server/libjvm.so
7f5f89a7b000-7f5f89b0c000 r--p 00b50000 08:04 2240114                    /usr/lib/jvm/java-7-openjdk-amd64/jre/lib/amd64/server/libjvm.so
7f5f89b0c000-7f5f89b2f000 rw-p 00be1000 08:04 2240114                    /usr/lib/jvm/java-7-openjdk-amd64/jre/lib/amd64/server/libjvm.so
7f5f89b2f000-7f5f89b5a000 rw-p 00000000 00:00 0 
7f5f89b5a000-7f5f89b73000 r-xp 00000000 08:04 529202                     /lib/x86_64-linux-gnu/libz.so.1.2.8
7f5f89b73000-7f5f89d72000 ---p 00019000 08:04 529202                     /lib/x86_64-linux-gnu/libz.so.1.2.8
7f5f89d72000-7f5f89d73000 r--p 00018000 08:04 529202                     /lib/x86_64-linux-gnu/libz.so.1.2.8
7f5f89d73000-7f5f89d74000 rw-p 00019000 08:04 529202                     /lib/x86_64-linux-gnu/libz.so.1.2.8
7f5f89d74000-7f5f89d8c000 r-xp 00000000 08:04 529159                     /lib/x86_64-linux-gnu/libpthread-2.21.so
7f5f89d8c000-7f5f89f8c000 ---p 00018000 08:04 529159                     /lib/x86_64-linux-gnu/libpthread-2.21.so
7f5f89f8c000-7f5f89f8d000 r--p 00018000 08:04 529159                     /lib/x86_64-linux-gnu/libpthread-2.21.so
7f5f89f8d000-7f5f89f8e000 rw-p 00019000 08:04 529159                     /lib/x86_64-linux-gnu/libpthread-2.21.so
7f5f89f8e000-7f5f89f92000 rw-p 00000000 00:00 0 
7f5f89f92000-7f5f89f95000 r-xp 00000000 08:04 529042                     /lib/x86_64-linux-gnu/libdl-2.21.so
7f5f89f95000-7f5f8a194000 ---p 00003000 08:04 529042                     /lib/x86_64-linux-gnu/libdl-2.21.so
7f5f8a194000-7f5f8a195000 r--p 00002000 08:04 529042                     /lib/x86_64-linux-gnu/libdl-2.21.so
7f5f8a195000-7f5f8a196000 rw-p 00003000 08:04 529042                     /lib/x86_64-linux-gnu/libdl-2.21.so
7f5f8a196000-7f5f8a356000 r-xp 00000000 08:04 529023                     /lib/x86_64-linux-gnu/libc-2.21.so
7f5f8a356000-7f5f8a556000 ---p 001c0000 08:04 529023                     /lib/x86_64-linux-gnu/libc-2.21.so
7f5f8a556000-7f5f8a55a000 r--p 001c0000 08:04 529023                     /lib/x86_64-linux-gnu/libc-2.21.so
7f5f8a55a000-7f5f8a55c000 rw-p 001c4000 08:04 529023                     /lib/x86_64-linux-gnu/libc-2.21.so
7f5f8a55c000-7f5f8a560000 rw-p 00000000 00:00 0 
7f5f8a560000-7f5f8a56d000 r-xp 00000000 08:04 2240125                    /usr/lib/jvm/java-7-openjdk-amd64/jre/lib/amd64/jli/libjli.so
7f5f8a56d000-7f5f8a76c000 ---p 0000d000 08:04 2240125                    /usr/lib/jvm/java-7-openjdk-amd64/jre/lib/amd64/jli/libjli.so
7f5f8a76c000-7f5f8a76d000 r--p 0000c000 08:04 2240125                    /usr/lib/jvm/java-7-openjdk-amd64/jre/lib/amd64/jli/libjli.so
7f5f8a76d000-7f5f8a76e000 rw-p 0000d000 08:04 2240125                    /usr/lib/jvm/java-7-openjdk-amd64/jre/lib/amd64/jli/libjli.so
7f5f8a76e000-7f5f8a792000 r-xp 00000000 08:04 528995                     /lib/x86_64-linux-gnu/ld-2.21.so
7f5f8a792000-7f5f8a793000 r--s 00000000 08:04 272833                     /home/emil/.gradle/wrapper/dists/gradle-2.2.1-all/2m8005s69iu8v0oiejfej094b/gradle-2.2.1/lib/jcip-annotations-1.0.jar
7f5f8a793000-7f5f8a797000 r--s 0003c000 08:04 2240083                    /usr/lib/jvm/java-7-openjdk-amd64/jre/lib/ext/sunpkcs11.jar
7f5f8a797000-7f5f8a7c3000 rw-p 00000000 00:00 0 
7f5f8a7c3000-7f5f8a870000 rw-p 00000000 00:00 0 
7f5f8a870000-7f5f8a873000 ---p 00000000 00:00 0 
7f5f8a873000-7f5f8a976000 rw-p 00000000 00:00 0                          [stack:3582]
7f5f8a976000-7f5f8a977000 r--s 00004000 08:04 272849                     /home/emil/.gradle/wrapper/dists/gradle-2.2.1-all/2m8005s69iu8v0oiejfej094b/gradle-2.2.1/lib/ant-launcher-1.9.3.jar
7f5f8a977000-7f5f8a979000 r--s 00012000 08:04 2240079                    /usr/lib/jvm/java-7-openjdk-amd64/jre/lib/ext/zipfs.jar
7f5f8a979000-7f5f8a97c000 r--s 0000f000 08:04 2240081                    /usr/lib/jvm/java-7-openjdk-amd64/jre/lib/ext/icedtea-sound.jar
7f5f8a97c000-7f5f8a980000 r--s 00034000 08:04 2240082                    /usr/lib/jvm/java-7-openjdk-amd64/jre/lib/ext/sunjce_provider.jar
7f5f8a980000-7f5f8a981000 r--s 00002000 08:04 2240084                    /usr/lib/jvm/java-7-openjdk-amd64/jre/lib/ext/dnsns.jar
7f5f8a981000-7f5f8a985000 r--s 00085000 08:04 2240080                    /usr/lib/jvm/java-7-openjdk-amd64/jre/lib/ext/localedata.jar
7f5f8a985000-7f5f8a98d000 rw-s 00000000 08:04 926064                     /tmp/hsperfdata_emil/3579
7f5f8a98d000-7f5f8a98e000 rw-p 00000000 00:00 0 
7f5f8a98e000-7f5f8a98f000 ---p 00000000 00:00 0 
7f5f8a98f000-7f5f8a991000 rw-p 00000000 00:00 0 
7f5f8a991000-7f5f8a992000 r--p 00023000 08:04 528995                     /lib/x86_64-linux-gnu/ld-2.21.so
7f5f8a992000-7f5f8a993000 rw-p 00024000 08:04 528995                     /lib/x86_64-linux-gnu/ld-2.21.so
7f5f8a993000-7f5f8a994000 rw-p 00000000 00:00 0 
7fff03a16000-7fff03a38000 rw-p 00000000 00:00 0                          [stack]
7fff03bb4000-7fff03bb6000 r--p 00000000 00:00 0                          [vvar]
7fff03bb6000-7fff03bb8000 r-xp 00000000 00:00 0                          [vdso]
ffffffffff600000-ffffffffff601000 r-xp 00000000 00:00 0                  [vsyscall]

VM Arguments:
jvm_args: -XX:MaxPermSize=256m -XX:+HeapDumpOnOutOfMemoryError -Xmx1024m -Dfile.encoding=UTF-8 -Duser.country=US -Duser.language=en -Duser.variant 
java_command: org.gradle.launcher.daemon.bootstrap.GradleDaemon 2.2.1 /home/emil/.gradle/daemon 10800000 60767051-0064-407b-bb11-45812b912aba -XX:MaxPermSize=256m -XX:+HeapDumpOnOutOfMemoryError -Xmx1024m -Dfile.encoding=UTF-8 -Duser.country=US -Duser.language=en -Duser.variant
Launcher Type: SUN_STANDARD

Environment Variables:
JAVA_HOME=/usr/lib/jvm/default-java
PATH=/usr/local/sbin:/usr/local/bin:/usr/sbin:/usr/bin:/sbin:/bin:/usr/games:/usr/local/games:/opt/android-sdk/tools:/opt/android-sdk/platform-tools:/opt/node/bin:/opt/android-sdk/tools:/opt/android-sdk/platform-tools:/opt/node/bin
SHELL=/bin/bash
DISPLAY=:0

Signal Handlers:
SIGSEGV: [libjvm.so+0x995450], sa_mask[0]=0x7ffbfeff, sa_flags=0x10000004
SIGBUS: [libjvm.so+0x995450], sa_mask[0]=0x7ffbfeff, sa_flags=0x10000004
SIGFPE: [libjvm.so+0x7fc6a0], sa_mask[0]=0x7ffbfeff, sa_flags=0x10000004
SIGPIPE: SIG_IGN, sa_mask[0]=0x00000000, sa_flags=0x00000000
SIGXFSZ: [libjvm.so+0x7fc6a0], sa_mask[0]=0x7ffbfeff, sa_flags=0x10000004
SIGILL: [libjvm.so+0x7fc6a0], sa_mask[0]=0x7ffbfeff, sa_flags=0x10000004
SIGUSR1: SIG_DFL, sa_mask[0]=0x00000000, sa_flags=0x00000000
SIGUSR2: [libjvm.so+0x7fc520], sa_mask[0]=0x00000004, sa_flags=0x10000004
SIGHUP: [libjvm.so+0x7fc6b0], sa_mask[0]=0x7ffbfeff, sa_flags=0x10000004
SIGINT: [libjvm.so+0x7fc6b0], sa_mask[0]=0x7ffbfeff, sa_flags=0x10000004
SIGTERM: [libjvm.so+0x7fc6b0], sa_mask[0]=0x7ffbfeff, sa_flags=0x10000004
SIGQUIT: [libjvm.so+0x7fc6b0], sa_mask[0]=0x7ffbfeff, sa_flags=0x10000004
SIGTRAP: SIG_DFL, sa_mask[0]=0x00000000, sa_flags=0x00000000


---------------  S Y S T E M  ---------------

OS:Ubuntu 15.10 (wily)
uname:Linux 4.2.0-21-generic #25-Ubuntu SMP Wed Dec 2 18:42:25 UTC 2015 x86_64
libc:glibc 2.21 NPTL 2.21 
rlimit: STACK 8192k, CORE 0k, NPROC 7136, NOFILE 65536, AS infinity
load average:2,95 1,19 0,71

/proc/meminfo:
MemTotal:        1861456 kB
MemFree:           15372 kB
MemAvailable:      42808 kB
Buffers:             832 kB
Cached:           221864 kB
SwapCached:            0 kB
Active:          1508476 kB
Inactive:         193656 kB
Active(anon):    1502012 kB
Inactive(anon):   187212 kB
Active(file):       6464 kB
Inactive(file):     6444 kB
Unevictable:         128 kB
Mlocked:             128 kB
SwapTotal:             0 kB
SwapFree:              0 kB
Dirty:                12 kB
Writeback:             0 kB
AnonPages:       1479860 kB
Mapped:            73088 kB
Shmem:            209500 kB
Slab:              67352 kB
SReclaimable:      34212 kB
SUnreclaim:        33140 kB
KernelStack:        9168 kB
PageTables:        42816 kB
NFS_Unstable:          0 kB
Bounce:                0 kB
WritebackTmp:          0 kB
CommitLimit:      930728 kB
Committed_AS:    6266780 kB
VmallocTotal:   34359738367 kB
VmallocUsed:      344136 kB
VmallocChunk:   34358947836 kB
HardwareCorrupted:     0 kB
AnonHugePages:    309248 kB
CmaTotal:              0 kB
CmaFree:               0 kB
HugePages_Total:       0
HugePages_Free:        0
HugePages_Rsvd:        0
HugePages_Surp:        0
Hugepagesize:       2048 kB
DirectMap4k:      141384 kB
DirectMap2M:     1837056 kB


CPU:total 2 (2 cores per cpu, 1 threads per core) family 6 model 42 stepping 7, cmov, cx8, fxsr, mmx, sse, sse2, sse3, ssse3, sse4.1, sse4.2, popcnt, tsc, tscinvbit

/proc/cpuinfo:
processor	: 0
vendor_id	: GenuineIntel
cpu family	: 6
model		: 42
model name	: Intel(R) Celeron(R) CPU B815 @ 1.60GHz
stepping	: 7
microcode	: 0x29
cpu MHz		: 800.062
cache size	: 2048 KB
physical id	: 0
siblings	: 2
core id		: 0
cpu cores	: 2
apicid		: 0
initial apicid	: 0
fpu		: yes
fpu_exception	: yes
cpuid level	: 13
wp		: yes
flags		: fpu vme de pse tsc msr pae mce cx8 apic sep mtrr pge mca cmov pat pse36 clflush dts acpi mmx fxsr sse sse2 ss ht tm pbe syscall nx rdtscp lm constant_tsc arch_perfmon pebs bts rep_good nopl xtopology nonstop_tsc aperfmperf eagerfpu pni pclmulqdq dtes64 monitor ds_cpl vmx est tm2 ssse3 cx16 xtpr pdcm pcid sse4_1 sse4_2 x2apic popcnt tsc_deadline_timer xsave lahf_lm arat epb pln pts dtherm tpr_shadow vnmi flexpriority ept vpid xsaveopt
bugs		:
bogomips	: 3192.60
clflush size	: 64
cache_alignment	: 64
address sizes	: 36 bits physical, 48 bits virtual
power management:

processor	: 1
vendor_id	: GenuineIntel
cpu family	: 6
model		: 42
model name	: Intel(R) Celeron(R) CPU B815 @ 1.60GHz
stepping	: 7
microcode	: 0x29
cpu MHz		: 800.812
cache size	: 2048 KB
physical id	: 0
siblings	: 2
core id		: 1
cpu cores	: 2
apicid		: 2
initial apicid	: 2
fpu		: yes
fpu_exception	: yes
cpuid level	: 13
wp		: yes
flags		: fpu vme de pse tsc msr pae mce cx8 apic sep mtrr pge mca cmov pat pse36 clflush dts acpi mmx fxsr sse sse2 ss ht tm pbe syscall nx rdtscp lm constant_tsc arch_perfmon pebs bts rep_good nopl xtopology nonstop_tsc aperfmperf eagerfpu pni pclmulqdq dtes64 monitor ds_cpl vmx est tm2 ssse3 cx16 xtpr pdcm pcid sse4_1 sse4_2 x2apic popcnt tsc_deadline_timer xsave lahf_lm arat epb pln pts dtherm tpr_shadow vnmi flexpriority ept vpid xsaveopt
bugs		:
bogomips	: 3192.60
clflush size	: 64
cache_alignment	: 64
address sizes	: 36 bits physical, 48 bits virtual
power management:



Memory: 4k page, physical 1861456k(15372k free), swap 0k(0k free)

vm_info: OpenJDK 64-Bit Server VM (24.91-b01) for linux-amd64 JRE (1.7.0_91-b02), built on Nov 19 2015 06:14:16 by "buildd" with gcc 5.2.1 20151010

time: Thu Dec 17 20:38:31 2015
elapsed time: 72 seconds

