#
# There is insufficient memory for the Java Runtime Environment to continue.
# Native memory allocation (malloc) failed to allocate 52428800 bytes for committing reserved memory.
# Possible reasons:
#   The system is out of physical RAM or swap space
#   In 32 bit mode, the process size limit was hit
# Possible solutions:
#   Reduce memory load on the system
#   Increase physical memory or swap space
#   Check if swap backing store is full
#   Use 64 bit Java on a 64 bit OS
#   Decrease Java heap size (-Xmx/-Xms)
#   Decrease number of Java threads
#   Decrease Java thread stack sizes (-Xss)
#   Set larger code cache with -XX:ReservedCodeCacheSize=
# This output file may be truncated or incomplete.
#
#  Out of Memory Error (os_linux.cpp:2827), pid=3165, tid=139997754386176
#
# JRE version: OpenJDK Runtime Environment (7.0_91-b02) (build 1.7.0_91-b02)
# Java VM: OpenJDK 64-Bit Server VM (24.91-b01 mixed mode linux-amd64 compressed oops)
# Derivative: IcedTea 2.6.3
# Distribution: Ubuntu 15.10, package 7u91-2.6.3-0ubuntu0.15.10.1
# Failed to write core dump. Core dumps have been disabled. To enable core dumping, try "ulimit -c unlimited" before starting Java again
#

---------------  T H R E A D  ---------------

Current thread (0x00007f53c0071800):  VMThread [stack: 0x00007f53c45b6000,0x00007f53c46b7000] [id=3171]

Stack: [0x00007f53c45b6000,0x00007f53c46b7000],  sp=0x00007f53c46b54c0,  free space=1021k
Native frames: (J=compiled Java code, j=interpreted, Vv=VM code, C=native code)
V  [libjvm.so+0x9948f3]  VMError::report_and_die()+0x183
V  [libjvm.so+0x48a9df]  report_vm_out_of_memory(char const*, int, unsigned long, char const*)+0x8f
V  [libjvm.so+0x80143b]  os::pd_commit_memory(char*, unsigned long, unsigned long, bool)+0xeb
V  [libjvm.so+0x7fb82e]  os::commit_memory(char*, unsigned long, unsigned long, bool)+0x2e
V  [libjvm.so+0x871c4b]  PSVirtualSpace::expand_by(unsigned long)+0x5b
V  [libjvm.so+0x85ff1a]  PSOldGen::expand_by(unsigned long) [clone .part.28] [clone .constprop.35]+0x2a
V  [libjvm.so+0x860123]  PSOldGen::expand(unsigned long) [clone .part.30] [clone .constprop.34]+0xe3
V  [libjvm.so+0x861098]  PSOldGen::resize(unsigned long)+0xf8
V  [libjvm.so+0x868d14]  PSParallelCompact::invoke_no_policy(bool) [clone .part.122]+0xa94
V  [libjvm.so+0x86fcbd]  PSScavenge::invoke()+0x20d
V  [libjvm.so+0x824df3]  ParallelScavengeHeap::failed_mem_allocate(unsigned long)+0x63
V  [libjvm.so+0x996392]  VM_ParallelGCFailedAllocation::doit()+0x92
V  [libjvm.so+0x99b0d7]  VM_Operation::evaluate()+0x47
V  [libjvm.so+0x998968]  VMThread::evaluate_operation(VM_Operation*) [clone .constprop.31]+0xb8
V  [libjvm.so+0x999cdf]  VMThread::loop()+0x24f
V  [libjvm.so+0x99a1d1]  VMThread::run()+0x81
V  [libjvm.so+0x7fe362]  java_start(Thread*)+0xf2

VM_Operation (0x00007f5393af5c00): ParallelGCFailedAllocation, mode: safepoint, requested by thread 0x00007f538000d800


---------------  P R O C E S S  ---------------

Java Threads: ( => current thread )
  0x00007f5384004000 JavaThread "Stdin handler" [_thread_blocked, id=4196, stack(0x00007f53938f7000,0x00007f53939f8000)]
  0x00007f538000d800 JavaThread "Daemon worker Thread 7" [_thread_blocked, id=4195, stack(0x00007f53939f8000,0x00007f5393af9000)]
  0x00007f5380003800 JavaThread "Cancel handler" [_thread_blocked, id=4194, stack(0x00007f5393af9000,0x00007f5393bfa000)]
  0x00007f5380001800 JavaThread "Handler for socket connection from /127.0.0.1:39606 to /127.0.0.1:36594" [_thread_in_native, id=4193, stack(0x00007f5393bfa000,0x00007f5393cfb000)]
  0x00007f5388003800 JavaThread "Daemon Thread 7" [_thread_blocked, id=4192, stack(0x00007f5393cfb000,0x00007f5393dfc000)]
  0x0000000001d47800 JavaThread "File lock request listener" [_thread_in_native, id=3189, stack(0x00007f539378b000,0x00007f539388c000)]
  0x00007f53c0a24800 JavaThread "Incoming local TCP Connector on port 39606" [_thread_in_native, id=3179, stack(0x00007f53b804d000,0x00007f53b814e000)]
  0x00007f53c00ab800 JavaThread "Service Thread" daemon [_thread_blocked, id=3177, stack(0x00007f53ba01c000,0x00007f53ba11d000)]
  0x00007f53c00a9000 JavaThread "C2 CompilerThread1" daemon [_thread_blocked, id=3176, stack(0x00007f53c40b1000,0x00007f53c41b2000)]
  0x00007f53c00a6000 JavaThread "C2 CompilerThread0" daemon [_thread_blocked, id=3175, stack(0x00007f53c41b2000,0x00007f53c42b3000)]
  0x00007f53c00a4000 JavaThread "Signal Dispatcher" daemon [_thread_blocked, id=3174, stack(0x00007f53c42b3000,0x00007f53c43b4000)]
  0x00007f53c0078000 JavaThread "Finalizer" daemon [_thread_blocked, id=3173, stack(0x00007f53c43b4000,0x00007f53c44b5000)]
  0x00007f53c0076000 JavaThread "Reference Handler" daemon [_thread_blocked, id=3172, stack(0x00007f53c44b5000,0x00007f53c45b6000)]
  0x00007f53c000a000 JavaThread "main" [_thread_blocked, id=3168, stack(0x00007f53c9062000,0x00007f53c9163000)]

Other Threads:
=>0x00007f53c0071800 VMThread [stack: 0x00007f53c45b6000,0x00007f53c46b7000] [id=3171]
  0x00007f53c00b6800 WatcherThread [stack: 0x00007f53b9f1b000,0x00007f53ba01c000] [id=3178]

VM state:at safepoint (normal execution)

VM Mutex/Monitor currently owned by a thread:  ([mutex/lock_event])
[0x00007f53c0006260] ExpandHeap_lock - owner thread: 0x00007f53c0071800
[0x00007f53c00068e0] Threads_lock - owner thread: 0x00007f53c0071800
[0x00007f53c0006de0] Heap_lock - owner thread: 0x00007f538000d800

Heap
 PSYoungGen      total 240640K, used 21222K [0x00000000eaa80000, 0x00000000fcd00000, 0x0000000100000000)
  eden space 201728K, 10% used [0x00000000eaa80000,0x00000000ebf398e8,0x00000000f6f80000)
  from space 38912K, 0% used [0x00000000f6f80000,0x00000000f6f80000,0x00000000f9580000)
  to   space 38400K, 0% used [0x00000000fa780000,0x00000000fa780000,0x00000000fcd00000)
 ParOldGen       total 108544K, used 108517K [0x00000000c0000000, 0x00000000c6a00000, 0x00000000eaa80000)
  object space 108544K, 99% used [0x00000000c0000000,0x00000000c69f9500,0x00000000c6a00000)
 PSPermGen       total 99840K, used 87468K [0x00000000b0000000, 0x00000000b6180000, 0x00000000c0000000)
  object space 99840K, 87% used [0x00000000b0000000,0x00000000b556b318,0x00000000b6180000)

Card table byte_map: [0x00007f53c596f000,0x00007f53c5bf0000] byte_map_base: 0x00007f53c53ef000

Polling page: 0x00007f53c9180000

Code Cache  [0x00007f53bd000000, 0x00007f53bd540000, 0x00007f53c0000000)
 total_blobs=1899 nmethods=1295 adapters=557 free_code_cache=43897Kb largest_free_block=44869056

Compilation events (10 events):
Event: 1907,787 Thread 0x00007f53c00a6000 1479             org.gradle.api.internal.plugins.UploadRule::apply (67 bytes)
Event: 1907,929 Thread 0x00007f53c00a6000 nmethod 1479 0x00007f53bd52be50 code [0x00007f53bd52c1c0, 0x00007f53bd52de60]
Event: 1907,955 Thread 0x00007f53c00a9000 1480             groovyjarjarasm.asm.ClassWriter::newClass (9 bytes)
Event: 1907,956 Thread 0x00007f53c00a9000 nmethod 1480 0x00007f53bd5199d0 code [0x00007f53bd519b20, 0x00007f53bd519ba8]
Event: 1910,079 Thread 0x00007f53c00a9000 1481             java.nio.ByteBuffer::put (55 bytes)
Event: 1910,090 Thread 0x00007f53c00a9000 nmethod 1481 0x00007f53bd51b890 code [0x00007f53bd51b9e0, 0x00007f53bd51bc58]
Event: 1910,888 Thread 0x00007f53c00a6000 1482             java.io.ObjectStreamClass$FieldReflector::getObjFieldValues (99 bytes)
Event: 1910,897 Thread 0x00007f53c00a6000 nmethod 1482 0x00007f53bd51b210 code [0x00007f53bd51b380, 0x00007f53bd51b5f8]
Event: 1911,421 Thread 0x00007f53c00a9000 1483             java.lang.String::split (326 bytes)
Event: 1911,513 Thread 0x00007f53c00a9000 nmethod 1483 0x00007f53bd532050 code [0x00007f53bd532340, 0x00007f53bd533e20]

GC Heap History (10 events):
Event: 1546,508 GC heap after
Heap after GC invocations=28 (full 7):
 PSYoungGen      total 240128K, used 21449K [0x00000000eaa80000, 0x00000000fba00000, 0x0000000100000000)
  eden space 203264K, 0% used [0x00000000eaa80000,0x00000000eaa80000,0x00000000f7100000)
  from space 36864K, 58% used [0x00000000f7100000,0x00000000f85f2650,0x00000000f9500000)
  to   space 37376K, 0% used [0x00000000f9580000,0x00000000f9580000,0x00000000fba00000)
 ParOldGen       total 108544K, used 66779K [0x00000000c0000000, 0x00000000c6a00000, 0x00000000eaa80000)
  object space 108544K, 61% used [0x00000000c0000000,0x00000000c4136e60,0x00000000c6a00000)
 PSPermGen       total 89088K, used 71875K [0x00000000b0000000, 0x00000000b5700000, 0x00000000c0000000)
  object space 89088K, 80% used [0x00000000b0000000,0x00000000b4630f08,0x00000000b5700000)
}
Event: 1546,518 GC heap before
{Heap before GC invocations=29 (full 8):
 PSYoungGen      total 240128K, used 21449K [0x00000000eaa80000, 0x00000000fba00000, 0x0000000100000000)
  eden space 203264K, 0% used [0x00000000eaa80000,0x00000000eaa80000,0x00000000f7100000)
  from space 36864K, 58% used [0x00000000f7100000,0x00000000f85f2650,0x00000000f9500000)
  to   space 37376K, 0% used [0x00000000f9580000,0x00000000f9580000,0x00000000fba00000)
 ParOldGen       total 108544K, used 66779K [0x00000000c0000000, 0x00000000c6a00000, 0x00000000eaa80000)
  object space 108544K, 61% used [0x00000000c0000000,0x00000000c4136e60,0x00000000c6a00000)
 PSPermGen       total 89088K, used 71875K [0x00000000b0000000, 0x00000000b5700000, 0x00000000c0000000)
  object space 89088K, 80% used [0x00000000b0000000,0x00000000b4630f08,0x00000000b5700000)
Event: 1547,323 GC heap after
Heap after GC invocations=29 (full 8):
 PSYoungGen      total 240128K, used 0K [0x00000000eaa80000, 0x00000000fba00000, 0x0000000100000000)
  eden space 203264K, 0% used [0x00000000eaa80000,0x00000000eaa80000,0x00000000f7100000)
  from space 36864K, 0% used [0x00000000f7100000,0x00000000f7100000,0x00000000f9500000)
  to   space 37376K, 0% used [0x00000000f9580000,0x00000000f9580000,0x00000000fba00000)
 ParOldGen       total 108544K, used 85972K [0x00000000c0000000, 0x00000000c6a00000, 0x00000000eaa80000)
  object space 108544K, 79% used [0x00000000c0000000,0x00000000c53f5268,0x00000000c6a00000)
 PSPermGen       total 94208K, used 71871K [0x00000000b0000000, 0x00000000b5c00000, 0x00000000c0000000)
  object space 94208K, 76% used [0x00000000b0000000,0x00000000b462fd60,0x00000000b5c00000)
}
Event: 1713,396 GC heap before
{Heap before GC invocations=30 (full 8):
 PSYoungGen      total 240128K, used 203264K [0x00000000eaa80000, 0x00000000fba00000, 0x0000000100000000)
  eden space 203264K, 100% used [0x00000000eaa80000,0x00000000f7100000,0x00000000f7100000)
  from space 36864K, 0% used [0x00000000f7100000,0x00000000f7100000,0x00000000f9500000)
  to   space 37376K, 0% used [0x00000000f9580000,0x00000000f9580000,0x00000000fba00000)
 ParOldGen       total 108544K, used 85972K [0x00000000c0000000, 0x00000000c6a00000, 0x00000000eaa80000)
  object space 108544K, 79% used [0x00000000c0000000,0x00000000c53f5268,0x00000000c6a00000)
 PSPermGen       total 94208K, used 79192K [0x00000000b0000000, 0x00000000b5c00000, 0x00000000c0000000)
  object space 94208K, 84% used [0x00000000b0000000,0x00000000b4d561b8,0x00000000b5c00000)
Event: 1713,453 GC heap after
Heap after GC invocations=30 (full 8):
 PSYoungGen      total 239104K, used 26236K [0x00000000eaa80000, 0x00000000fce00000, 0x0000000100000000)
  eden space 201728K, 0% used [0x00000000eaa80000,0x00000000eaa80000,0x00000000f6f80000)
  from space 37376K, 70% used [0x00000000f9580000,0x00000000faf1f378,0x00000000fba00000)
  to   space 38912K, 0% used [0x00000000f6f80000,0x00000000f6f80000,0x00000000f9580000)
 ParOldGen       total 108544K, used 85972K [0x00000000c0000000, 0x00000000c6a00000, 0x00000000eaa80000)
  object space 108544K, 79% used [0x00000000c0000000,0x00000000c53f5268,0x00000000c6a00000)
 PSPermGen       total 94208K, used 79192K [0x00000000b0000000, 0x00000000b5c00000, 0x00000000c0000000)
  object space 94208K, 84% used [0x00000000b0000000,0x00000000b4d561b8,0x00000000b5c00000)
}
Event: 1723,646 GC heap before
{Heap before GC invocations=31 (full 8):
 PSYoungGen      total 239104K, used 73093K [0x00000000eaa80000, 0x00000000fce00000, 0x0000000100000000)
  eden space 201728K, 23% used [0x00000000eaa80000,0x00000000ed842418,0x00000000f6f80000)
  from space 37376K, 70% used [0x00000000f9580000,0x00000000faf1f378,0x00000000fba00000)
  to   space 38912K, 0% used [0x00000000f6f80000,0x00000000f6f80000,0x00000000f9580000)
 ParOldGen       total 108544K, used 85972K [0x00000000c0000000, 0x00000000c6a00000, 0x00000000eaa80000)
  object space 108544K, 79% used [0x00000000c0000000,0x00000000c53f5268,0x00000000c6a00000)
 PSPermGen       total 94208K, used 80197K [0x00000000b0000000, 0x00000000b5c00000, 0x00000000c0000000)
  object space 94208K, 85% used [0x00000000b0000000,0x00000000b4e515d0,0x00000000b5c00000)
Event: 1723,698 GC heap after
Heap after GC invocations=31 (full 8):
 PSYoungGen      total 240640K, used 21025K [0x00000000eaa80000, 0x00000000fcd00000, 0x0000000100000000)
  eden space 201728K, 0% used [0x00000000eaa80000,0x00000000eaa80000,0x00000000f6f80000)
  from space 38912K, 54% used [0x00000000f6f80000,0x00000000f84087a8,0x00000000f9580000)
  to   space 38400K, 0% used [0x00000000fa780000,0x00000000fa780000,0x00000000fcd00000)
 ParOldGen       total 108544K, used 85972K [0x00000000c0000000, 0x00000000c6a00000, 0x00000000eaa80000)
  object space 108544K, 79% used [0x00000000c0000000,0x00000000c53f5268,0x00000000c6a00000)
 PSPermGen       total 94208K, used 80197K [0x00000000b0000000, 0x00000000b5c00000, 0x00000000c0000000)
  object space 94208K, 85% used [0x00000000b0000000,0x00000000b4e515d0,0x00000000b5c00000)
}
Event: 1723,721 GC heap before
{Heap before GC invocations=32 (full 9):
 PSYoungGen      total 240640K, used 21025K [0x00000000eaa80000, 0x00000000fcd00000, 0x0000000100000000)
  eden space 201728K, 0% used [0x00000000eaa80000,0x00000000eaa80000,0x00000000f6f80000)
  from space 38912K, 54% used [0x00000000f6f80000,0x00000000f84087a8,0x00000000f9580000)
  to   space 38400K, 0% used [0x00000000fa780000,0x00000000fa780000,0x00000000fcd00000)
 ParOldGen       total 108544K, used 85972K [0x00000000c0000000, 0x00000000c6a00000, 0x00000000eaa80000)
  object space 108544K, 79% used [0x00000000c0000000,0x00000000c53f5268,0x00000000c6a00000)
 PSPermGen       total 94208K, used 80197K [0x00000000b0000000, 0x00000000b5c00000, 0x00000000c0000000)
  object space 94208K, 85% used [0x00000000b0000000,0x00000000b4e515d0,0x00000000b5c00000)
Event: 1724,761 GC heap after
Heap after GC invocations=32 (full 9):
 PSYoungGen      total 240640K, used 0K [0x00000000eaa80000, 0x00000000fcd00000, 0x0000000100000000)
  eden space 201728K, 0% used [0x00000000eaa80000,0x00000000eaa80000,0x00000000f6f80000)
  from space 38912K, 0% used [0x00000000f6f80000,0x00000000f6f80000,0x00000000f9580000)
  to   space 38400K, 0% used [0x00000000fa780000,0x00000000fa780000,0x00000000fcd00000)
 ParOldGen       total 108544K, used 105087K [0x00000000c0000000, 0x00000000c6a00000, 0x00000000eaa80000)
  object space 108544K, 96% used [0x00000000c0000000,0x00000000c669fdf0,0x00000000c6a00000)
 PSPermGen       total 99840K, used 80193K [0x00000000b0000000, 0x00000000b6180000, 0x00000000c0000000)
  object space 99840K, 80% used [0x00000000b0000000,0x00000000b4e50408,0x00000000b6180000)
}
Event: 1912,250 GC heap before
{Heap before GC invocations=33 (full 10):
 PSYoungGen      total 240640K, used 201728K [0x00000000eaa80000, 0x00000000fcd00000, 0x0000000100000000)
  eden space 201728K, 100% used [0x00000000eaa80000,0x00000000f6f80000,0x00000000f6f80000)
  from space 38912K, 0% used [0x00000000f6f80000,0x00000000f6f80000,0x00000000f9580000)
  to   space 38400K, 0% used [0x00000000fa780000,0x00000000fa780000,0x00000000fcd00000)
 ParOldGen       total 108544K, used 105087K [0x00000000c0000000, 0x00000000c6a00000, 0x00000000eaa80000)
  object space 108544K, 96% used [0x00000000c0000000,0x00000000c669fdf0,0x00000000c6a00000)
 PSPermGen       total 99840K, used 87472K [0x00000000b0000000, 0x00000000b6180000, 0x00000000c0000000)
  object space 99840K, 87% used [0x00000000b0000000,0x00000000b556c320,0x00000000b6180000)

Deoptimization events (10 events):
Event: 1906,576 Thread 0x00007f538000d800 Uncommon trap: reason=predicate action=maybe_recompile pc=0x00007f53bd515300 method=java.util.TimSort.mergeHi(IIII)V @ 180
Event: 1906,667 Thread 0x00007f538000d800 Uncommon trap: reason=array_check action=maybe_recompile pc=0x00007f53bd51260c method=java.util.TimSort.mergeHi(IIII)V @ 239
Event: 1906,754 Thread 0x00007f538000d800 Uncommon trap: reason=array_check action=maybe_recompile pc=0x00007f53bd51260c method=java.util.TimSort.mergeHi(IIII)V @ 239
Event: 1907,107 Thread 0x00007f538000d800 Uncommon trap: reason=array_check action=maybe_recompile pc=0x00007f53bd517ed4 method=java.util.TimSort.mergeHi(IIII)V @ 271
Event: 1907,107 Thread 0x00007f538000d800 Uncommon trap: reason=array_check action=maybe_recompile pc=0x00007f53bd517fd8 method=java.util.TimSort.mergeHi(IIII)V @ 408
Event: 1907,179 Thread 0x00007f538000d800 Uncommon trap: reason=array_check action=maybe_recompile pc=0x00007f53bd517ed4 method=java.util.TimSort.mergeHi(IIII)V @ 271
Event: 1907,268 Thread 0x00007f538000d800 Uncommon trap: reason=array_check action=maybe_recompile pc=0x00007f53bd520db8 method=java.util.TimSort.mergeHi(IIII)V @ 512
Event: 1907,291 Thread 0x00007f538000d800 Uncommon trap: reason=array_check action=maybe_recompile pc=0x00007f53bd520db8 method=java.util.TimSort.mergeHi(IIII)V @ 512
Event: 1907,492 Thread 0x00007f538000d800 Uncommon trap: reason=array_check action=maybe_recompile pc=0x00007f53bd51e220 method=java.util.TimSort.mergeHi(IIII)V @ 645
Event: 1907,572 Thread 0x00007f538000d800 Uncommon trap: reason=array_check action=maybe_recompile pc=0x00007f53bd51e220 method=java.util.TimSort.mergeHi(IIII)V @ 645

Internal exceptions (10 events):
Event: 1911,719 Thread 0x00007f538000d800 Threw 0x00000000f6c60568 at /build/openjdk-7-slE2TM/openjdk-7-7u91-2.6.3/build/openjdk/hotspot/src/share/vm/prims/jvm.cpp:1322
Event: 1911,719 Thread 0x00007f538000d800 Threw 0x00000000f6c61ce8 at /build/openjdk-7-slE2TM/openjdk-7-7u91-2.6.3/build/openjdk/hotspot/src/share/vm/prims/jvm.cpp:1322
Event: 1911,719 Thread 0x00007f538000d800 Threw 0x00000000f6c62930 at /build/openjdk-7-slE2TM/openjdk-7-7u91-2.6.3/build/openjdk/hotspot/src/share/vm/prims/jvm.cpp:1322
Event: 1911,719 Thread 0x00007f538000d800 Threw 0x00000000f6c67830 at /build/openjdk-7-slE2TM/openjdk-7-7u91-2.6.3/build/openjdk/hotspot/src/share/vm/prims/jvm.cpp:1322
Event: 1911,719 Thread 0x00007f538000d800 Threw 0x00000000f6c67cd8 at /build/openjdk-7-slE2TM/openjdk-7-7u91-2.6.3/build/openjdk/hotspot/src/share/vm/classfile/systemDictionary.cpp:185
Event: 1911,719 Thread 0x00007f538000d800 Threw 0x00000000f6c6bce0 at /build/openjdk-7-slE2TM/openjdk-7-7u91-2.6.3/build/openjdk/hotspot/src/share/vm/prims/jvm.cpp:1322
Event: 1911,719 Thread 0x00007f538000d800 Threw 0x00000000f6c6d4a8 at /build/openjdk-7-slE2TM/openjdk-7-7u91-2.6.3/build/openjdk/hotspot/src/share/vm/prims/jvm.cpp:1322
Event: 1911,719 Thread 0x00007f538000d800 Threw 0x00000000f6c6e108 at /build/openjdk-7-slE2TM/openjdk-7-7u91-2.6.3/build/openjdk/hotspot/src/share/vm/prims/jvm.cpp:1322
Event: 1911,720 Thread 0x00007f538000d800 Threw 0x00000000f6c73198 at /build/openjdk-7-slE2TM/openjdk-7-7u91-2.6.3/build/openjdk/hotspot/src/share/vm/prims/jvm.cpp:1322
Event: 1911,720 Thread 0x00007f538000d800 Threw 0x00000000f6c73648 at /build/openjdk-7-slE2TM/openjdk-7-7u91-2.6.3/build/openjdk/hotspot/src/share/vm/classfile/systemDictionary.cpp:185

Events (10 events):
Event: 1911,717 loading class 0x00007f5384db08d0 done
Event: 1911,719 loading class 0x00007f5384c079e0
Event: 1911,719 loading class 0x00007f5384c079e0 done
Event: 1911,719 loading class 0x00007f5384c079e0
Event: 1911,719 loading class 0x00007f5384c079e0 done
Event: 1911,719 loading class 0x00007f5384c07970
Event: 1911,719 loading class 0x00007f5384c07970 done
Event: 1911,720 loading class 0x00007f5384c07970
Event: 1911,720 loading class 0x00007f5384c07970 done
Event: 1912,160 Executing VM operation: ParallelGCFailedAllocation


Dynamic libraries:
00400000-00401000 r-xp 00000000 08:04 2240065                            /usr/lib/jvm/java-7-openjdk-amd64/jre/bin/java
00600000-00601000 r--p 00000000 08:04 2240065                            /usr/lib/jvm/java-7-openjdk-amd64/jre/bin/java
00601000-00602000 rw-p 00001000 08:04 2240065                            /usr/lib/jvm/java-7-openjdk-amd64/jre/bin/java
01978000-02563000 rw-p 00000000 00:00 0                                  [heap]
b0000000-b6180000 rw-p 00000000 00:00 0 
b6180000-c0000000 rw-p 00000000 00:00 0 
c0000000-c6a00000 rw-p 00000000 00:00 0 
c9c00000-eaa80000 rw-p 00000000 00:00 0 
eaa80000-fcd00000 rw-p 00000000 00:00 0 
fcd00000-fce00000 ---p 00000000 00:00 0 
fce00000-100000000 rw-p 00000000 00:00 0 
7f5378000000-7f5378021000 rw-p 00000000 00:00 0 
7f5378021000-7f537c000000 ---p 00000000 00:00 0 
7f5380000000-7f5380021000 rw-p 00000000 00:00 0 
7f5380021000-7f5384000000 ---p 00000000 00:00 0 
7f5384000000-7f5385073000 rw-p 00000000 00:00 0 
7f5385073000-7f5388000000 ---p 00000000 00:00 0 
7f5388000000-7f538804b000 rw-p 00000000 00:00 0 
7f538804b000-7f538c000000 ---p 00000000 00:00 0 
7f538c000000-7f538c021000 rw-p 00000000 00:00 0 
7f538c021000-7f5390000000 ---p 00000000 00:00 0 
7f5392f90000-7f5392f91000 rw-p 00000000 00:00 0 
7f5392f91000-7f5392f94000 ---p 00000000 00:00 0 
7f5392f94000-7f5393092000 rw-p 00000000 00:00 0 
7f5393092000-7f5393095000 ---p 00000000 00:00 0 
7f5393095000-7f5393193000 rw-p 00000000 00:00 0 
7f5393193000-7f5393196000 ---p 00000000 00:00 0 
7f5393196000-7f5393294000 rw-p 00000000 00:00 0 
7f5393294000-7f5393297000 ---p 00000000 00:00 0 
7f5393297000-7f5393395000 rw-p 00000000 00:00 0 
7f5393395000-7f5393398000 ---p 00000000 00:00 0 
7f5393398000-7f5393496000 rw-p 00000000 00:00 0 
7f5393496000-7f5393499000 ---p 00000000 00:00 0 
7f5393499000-7f5393597000 rw-p 00000000 00:00 0 
7f5393597000-7f539359a000 ---p 00000000 00:00 0 
7f539359a000-7f5393698000 rw-p 00000000 00:00 0 
7f5393698000-7f539369a000 r--s 00004000 08:04 924768                     /home/emil/.gradle/caches/modules-2/files-2.1/org.ow2.asm/asm-tree/4.0/67bd266cd17adcee486b76952ece4cc85fe248b8/asm-tree-4.0.jar
7f539369a000-7f53936a3000 r--s 000a7000 08:04 924767                     /home/emil/.gradle/caches/modules-2/files-2.1/com.android.tools.external.lombok/lombok-ast/0.2.2/57e560b535ceaa14fb6f15422d74594acd6c5b64/lombok-ast-0.2.2.jar
7f53936a3000-7f53936a5000 r--s 0000a000 08:04 924766                     /home/emil/.gradle/caches/modules-2/files-2.1/org.ow2.asm/asm/4.0/659add6efc75a4715d738e73f07505246edf4d66/asm-4.0.jar
7f53936a5000-7f53936a7000 r--s 0000d000 08:04 924765                     /home/emil/.gradle/caches/modules-2/files-2.1/commons-codec/commons-codec/1.4/4216af16d38465bbab0f3dff8efa14204f7a399a/commons-codec-1.4.jar
7f53936a7000-7f53936a9000 r--s 0000d000 08:04 924764                     /home/emil/.gradle/caches/modules-2/files-2.1/commons-logging/commons-logging/1.1.1/5043bfebc3db072ed80fbd362e7caf00e885d8ae/commons-logging-1.1.1.jar
7f53936a9000-7f53936ae000 r--s 00028000 08:04 924763                     /home/emil/.gradle/caches/modules-2/files-2.1/org.apache.httpcomponents/httpcore/4.1/33fc26c02f8043ab0ede19eadc8c9885386b255c/httpcore-4.1.jar
7f53936ae000-7f53936af000 r--s 00004000 08:04 924762                     /home/emil/.gradle/caches/modules-2/files-2.1/org.ow2.asm/asm-analysis/4.0/1c45d52b6f6c638db13cf3ac12adeb56b254cdd7/asm-analysis-4.0.jar
7f53936af000-7f53936b2000 r--s 00029000 08:04 924761                     /home/emil/.gradle/caches/modules-2/files-2.1/com.android.tools.lint/lint-api/24.0.0/f7b3b232bc6a2a48a48dd3aedb80113c82d6acba/lint-api-24.0.0.jar
7f53936b2000-7f53936b9000 r--s 00053000 08:04 924760                     /home/emil/.gradle/caches/modules-2/files-2.1/org.apache.commons/commons-compress/1.8.1/a698750c16740fd5b3871425f4cb3bbaa87f529d/commons-compress-1.8.1.jar
7f53936b9000-7f53936ba000 r--s 00005000 08:04 924759                     /home/emil/.gradle/caches/modules-2/files-2.1/com.android.tools/dvlib/24.0.0/ae24752eb30a9154f5a3d822b64d28d709b9c30b/dvlib-24.0.0.jar
7f53936ba000-7f53936bc000 r--s 00005000 08:04 924758                     /home/emil/.gradle/caches/modules-2/files-2.1/org.apache.httpcomponents/httpmime/4.1/9ba2dcdf94ce35c8a8e9bff242db0618ca932e92/httpmime-4.1.jar
7f53936bc000-7f53936c4000 r--s 0004e000 08:04 924757                     /home/emil/.gradle/caches/modules-2/files-2.1/org.apache.httpcomponents/httpclient/4.1.1/3d1d918f32709e33ba7ddb2c4e8d1c543ebe713e/httpclient-4.1.1.jar
7f53936c4000-7f53936c7000 r--s 00011000 08:04 924756                     /home/emil/.gradle/caches/modules-2/files-2.1/com.android.tools.layoutlib/layoutlib-api/24.0.0/a43d5bf045da108875a860767c453078b0d77795/layoutlib-api-24.0.0.jar
7f53936c7000-7f53936c8000 r--s 0000a000 08:04 924755                     /home/emil/.gradle/caches/modules-2/files-2.1/net.sf.kxml/kxml2/2.3.0/ccbc77a5fd907ef863c29f3596c6f54ffa4e9442/kxml2-2.3.0.jar
7f53936c8000-7f53936f3000 r--s 001f9000 08:04 924754                     /home/emil/.gradle/caches/modules-2/files-2.1/com.google.guava/guava/17.0/9c6ef172e8de35fd8d4d8783e4821e57cdef7445/guava-17.0.jar
7f53936f3000-7f5393703000 r--s 000d3000 08:04 924753                     /home/emil/.gradle/caches/modules-2/files-2.1/net.sf.proguard/proguard-base/5.1/dc606dd778fe4685be16d5a171782ccfe0ef5637/proguard-base-5.1.jar
7f5393703000-7f5393712000 r--s 001a9000 08:04 924752                     /home/emil/.gradle/caches/modules-2/files-2.1/org.eclipse.jdt.core.compiler/ecj/4.2.2/d9fd79499c664bccaf24dbe04be417de6c6af64a/ecj-4.2.2.jar
7f5393712000-7f5393717000 r--s 0008c000 08:04 924751                     /home/emil/.gradle/caches/modules-2/files-2.1/com.android.tools.lint/lint-checks/24.0.0/9cb8d9c675a7716ac6f4d20df0ef0aba0e4519f5/lint-checks-24.0.0.jar
7f5393717000-7f5393725000 r--s 00081000 08:04 924749                     /home/emil/.gradle/caches/modules-2/files-2.1/org.bouncycastle/bcpkix-jdk15on/1.48/28b7614b908a47844bb27e3c94b45b6893656265/bcpkix-jdk15on-1.48.jar
7f5393725000-7f539372f000 r--s 000a8000 08:04 924747                     /home/emil/.gradle/caches/modules-2/files-2.1/com.android.tools/sdklib/24.0.0/df228874ac1c933b64492bdbe2d9bab5ab434166/sdklib-24.0.0.jar
7f539372f000-7f5393731000 r--s 00003000 08:04 924745                     /home/emil/.gradle/caches/modules-2/files-2.1/com.android.tools.build/builder-model/1.0.0/2a3969a9082b47a4855395de918682eee946285a/builder-model-1.0.0.jar
7f5393731000-7f5393734000 r--s 00029000 08:04 924744                     /home/emil/.gradle/caches/modules-2/files-2.1/com.android.tools.build/manifest-merger/24.0.0/d0193672ed299817e4be2ba1caeeda4924b0e447/manifest-merger-24.0.0.jar
7f5393734000-7f5393739000 r--s 00042000 08:04 924743                     /home/emil/.gradle/caches/modules-2/files-2.1/com.android.tools.ddms/ddmlib/24.0.0/25b4cd0c917c47ce599008f4431ecffa0a57b51a/ddmlib-24.0.0.jar
7f5393739000-7f539373a000 r--s 00000000 08:04 924742                     /home/emil/.gradle/caches/modules-2/files-2.1/com.android.tools.build/builder-test-api/1.0.0/2d6ea74b74f8d928e468ff623825d22a5d8a1649/builder-test-api-1.0.0.jar
7f539373a000-7f539373c000 r--s 00014000 08:04 924741                     /home/emil/.gradle/caches/modules-2/files-2.1/com.android.tools/common/24.0.0/271771234c82097345fb73c9571c403e22f62faf/common-24.0.0.jar
7f539373c000-7f539373e000 r--s 00002000 08:04 924740                     /home/emil/.gradle/caches/modules-2/files-2.1/com.squareup/javawriter/2.5.0/81241ff7078ef14f42ea2a8995fa09c096256e6b/javawriter-2.5.0.jar
7f539373e000-7f5393771000 r--s 00203000 08:04 924739                     /home/emil/.gradle/caches/modules-2/files-2.1/org.bouncycastle/bcprov-jdk15on/1.48/960dea7c9181ba0b17e8bab0c06a43f0a5f04e65/bcprov-jdk15on-1.48.jar
7f5393771000-7f5393776000 r--s 00047000 08:04 924738                     /home/emil/.gradle/caches/modules-2/files-2.1/com.android.tools/sdk-common/24.0.0/ebb1e063b8c370a88a38bf46036dce3892fe6c01/sdk-common-24.0.0.jar
7f5393776000-7f5393777000 r--s 00002000 08:04 924737                     /home/emil/.gradle/caches/modules-2/files-2.1/net.sf.proguard/proguard-gradle/5.1/672d43cbfde4765080e5bea19c51a2cc45dfc00/proguard-gradle-5.1.jar
7f5393777000-7f539377b000 r--s 00031000 08:04 924735                     /home/emil/.gradle/caches/modules-2/files-2.1/com.android.tools.build/builder/1.0.0/528fdfb8a4d51ae4177e7d913e88767916a84758/builder-1.0.0.jar
7f539377b000-7f539378b000 r--s 00138000 08:04 924734                     /home/emil/.gradle/caches/modules-2/files-2.1/com.android.tools.build/gradle/1.0.0/79f4ed9b6582ecec4d7b35aecfa45fbc48dadb96/gradle-1.0.0.jar
7f539378b000-7f539378e000 ---p 00000000 00:00 0 
7f539378e000-7f539388c000 rw-p 00000000 00:00 0                          [stack:3189]
7f539388c000-7f53938f7000 r--s 0069d000 08:04 2240313                    /usr/lib/jvm/java-7-openjdk-amd64/lib/tools.jar
7f53938f7000-7f53938fa000 ---p 00000000 00:00 0 
7f53938fa000-7f53939f8000 rw-p 00000000 00:00 0                          [stack:4196]
7f53939f8000-7f53939fb000 ---p 00000000 00:00 0 
7f53939fb000-7f5393af9000 rw-p 00000000 00:00 0                          [stack:4195]
7f5393af9000-7f5393afc000 ---p 00000000 00:00 0 
7f5393afc000-7f5393bfa000 rw-p 00000000 00:00 0                          [stack:4194]
7f5393bfa000-7f5393bfd000 ---p 00000000 00:00 0 
7f5393bfd000-7f5393cfb000 rw-p 00000000 00:00 0                          [stack:4193]
7f5393cfb000-7f5393cfe000 ---p 00000000 00:00 0 
7f5393cfe000-7f5393dfc000 rw-p 00000000 00:00 0                          [stack:4192]
7f5393dfc000-7f5393e00000 r-xp 00000000 08:04 925140                     /tmp/native-platform605750994919069547dir/libnative-platform.so
7f5393e00000-7f5393fff000 ---p 00004000 08:04 925140                     /tmp/native-platform605750994919069547dir/libnative-platform.so
7f5393fff000-7f5394000000 rw-p 00003000 08:04 925140                     /tmp/native-platform605750994919069547dir/libnative-platform.so
7f5394000000-7f5395298000 rw-p 00000000 00:00 0 
7f5395298000-7f5398000000 ---p 00000000 00:00 0 
7f5398000000-7f5398021000 rw-p 00000000 00:00 0 
7f5398021000-7f539c000000 ---p 00000000 00:00 0 
7f539c000000-7f539c021000 rw-p 00000000 00:00 0 
7f539c021000-7f53a0000000 ---p 00000000 00:00 0 
7f53a0000000-7f53a1898000 rw-p 00000000 00:00 0 
7f53a1898000-7f53a4000000 ---p 00000000 00:00 0 
7f53a4000000-7f53a4021000 rw-p 00000000 00:00 0 
7f53a4021000-7f53a8000000 ---p 00000000 00:00 0 
7f53a8000000-7f53a8021000 rw-p 00000000 00:00 0 
7f53a8021000-7f53ac000000 ---p 00000000 00:00 0 
7f53ac000000-7f53ac0a6000 rw-p 00000000 00:00 0 
7f53ac0a6000-7f53b0000000 ---p 00000000 00:00 0 
7f53b0000000-7f53b0243000 rw-p 00000000 00:00 0 
7f53b0243000-7f53b4000000 ---p 00000000 00:00 0 
7f53b4000000-7f53b4088000 rw-p 00000000 00:00 0 
7f53b4088000-7f53b8000000 ---p 00000000 00:00 0 
7f53b8000000-7f53b8002000 r--s 00018000 08:04 924736                     /home/emil/.gradle/caches/modules-2/files-2.1/com.android.tools.lint/lint/24.0.0/e3d6e09a113af66fd2e5dc6e4d2321d7b0d82328/lint-24.0.0.jar
7f53b8002000-7f53b800c000 r--s 000ae000 08:04 2240149                    /usr/lib/jvm/java-7-openjdk-amd64/jre/lib/resources.jar
7f53b800c000-7f53b800f000 ---p 00000000 00:00 0 
7f53b800f000-7f53b8045000 rw-p 00000000 00:00 0 
7f53b8045000-7f53b8046000 r--p 00000000 00:00 0 
7f53b8046000-7f53b804d000 r--s 00000000 08:04 2491682                    /usr/lib/x86_64-linux-gnu/gconv/gconv-modules.cache
7f53b804d000-7f53b8050000 ---p 00000000 00:00 0 
7f53b8050000-7f53b814e000 rw-p 00000000 00:00 0                          [stack:3179]
7f53b814e000-7f53b8153000 r--s 0004e000 08:04 2240141                    /usr/lib/jvm/java-7-openjdk-amd64/jre/lib/jsse.jar
7f53b8153000-7f53b8157000 r--s 00025000 08:04 272938                     /home/emil/.gradle/wrapper/dists/gradle-2.2.1-all/2m8005s69iu8v0oiejfej094b/gradle-2.2.1/lib/plugins/bcpg-jdk15-1.46.jar
7f53b8157000-7f53b815a000 r--s 0001d000 08:04 272898                     /home/emil/.gradle/wrapper/dists/gradle-2.2.1-all/2m8005s69iu8v0oiejfej094b/gradle-2.2.1/lib/plugins/gradle-signing-2.2.1.jar
7f53b815a000-7f53b815b000 r--s 00001000 08:04 272917                     /home/emil/.gradle/wrapper/dists/gradle-2.2.1-all/2m8005s69iu8v0oiejfej094b/gradle-2.2.1/lib/plugins/gradle-plugin-development-2.2.1.jar
7f53b815b000-7f53b815d000 r--s 00002000 08:04 272916                     /home/emil/.gradle/wrapper/dists/gradle-2.2.1-all/2m8005s69iu8v0oiejfej094b/gradle-2.2.1/lib/plugins/gradle-cunit-2.2.1.jar
7f53b815d000-7f53b8162000 r--s 00036000 08:04 272915                     /home/emil/.gradle/wrapper/dists/gradle-2.2.1-all/2m8005s69iu8v0oiejfej094b/gradle-2.2.1/lib/plugins/gradle-ide-native-2.2.1.jar
7f53b8162000-7f53b8167000 r--s 00013000 08:04 272914                     /home/emil/.gradle/wrapper/dists/gradle-2.2.1-all/2m8005s69iu8v0oiejfej094b/gradle-2.2.1/lib/plugins/gradle-language-native-2.2.1.jar
7f53b8167000-7f53b8172000 r--s 0004d000 08:04 272913                     /home/emil/.gradle/wrapper/dists/gradle-2.2.1-all/2m8005s69iu8v0oiejfej094b/gradle-2.2.1/lib/plugins/gradle-platform-native-2.2.1.jar
7f53b8172000-7f53b8174000 r--s 00008000 08:04 272912                     /home/emil/.gradle/wrapper/dists/gradle-2.2.1-all/2m8005s69iu8v0oiejfej094b/gradle-2.2.1/lib/plugins/gradle-language-groovy-2.2.1.jar
7f53b8174000-7f53b8179000 r--s 00022000 08:04 272911                     /home/emil/.gradle/wrapper/dists/gradle-2.2.1-all/2m8005s69iu8v0oiejfej094b/gradle-2.2.1/lib/plugins/gradle-language-java-2.2.1.jar
7f53b8179000-7f53b817c000 r--s 00007000 08:04 272910                     /home/emil/.gradle/wrapper/dists/gradle-2.2.1-all/2m8005s69iu8v0oiejfej094b/gradle-2.2.1/lib/plugins/gradle-language-jvm-2.2.1.jar
7f53b817c000-7f53b817f000 r--s 00009000 08:04 272909                     /home/emil/.gradle/wrapper/dists/gradle-2.2.1-all/2m8005s69iu8v0oiejfej094b/gradle-2.2.1/lib/plugins/gradle-platform-jvm-2.2.1.jar
7f53b817f000-7f53b8184000 r--s 00018000 08:04 272908                     /home/emil/.gradle/wrapper/dists/gradle-2.2.1-all/2m8005s69iu8v0oiejfej094b/gradle-2.2.1/lib/plugins/gradle-platform-base-2.2.1.jar
7f53b8184000-7f53b8189000 r--s 00026000 08:04 272907                     /home/emil/.gradle/wrapper/dists/gradle-2.2.1-all/2m8005s69iu8v0oiejfej094b/gradle-2.2.1/lib/plugins/gradle-build-init-2.2.1.jar
7f53b8189000-7f53b818c000 r--s 0001d000 08:04 272906                     /home/emil/.gradle/wrapper/dists/gradle-2.2.1-all/2m8005s69iu8v0oiejfej094b/gradle-2.2.1/lib/plugins/gradle-jacoco-2.2.1.jar
7f53b818c000-7f53b818f000 r--s 0000d000 08:04 272905                     /home/emil/.gradle/wrapper/dists/gradle-2.2.1-all/2m8005s69iu8v0oiejfej094b/gradle-2.2.1/lib/plugins/gradle-ivy-2.2.1.jar
7f53b818f000-7f53b8191000 r--s 00002000 08:04 272904                     /home/emil/.gradle/wrapper/dists/gradle-2.2.1-all/2m8005s69iu8v0oiejfej094b/gradle-2.2.1/lib/plugins/gradle-publish-2.2.1.jar
7f53b8191000-7f53b8193000 r--s 00005000 08:04 272942                     /home/emil/.gradle/wrapper/dists/gradle-2.2.1-all/2m8005s69iu8v0oiejfej094b/gradle-2.2.1/lib/plugins/jatl-0.2.2.jar
7f53b8193000-7f53b8195000 r--s 0000f000 08:04 272903                     /home/emil/.gradle/wrapper/dists/gradle-2.2.1-all/2m8005s69iu8v0oiejfej094b/gradle-2.2.1/lib/plugins/gradle-reporting-2.2.1.jar
7f53b8195000-7f53b819a000 r--s 00034000 08:04 272902                     /home/emil/.gradle/wrapper/dists/gradle-2.2.1-all/2m8005s69iu8v0oiejfej094b/gradle-2.2.1/lib/plugins/gradle-diagnostics-2.2.1.jar
7f53b819a000-7f53b81a1000 r--s 00090000 08:04 272901                     /home/emil/.gradle/wrapper/dists/gradle-2.2.1-all/2m8005s69iu8v0oiejfej094b/gradle-2.2.1/lib/plugins/gradle-build-comparison-2.2.1.jar
7f53b81a1000-7f53b81a8000 r--s 00035000 08:04 272941                     /home/emil/.gradle/wrapper/dists/gradle-2.2.1-all/2m8005s69iu8v0oiejfej094b/gradle-2.2.1/lib/plugins/simple-4.1.21.jar
7f53b81a8000-7f53b81b4000 r--s 00100000 08:04 272939                     /home/emil/.gradle/wrapper/dists/gradle-2.2.1-all/2m8005s69iu8v0oiejfej094b/gradle-2.2.1/lib/plugins/rhino-1.7R3.jar
7f53b81b4000-7f53b81b9000 r--s 0001f000 08:04 272900                     /home/emil/.gradle/wrapper/dists/gradle-2.2.1-all/2m8005s69iu8v0oiejfej094b/gradle-2.2.1/lib/plugins/gradle-javascript-2.2.1.jar
7f53b81b9000-7f53b81bb000 r--s 0000e000 08:04 272899                     /home/emil/.gradle/wrapper/dists/gradle-2.2.1-all/2m8005s69iu8v0oiejfej094b/gradle-2.2.1/lib/plugins/gradle-ear-2.2.1.jar
7f53b81bb000-7f53b81bc000 r--s 00002000 08:04 272937                     /home/emil/.gradle/wrapper/dists/gradle-2.2.1-all/2m8005s69iu8v0oiejfej094b/gradle-2.2.1/lib/plugins/sonar-batch-bootstrapper-2.9.jar
7f53b81bc000-7f53b81bf000 r--s 00018000 08:04 272897                     /home/emil/.gradle/wrapper/dists/gradle-2.2.1-all/2m8005s69iu8v0oiejfej094b/gradle-2.2.1/lib/plugins/gradle-sonar-2.2.1.jar
7f53b81bf000-7f53b81c2000 r--s 00017000 08:04 272896                     /home/emil/.gradle/wrapper/dists/gradle-2.2.1-all/2m8005s69iu8v0oiejfej094b/gradle-2.2.1/lib/plugins/gradle-scala-2.2.1.jar
7f53b81c2000-7f53b81c4000 r--s 0000e000 08:04 272895                     /home/emil/.gradle/wrapper/dists/gradle-2.2.1-all/2m8005s69iu8v0oiejfej094b/gradle-2.2.1/lib/plugins/gradle-announce-2.2.1.jar
7f53b81c4000-7f53b81d2000 r--s 000bc000 08:04 272894                     /home/emil/.gradle/wrapper/dists/gradle-2.2.1-all/2m8005s69iu8v0oiejfej094b/gradle-2.2.1/lib/plugins/gradle-ide-2.2.1.jar
7f53b81d2000-7f53b81d4000 r--s 00000000 08:04 272936                     /home/emil/.gradle/wrapper/dists/gradle-2.2.1-all/2m8005s69iu8v0oiejfej094b/gradle-2.2.1/lib/plugins/plexus-component-annotations-1.5.2.jar
7f53b81d4000-7f53b81d7000 r--s 0000c000 08:04 272935                     /home/emil/.gradle/wrapper/dists/gradle-2.2.1-all/2m8005s69iu8v0oiejfej094b/gradle-2.2.1/lib/plugins/pmaven-groovy-0.8-20100325.jar
7f53b81d7000-7f53b81d8000 r--s 00004000 08:04 272934                     /home/emil/.gradle/wrapper/dists/gradle-2.2.1-all/2m8005s69iu8v0oiejfej094b/gradle-2.2.1/lib/plugins/pmaven-common-0.8-20100325.jar
7f53b81d8000-7f53b81dc000 r--s 0001e000 08:04 272893                     /home/emil/.gradle/wrapper/dists/gradle-2.2.1-all/2m8005s69iu8v0oiejfej094b/gradle-2.2.1/lib/plugins/gradle-maven-2.2.1.jar
7f53b81dc000-7f53b81f4000 r--s 0013b000 08:04 272932                     /home/emil/.gradle/wrapper/dists/gradle-2.2.1-all/2m8005s69iu8v0oiejfej094b/gradle-2.2.1/lib/plugins/bndlib-2.1.0.jar
7f53b81f4000-7f53b81f6000 r--s 00004000 08:04 272892                     /home/emil/.gradle/wrapper/dists/gradle-2.2.1-all/2m8005s69iu8v0oiejfej094b/gradle-2.2.1/lib/plugins/gradle-osgi-2.2.1.jar
7f53b81f6000-7f53b81fb000 r--s 00068000 08:04 272931                     /home/emil/.gradle/wrapper/dists/gradle-2.2.1-all/2m8005s69iu8v0oiejfej094b/gradle-2.2.1/lib/plugins/antlr-2.7.7.jar
7f53b81fb000-7f53b81fc000 r--s 00002000 08:04 272930                     /home/emil/.gradle/wrapper/dists/gradle-2.2.1-all/2m8005s69iu8v0oiejfej094b/gradle-2.2.1/lib/plugins/ant-antlr-1.9.3.jar
7f53b81fc000-7f53b81fe000 r--s 00004000 08:04 272891                     /home/emil/.gradle/wrapper/dists/gradle-2.2.1-all/2m8005s69iu8v0oiejfej094b/gradle-2.2.1/lib/plugins/gradle-antlr-2.2.1.jar
7f53b81fe000-7f53b8201000 r--s 0001e000 08:04 272953                     /home/emil/.gradle/wrapper/dists/gradle-2.2.1-all/2m8005s69iu8v0oiejfej094b/gradle-2.2.1/lib/plugins/jsp-api-2.1-6.1.14.jar
7f53b8201000-7f53b8224000 r--s 00344000 08:04 272952                     /home/emil/.gradle/wrapper/dists/gradle-2.2.1-all/2m8005s69iu8v0oiejfej094b/gradle-2.2.1/lib/plugins/core-3.1.1.jar
7f53b8224000-7f53b8225000 r--s 00006000 08:04 272951                     /home/emil/.gradle/wrapper/dists/gradle-2.2.1-all/2m8005s69iu8v0oiejfej094b/gradle-2.2.1/lib/plugins/jetty-naming-6.1.25.jar
7f53b8225000-7f53b8226000 r--s 00002000 08:04 272929                     /home/emil/.gradle/wrapper/dists/gradle-2.2.1-all/2m8005s69iu8v0oiejfej094b/gradle-2.2.1/lib/plugins/geronimo-annotation_1.0_spec-1.0.jar
7f53b8226000-7f53b8228000 r--s 00002000 08:04 272928                     /home/emil/.gradle/wrapper/dists/gradle-2.2.1-all/2m8005s69iu8v0oiejfej094b/gradle-2.2.1/lib/plugins/jetty-annotations-6.1.25.jar
7f53b8228000-7f53b8239000 r--s 000ea000 08:04 272927                     /home/emil/.gradle/wrapper/dists/gradle-2.2.1-all/2m8005s69iu8v0oiejfej094b/gradle-2.2.1/lib/plugins/jsp-2.1-6.1.14.jar
7f53b8239000-7f53b823b000 r--s 0000d000 08:04 272926                     /home/emil/.gradle/wrapper/dists/gradle-2.2.1-all/2m8005s69iu8v0oiejfej094b/gradle-2.2.1/lib/plugins/jetty-plus-6.1.25.jar
7f53b823b000-7f53b823d000 r--s 0001f000 08:04 272925                     /home/emil/.gradle/wrapper/dists/gradle-2.2.1-all/2m8005s69iu8v0oiejfej094b/gradle-2.2.1/lib/plugins/servlet-api-2.5-20081211.jar
7f53b823d000-7f53b8241000 r--s 00028000 08:04 272924                     /home/emil/.gradle/wrapper/dists/gradle-2.2.1-all/2m8005s69iu8v0oiejfej094b/gradle-2.2.1/lib/plugins/jetty-util-6.1.25.jar
7f53b8241000-7f53b8248000 r--s 0007d000 08:04 272923                     /home/emil/.gradle/wrapper/dists/gradle-2.2.1-all/2m8005s69iu8v0oiejfej094b/gradle-2.2.1/lib/plugins/jetty-6.1.25.jar
7f53b8248000-7f53b824a000 r--s 00009000 08:04 272890                     /home/emil/.gradle/wrapper/dists/gradle-2.2.1-all/2m8005s69iu8v0oiejfej094b/gradle-2.2.1/lib/plugins/gradle-jetty-2.2.1.jar
7f53b824a000-7f53b824f000 r--s 00041000 08:04 272889                     /home/emil/.gradle/wrapper/dists/gradle-2.2.1-all/2m8005s69iu8v0oiejfej094b/gradle-2.2.1/lib/plugins/gradle-code-quality-2.2.1.jar
7f53b824f000-7f53b8251000 r--s 00009000 08:04 272961                     /home/emil/.gradle/wrapper/dists/gradle-2.2.1-all/2m8005s69iu8v0oiejfej094b/gradle-2.2.1/lib/plugins/hamcrest-core-1.3.jar
7f53b8251000-7f53b8257000 r--s 00033000 08:04 272950                     /home/emil/.gradle/wrapper/dists/gradle-2.2.1-all/2m8005s69iu8v0oiejfej094b/gradle-2.2.1/lib/plugins/snakeyaml-1.6.jar
7f53b8257000-7f53b8259000 r--s 00006000 08:04 272949                     /home/emil/.gradle/wrapper/dists/gradle-2.2.1-all/2m8005s69iu8v0oiejfej094b/gradle-2.2.1/lib/plugins/jcommander-1.12.jar
7f53b8259000-7f53b825e000 r--s 00040000 08:04 272948                     /home/emil/.gradle/wrapper/dists/gradle-2.2.1-all/2m8005s69iu8v0oiejfej094b/gradle-2.2.1/lib/plugins/bsh-2.0b4.jar
7f53b825e000-7f53b8260000 r--s 00009000 08:04 272922                     /home/emil/.gradle/wrapper/dists/gradle-2.2.1-all/2m8005s69iu8v0oiejfej094b/gradle-2.2.1/lib/plugins/commons-cli-1.2.jar
7f53b8260000-7f53b8269000 r--s 00089000 08:04 272921                     /home/emil/.gradle/wrapper/dists/gradle-2.2.1-all/2m8005s69iu8v0oiejfej094b/gradle-2.2.1/lib/plugins/testng-6.3.1.jar
7f53b8269000-7f53b826f000 r--s 00036000 08:04 272920                     /home/emil/.gradle/wrapper/dists/gradle-2.2.1-all/2m8005s69iu8v0oiejfej094b/gradle-2.2.1/lib/plugins/junit-4.11.jar
7f53b826f000-7f53b827b000 r--s 00075000 08:04 272888                     /home/emil/.gradle/wrapper/dists/gradle-2.2.1-all/2m8005s69iu8v0oiejfej094b/gradle-2.2.1/lib/plugins/gradle-plugins-2.2.1.jar
7f53b827b000-7f53b827e000 r--s 00011000 08:04 272918                     /home/emil/.gradle/wrapper/dists/gradle-2.2.1-all/2m8005s69iu8v0oiejfej094b/gradle-2.2.1/lib/plugins/gradle-plugin-use-2.2.1.jar
7f53b827e000-7f53b8296000 r--s 00115000 08:04 272959                     /home/emil/.gradle/wrapper/dists/gradle-2.2.1-all/2m8005s69iu8v0oiejfej094b/gradle-2.2.1/lib/plugins/xercesImpl-2.9.1.jar
7f53b8296000-7f53b829e000 r--s 00028000 08:04 272960                     /home/emil/.gradle/wrapper/dists/gradle-2.2.1-all/2m8005s69iu8v0oiejfej094b/gradle-2.2.1/lib/plugins/xml-apis-1.3.04.jar
7f53b829e000-7f53b82a4000 r--s 0005b000 08:04 272958                     /home/emil/.gradle/wrapper/dists/gradle-2.2.1-all/2m8005s69iu8v0oiejfej094b/gradle-2.2.1/lib/plugins/jcifs-1.3.17.jar
7f53b82a4000-7f53b82aa000 r--s 00031000 08:04 272957                     /home/emil/.gradle/wrapper/dists/gradle-2.2.1-all/2m8005s69iu8v0oiejfej094b/gradle-2.2.1/lib/plugins/httpcore-4.2.2.jar
7f53b82aa000-7f53b82b0000 r--s 00033000 08:04 272956                     /home/emil/.gradle/wrapper/dists/gradle-2.2.1-all/2m8005s69iu8v0oiejfej094b/gradle-2.2.1/lib/plugins/commons-codec-1.6.jar
7f53b82b0000-7f53b82b3000 r--s 0001c000 08:04 272955                     /home/emil/.gradle/wrapper/dists/gradle-2.2.1-all/2m8005s69iu8v0oiejfej094b/gradle-2.2.1/lib/plugins/nekohtml-1.9.14.jar
7f53b82b3000-7f53b82bc000 r--s 00060000 08:04 272954                     /home/emil/.gradle/wrapper/dists/gradle-2.2.1-all/2m8005s69iu8v0oiejfej094b/gradle-2.2.1/lib/plugins/httpclient-4.2.2.jar
7f53b82bc000-7f53b82be000 r--s 00007000 08:04 272943                     /home/emil/.gradle/wrapper/dists/gradle-2.2.1-all/2m8005s69iu8v0oiejfej094b/gradle-2.2.1/lib/plugins/gradle-resources-http-2.2.1.jar
7f53b82be000-7f53b82e6000 r--s 00194000 08:04 272947                     /home/emil/.gradle/wrapper/dists/gradle-2.2.1-all/2m8005s69iu8v0oiejfej094b/gradle-2.2.1/lib/plugins/bcprov-jdk15-1.46.jar
7f53b82e6000-7f53b82ea000 r--s 0001d000 08:04 272946                     /home/emil/.gradle/wrapper/dists/gradle-2.2.1-all/2m8005s69iu8v0oiejfej094b/gradle-2.2.1/lib/plugins/xbean-reflect-3.4.jar
7f53b82ea000-7f53b82ef000 r--s 0002a000 08:04 272940                     /home/emil/.gradle/wrapper/dists/gradle-2.2.1-all/2m8005s69iu8v0oiejfej094b/gradle-2.2.1/lib/plugins/gson-2.2.4.jar
7f53b82ef000-7f53b82f3000 r--s 0003d000 08:04 272945                     /home/emil/.gradle/wrapper/dists/gradle-2.2.1-all/2m8005s69iu8v0oiejfej094b/gradle-2.2.1/lib/plugins/jsch-0.1.51.jar
7f53b82f3000-7f53b830c000 r--s 00129000 08:04 272933                     /home/emil/.gradle/wrapper/dists/gradle-2.2.1-all/2m8005s69iu8v0oiejfej094b/gradle-2.2.1/lib/plugins/maven-ant-tasks-2.1.3.jar
7f53b830c000-7f53b831b000 r--s 000d9000 08:04 272944                     /home/emil/.gradle/wrapper/dists/gradle-2.2.1-all/2m8005s69iu8v0oiejfej094b/gradle-2.2.1/lib/plugins/ivy-2.2.0.jar
7f53b831b000-7f53b831f000 r--s 0001e000 08:04 272887                     /home/emil/.gradle/wrapper/dists/gradle-2.2.1-all/2m8005s69iu8v0oiejfej094b/gradle-2.2.1/lib/plugins/jarjar-aether-impl-1.13.1.jar
7f53b831f000-7f53b8322000 r--s 00027000 08:04 272886                     /home/emil/.gradle/wrapper/dists/gradle-2.2.1-all/2m8005s69iu8v0oiejfej094b/gradle-2.2.1/lib/plugins/jarjar-maven-model-3.0.4.jar
7f53b8322000-7f53b8325000 r--s 0000b000 08:04 272885                     /home/emil/.gradle/wrapper/dists/gradle-2.2.1-all/2m8005s69iu8v0oiejfej094b/gradle-2.2.1/lib/plugins/jarjar-maven-artifact-3.0.4.jar
7f53b8325000-7f53b8329000 r--s 0001e000 08:04 272884                     /home/emil/.gradle/wrapper/dists/gradle-2.2.1-all/2m8005s69iu8v0oiejfej094b/gradle-2.2.1/lib/plugins/jarjar-aether-util-1.13.1.jar
7f53b8329000-7f53b832b000 r--s 00007000 08:04 272883                     /home/emil/.gradle/wrapper/dists/gradle-2.2.1-all/2m8005s69iu8v0oiejfej094b/gradle-2.2.1/lib/plugins/jarjar-wagon-http-shared4-2.4.jar
7f53b832b000-7f53b8338000 r--s 00083000 08:04 272882                     /home/emil/.gradle/wrapper/dists/gradle-2.2.1-all/2m8005s69iu8v0oiejfej094b/gradle-2.2.1/lib/plugins/jarjar-maven-core-3.0.4.jar
7f53b8338000-7f53b833a000 r--s 00003000 08:04 272881                     /home/emil/.gradle/wrapper/dists/gradle-2.2.1-all/2m8005s69iu8v0oiejfej094b/gradle-2.2.1/lib/plugins/jarjar-aether-spi-1.13.1.jar
7f53b833a000-7f53b833c000 r--s 00009000 08:04 272880                     /home/emil/.gradle/wrapper/dists/gradle-2.2.1-all/2m8005s69iu8v0oiejfej094b/gradle-2.2.1/lib/plugins/jarjar-maven-settings-builder-3.0.4.jar
7f53b833c000-7f53b8340000 r--s 00014000 08:04 272879                     /home/emil/.gradle/wrapper/dists/gradle-2.2.1-all/2m8005s69iu8v0oiejfej094b/gradle-2.2.1/lib/plugins/jarjar-aether-api-1.13.1.jar
7f53b8340000-7f53b8341000 r--s 00002000 08:04 272878                     /home/emil/.gradle/wrapper/dists/gradle-2.2.1-all/2m8005s69iu8v0oiejfej094b/gradle-2.2.1/lib/plugins/jarjar-wagon-http-2.4.jar
7f53b8341000-7f53b8348000 r--s 00042000 08:04 272877                     /home/emil/.gradle/wrapper/dists/gradle-2.2.1-all/2m8005s69iu8v0oiejfej094b/gradle-2.2.1/lib/plugins/jarjar-maven-compat-3.0.4.jar
7f53b8348000-7f53b834a000 r--s 00006000 08:04 272876                     /home/emil/.gradle/wrapper/dists/gradle-2.2.1-all/2m8005s69iu8v0oiejfej094b/gradle-2.2.1/lib/plugins/jarjar-aether-connector-wagon-1.13.1.jar
7f53b834a000-7f53b834c000 r--s 00000000 08:04 272875                     /home/emil/.gradle/wrapper/dists/gradle-2.2.1-all/2m8005s69iu8v0oiejfej094b/gradle-2.2.1/lib/plugins/jarjar-plexus-component-annotations-1.5.5.jar
7f53b834c000-7f53b834e000 r--s 00006000 08:04 272874                     /home/emil/.gradle/wrapper/dists/gradle-2.2.1-all/2m8005s69iu8v0oiejfej094b/gradle-2.2.1/lib/plugins/jarjar-plexus-sec-dispatcher-1.3.jar
7f53b834e000-7f53b8353000 r--s 00022000 08:04 272873                     /home/emil/.gradle/wrapper/dists/gradle-2.2.1-all/2m8005s69iu8v0oiejfej094b/gradle-2.2.1/lib/plugins/jarjar-maven-model-builder-3.0.4.jar
7f53b8353000-7f53b8355000 r--s 0000b000 08:04 272872                     /home/emil/.gradle/wrapper/dists/gradle-2.2.1-all/2m8005s69iu8v0oiejfej094b/gradle-2.2.1/lib/plugins/jarjar-maven-plugin-api-3.0.4.jar
7f53b8355000-7f53b8358000 r--s 0000a000 08:04 272871                     /home/emil/.gradle/wrapper/dists/gradle-2.2.1-all/2m8005s69iu8v0oiejfej094b/gradle-2.2.1/lib/plugins/jarjar-plexus-classworlds-2.4.jar
7f53b8358000-7f53b835c000 r--s 00035000 08:04 272870                     /home/emil/.gradle/wrapper/dists/gradle-2.2.1-all/2m8005s69iu8v0oiejfej094b/gradle-2.2.1/lib/plugins/jarjar-plexus-utils-2.0.6.jar
7f53b835c000-7f53b835e000 r--s 0000e000 08:04 272869                     /home/emil/.gradle/wrapper/dists/gradle-2.2.1-all/2m8005s69iu8v0oiejfej094b/gradle-2.2.1/lib/plugins/jarjar-plexus-interpolation-1.14.jar
7f53b835e000-7f53b8360000 r--s 00002000 08:04 272868                     /home/emil/.gradle/wrapper/dists/gradle-2.2.1-all/2m8005s69iu8v0oiejfej094b/gradle-2.2.1/lib/plugins/jarjar-plexus-cipher-1.7.jar
7f53b8360000-7f53b8362000 r--s 0000c000 08:04 272867                     /home/emil/.gradle/wrapper/dists/gradle-2.2.1-all/2m8005s69iu8v0oiejfej094b/gradle-2.2.1/lib/plugins/jarjar-wagon-provider-api-2.4.jar
7f53b8362000-7f53b8364000 r--s 0000d000 08:04 272866                     /home/emil/.gradle/wrapper/dists/gradle-2.2.1-all/2m8005s69iu8v0oiejfej094b/gradle-2.2.1/lib/plugins/jarjar-maven-aether-provider-3.0.4.jar
7f53b8364000-7f53b836c000 r--s 00031000 08:04 272865                     /home/emil/.gradle/wrapper/dists/gradle-2.2.1-all/2m8005s69iu8v0oiejfej094b/gradle-2.2.1/lib/plugins/jarjar-plexus-container-default-1.5.5.jar
7f53b836c000-7f53b836d000 r--s 00007000 08:04 272864                     /home/emil/.gradle/wrapper/dists/gradle-2.2.1-all/2m8005s69iu8v0oiejfej094b/gradle-2.2.1/lib/plugins/jarjar-maven-repository-metadata-3.0.4.jar
7f53b836d000-7f53b837e000 r-xp 00000000 08:04 2240095                    /usr/lib/jvm/java-7-openjdk-amd64/jre/lib/amd64/libnio.so
7f53b837e000-7f53b857d000 ---p 00011000 08:04 2240095                    /usr/lib/jvm/java-7-openjdk-amd64/jre/lib/amd64/libnio.so
7f53b857d000-7f53b857e000 r--p 00010000 08:04 2240095                    /usr/lib/jvm/java-7-openjdk-amd64/jre/lib/amd64/libnio.so
7f53b857e000-7f53b857f000 rw-p 00011000 08:04 2240095                    /usr/lib/jvm/java-7-openjdk-amd64/jre/lib/amd64/libnio.so
7f53b857f000-7f53b8880000 rw-p 00000000 00:00 0 
7f53b8880000-7f53b88ec000 r-xp 00000000 08:04 529142                     /lib/x86_64-linux-gnu/libpcre.so.3.13.1
7f53b88ec000-7f53b8aeb000 ---p 0006c000 08:04 529142                     /lib/x86_64-linux-gnu/libpcre.so.3.13.1
7f53b8aeb000-7f53b8aec000 r--p 0006b000 08:04 529142                     /lib/x86_64-linux-gnu/libpcre.so.3.13.1
7f53b8aec000-7f53b8aed000 rw-p 0006c000 08:04 529142                     /lib/x86_64-linux-gnu/libpcre.so.3.13.1
7f53b8aed000-7f53b8af4000 r-xp 00000000 08:04 2107953                    /usr/lib/x86_64-linux-gnu/libffi.so.6.0.4
7f53b8af4000-7f53b8cf3000 ---p 00007000 08:04 2107953                    /usr/lib/x86_64-linux-gnu/libffi.so.6.0.4
7f53b8cf3000-7f53b8cf4000 r--p 00006000 08:04 2107953                    /usr/lib/x86_64-linux-gnu/libffi.so.6.0.4
7f53b8cf4000-7f53b8cf5000 rw-p 00007000 08:04 2107953                    /usr/lib/x86_64-linux-gnu/libffi.so.6.0.4
7f53b8cf5000-7f53b8d0c000 r-xp 00000000 08:04 529165                     /lib/x86_64-linux-gnu/libresolv-2.21.so
7f53b8d0c000-7f53b8f0c000 ---p 00017000 08:04 529165                     /lib/x86_64-linux-gnu/libresolv-2.21.so
7f53b8f0c000-7f53b8f0e000 r--p 00017000 08:04 529165                     /lib/x86_64-linux-gnu/libresolv-2.21.so
7f53b8f0e000-7f53b8f0f000 rw-p 00019000 08:04 529165                     /lib/x86_64-linux-gnu/libresolv-2.21.so
7f53b8f0f000-7f53b8f11000 rw-p 00000000 00:00 0 
7f53b8f11000-7f53b8f32000 r-xp 00000000 08:04 529171                     /lib/x86_64-linux-gnu/libselinux.so.1
7f53b8f32000-7f53b9131000 ---p 00021000 08:04 529171                     /lib/x86_64-linux-gnu/libselinux.so.1
7f53b9131000-7f53b9132000 r--p 00020000 08:04 529171                     /lib/x86_64-linux-gnu/libselinux.so.1
7f53b9132000-7f53b9133000 rw-p 00021000 08:04 529171                     /lib/x86_64-linux-gnu/libselinux.so.1
7f53b9133000-7f53b9135000 rw-p 00000000 00:00 0 
7f53b9135000-7f53b9138000 r-xp 00000000 08:04 2097575                    /usr/lib/x86_64-linux-gnu/libgmodule-2.0.so.0.4600.2
7f53b9138000-7f53b9337000 ---p 00003000 08:04 2097575                    /usr/lib/x86_64-linux-gnu/libgmodule-2.0.so.0.4600.2
7f53b9337000-7f53b9338000 r--p 00002000 08:04 2097575                    /usr/lib/x86_64-linux-gnu/libgmodule-2.0.so.0.4600.2
7f53b9338000-7f53b9339000 rw-p 00003000 08:04 2097575                    /usr/lib/x86_64-linux-gnu/libgmodule-2.0.so.0.4600.2
7f53b9339000-7f53b9446000 r-xp 00000000 08:04 525537                     /lib/x86_64-linux-gnu/libglib-2.0.so.0.4600.2
7f53b9446000-7f53b9645000 ---p 0010d000 08:04 525537                     /lib/x86_64-linux-gnu/libglib-2.0.so.0.4600.2
7f53b9645000-7f53b9646000 r--p 0010c000 08:04 525537                     /lib/x86_64-linux-gnu/libglib-2.0.so.0.4600.2
7f53b9646000-7f53b9647000 rw-p 0010d000 08:04 525537                     /lib/x86_64-linux-gnu/libglib-2.0.so.0.4600.2
7f53b9647000-7f53b9648000 rw-p 00000000 00:00 0 
7f53b9648000-7f53b969a000 r-xp 00000000 08:04 2097578                    /usr/lib/x86_64-linux-gnu/libgobject-2.0.so.0.4600.2
7f53b969a000-7f53b9899000 ---p 00052000 08:04 2097578                    /usr/lib/x86_64-linux-gnu/libgobject-2.0.so.0.4600.2
7f53b9899000-7f53b989a000 r--p 00051000 08:04 2097578                    /usr/lib/x86_64-linux-gnu/libgobject-2.0.so.0.4600.2
7f53b989a000-7f53b989b000 rw-p 00052000 08:04 2097578                    /usr/lib/x86_64-linux-gnu/libgobject-2.0.so.0.4600.2
7f53b989b000-7f53b9a15000 r-xp 00000000 08:04 2097557                    /usr/lib/x86_64-linux-gnu/libgio-2.0.so.0.4600.2
7f53b9a15000-7f53b9c14000 ---p 0017a000 08:04 2097557                    /usr/lib/x86_64-linux-gnu/libgio-2.0.so.0.4600.2
7f53b9c14000-7f53b9c18000 r--p 00179000 08:04 2097557                    /usr/lib/x86_64-linux-gnu/libgio-2.0.so.0.4600.2
7f53b9c18000-7f53b9c1a000 rw-p 0017d000 08:04 2097557                    /usr/lib/x86_64-linux-gnu/libgio-2.0.so.0.4600.2
7f53b9c1a000-7f53b9c1c000 rw-p 00000000 00:00 0 
7f53b9c1c000-7f53b9c1d000 r--s 0000b000 08:04 272863                     /home/emil/.gradle/wrapper/dists/gradle-2.2.1-all/2m8005s69iu8v0oiejfej094b/gradle-2.2.1/lib/plugins/jarjar-maven-settings-3.0.4.jar
7f53b9c1d000-7f53b9c35000 r--s 000b5000 08:04 272919                     /home/emil/.gradle/wrapper/dists/gradle-2.2.1-all/2m8005s69iu8v0oiejfej094b/gradle-2.2.1/lib/plugins/gradle-dependency-management-2.2.1.jar
7f53b9c35000-7f53b9c4c000 r-xp 00000000 08:04 2240128                    /usr/lib/jvm/java-7-openjdk-amd64/jre/lib/amd64/libnet.so
7f53b9c4c000-7f53b9e4c000 ---p 00017000 08:04 2240128                    /usr/lib/jvm/java-7-openjdk-amd64/jre/lib/amd64/libnet.so
7f53b9e4c000-7f53b9e4d000 r--p 00017000 08:04 2240128                    /usr/lib/jvm/java-7-openjdk-amd64/jre/lib/amd64/libnet.so
7f53b9e4d000-7f53b9e4e000 rw-p 00018000 08:04 2240128                    /usr/lib/jvm/java-7-openjdk-amd64/jre/lib/amd64/libnet.so
7f53b9e4e000-7f53b9e4f000 r--s 00005000 08:04 272814                     /home/emil/.gradle/wrapper/dists/gradle-2.2.1-all/2m8005s69iu8v0oiejfej094b/gradle-2.2.1/lib/gradle-wrapper-2.2.1.jar
7f53b9e4f000-7f53b9e58000 r--s 0002c000 08:04 272819                     /home/emil/.gradle/wrapper/dists/gradle-2.2.1-all/2m8005s69iu8v0oiejfej094b/gradle-2.2.1/lib/gradle-tooling-api-2.2.1.jar
7f53b9e58000-7f53b9e5a000 r--s 00002000 08:04 272843                     /home/emil/.gradle/wrapper/dists/gradle-2.2.1-all/2m8005s69iu8v0oiejfej094b/gradle-2.2.1/lib/gradle-open-api-2.2.1.jar
7f53b9e5a000-7f53b9e60000 r--s 00032000 08:04 272845                     /home/emil/.gradle/wrapper/dists/gradle-2.2.1-all/2m8005s69iu8v0oiejfej094b/gradle-2.2.1/lib/jaxen-1.1.jar
7f53b9e60000-7f53b9e65000 r--s 00048000 08:04 272844                     /home/emil/.gradle/wrapper/dists/gradle-2.2.1-all/2m8005s69iu8v0oiejfej094b/gradle-2.2.1/lib/dom4j-1.6.1.jar
7f53b9e65000-7f53b9e70000 r--s 00059000 08:04 272818                     /home/emil/.gradle/wrapper/dists/gradle-2.2.1-all/2m8005s69iu8v0oiejfej094b/gradle-2.2.1/lib/gradle-ui-2.2.1.jar
7f53b9e70000-7f53b9e72000 r--s 00006000 08:04 272839                     /home/emil/.gradle/wrapper/dists/gradle-2.2.1-all/2m8005s69iu8v0oiejfej094b/gradle-2.2.1/lib/gradle-resources-2.2.1.jar
7f53b9e72000-7f53b9e74000 r--s 00007000 08:04 272861                     /home/emil/.gradle/wrapper/dists/gradle-2.2.1-all/2m8005s69iu8v0oiejfej094b/gradle-2.2.1/lib/objenesis-1.2.jar
7f53b9e74000-7f53b9e76000 r--s 00000000 08:04 272860                     /home/emil/.gradle/wrapper/dists/gradle-2.2.1-all/2m8005s69iu8v0oiejfej094b/gradle-2.2.1/lib/minlog-1.2.jar
7f53b9e76000-7f53b9e78000 r--s 0000f000 08:04 272859                     /home/emil/.gradle/wrapper/dists/gradle-2.2.1-all/2m8005s69iu8v0oiejfej094b/gradle-2.2.1/lib/reflectasm-1.07-shaded.jar
7f53b9e78000-7f53b9e7c000 r--s 00026000 08:04 272850                     /home/emil/.gradle/wrapper/dists/gradle-2.2.1-all/2m8005s69iu8v0oiejfej094b/gradle-2.2.1/lib/kryo-2.20.jar
7f53b9e7c000-7f53b9e85000 r--s 00039000 08:04 272838                     /home/emil/.gradle/wrapper/dists/gradle-2.2.1-all/2m8005s69iu8v0oiejfej094b/gradle-2.2.1/lib/gradle-messaging-2.2.1.jar
7f53b9e85000-7f53b9e86000 r--s 00003000 08:04 272858                     /home/emil/.gradle/wrapper/dists/gradle-2.2.1-all/2m8005s69iu8v0oiejfej094b/gradle-2.2.1/lib/native-platform-freebsd-amd64-0.10.jar
7f53b9e86000-7f53b9e87000 r--s 00003000 08:04 272857                     /home/emil/.gradle/wrapper/dists/gradle-2.2.1-all/2m8005s69iu8v0oiejfej094b/gradle-2.2.1/lib/native-platform-freebsd-i386-0.10.jar
7f53b9e87000-7f53b9e88000 r--s 00005000 08:04 272856                     /home/emil/.gradle/wrapper/dists/gradle-2.2.1-all/2m8005s69iu8v0oiejfej094b/gradle-2.2.1/lib/native-platform-windows-i386-0.10.jar
7f53b9e88000-7f53b9e89000 r--s 00005000 08:04 272855                     /home/emil/.gradle/wrapper/dists/gradle-2.2.1-all/2m8005s69iu8v0oiejfej094b/gradle-2.2.1/lib/native-platform-windows-amd64-0.10.jar
7f53b9e89000-7f53b9e8a000 r--s 00003000 08:04 272854                     /home/emil/.gradle/wrapper/dists/gradle-2.2.1-all/2m8005s69iu8v0oiejfej094b/gradle-2.2.1/lib/native-platform-linux-i386-0.10.jar
7f53b9e8a000-7f53b9e8b000 r--s 00003000 08:04 272853                     /home/emil/.gradle/wrapper/dists/gradle-2.2.1-all/2m8005s69iu8v0oiejfej094b/gradle-2.2.1/lib/native-platform-linux-amd64-0.10.jar
7f53b9e8b000-7f53b9e8c000 r--s 00002000 08:04 272852                     /home/emil/.gradle/wrapper/dists/gradle-2.2.1-all/2m8005s69iu8v0oiejfej094b/gradle-2.2.1/lib/native-platform-osx-amd64-0.10.jar
7f53b9e8c000-7f53b9e8d000 r--s 00002000 08:04 272851                     /home/emil/.gradle/wrapper/dists/gradle-2.2.1-all/2m8005s69iu8v0oiejfej094b/gradle-2.2.1/lib/native-platform-osx-i386-0.10.jar
7f53b9e8d000-7f53b9e8f000 r--s 00008000 08:04 272848                     /home/emil/.gradle/wrapper/dists/gradle-2.2.1-all/2m8005s69iu8v0oiejfej094b/gradle-2.2.1/lib/jansi-1.2.1.jar
7f53b9e8f000-7f53b9e92000 r--s 0000d000 08:04 272847                     /home/emil/.gradle/wrapper/dists/gradle-2.2.1-all/2m8005s69iu8v0oiejfej094b/gradle-2.2.1/lib/native-platform-0.10.jar
7f53b9e92000-7f53b9e96000 r--s 000e4000 08:04 272846                     /home/emil/.gradle/wrapper/dists/gradle-2.2.1-all/2m8005s69iu8v0oiejfej094b/gradle-2.2.1/lib/jna-3.2.7.jar
7f53b9e96000-7f53b9e98000 r--s 00008000 08:04 272820                     /home/emil/.gradle/wrapper/dists/gradle-2.2.1-all/2m8005s69iu8v0oiejfej094b/gradle-2.2.1/lib/gradle-native-2.2.1.jar
7f53b9e98000-7f53b9e9a000 r--s 00005000 08:04 272817                     /home/emil/.gradle/wrapper/dists/gradle-2.2.1-all/2m8005s69iu8v0oiejfej094b/gradle-2.2.1/lib/gradle-cli-2.2.1.jar
7f53b9e9a000-7f53b9e9c000 r--s 00003000 08:04 272837                     /home/emil/.gradle/wrapper/dists/gradle-2.2.1-all/2m8005s69iu8v0oiejfej094b/gradle-2.2.1/lib/gradle-base-services-groovy-2.2.1.jar
7f53b9e9c000-7f53b9e9e000 r--s 0000a000 08:04 272825                     /home/emil/.gradle/wrapper/dists/gradle-2.2.1-all/2m8005s69iu8v0oiejfej094b/gradle-2.2.1/lib/gradle-model-groovy-2.2.1.jar
7f53b9e9e000-7f53b9ea2000 r--s 0001b000 08:04 272824                     /home/emil/.gradle/wrapper/dists/gradle-2.2.1-all/2m8005s69iu8v0oiejfej094b/gradle-2.2.1/lib/gradle-model-core-2.2.1.jar
7f53b9ea2000-7f53b9ea3000 r--s 00000000 08:04 272840                     /home/emil/.gradle/wrapper/dists/gradle-2.2.1-all/2m8005s69iu8v0oiejfej094b/gradle-2.2.1/lib/gradle-docs-2.2.1.jar
7f53b9ea3000-7f53b9ea5000 r--s 00003000 08:04 272842                     /home/emil/.gradle/wrapper/dists/gradle-2.2.1-all/2m8005s69iu8v0oiejfej094b/gradle-2.2.1/lib/jcl-over-slf4j-1.7.7.jar
7f53b9ea5000-7f53b9ea6000 r--s 00005000 08:04 272841                     /home/emil/.gradle/wrapper/dists/gradle-2.2.1-all/2m8005s69iu8v0oiejfej094b/gradle-2.2.1/lib/log4j-over-slf4j-1.7.7.jar
7f53b9ea6000-7f53b9ea7000 r--s 00000000 08:04 272836                     /home/emil/.gradle/wrapper/dists/gradle-2.2.1-all/2m8005s69iu8v0oiejfej094b/gradle-2.2.1/lib/javax.inject-1.jar
7f53b9ea7000-7f53b9eaa000 r--s 0001b000 08:04 272835                     /home/emil/.gradle/wrapper/dists/gradle-2.2.1-all/2m8005s69iu8v0oiejfej094b/gradle-2.2.1/lib/jarjar-1.3.jar
7f53b9eaa000-7f53b9eb0000 r--s 0003b000 08:04 272832                     /home/emil/.gradle/wrapper/dists/gradle-2.2.1-all/2m8005s69iu8v0oiejfej094b/gradle-2.2.1/lib/logback-classic-1.0.13.jar
7f53b9eb0000-7f53b9f1b000 r--s 00685000 08:04 272823                     /home/emil/.gradle/wrapper/dists/gradle-2.2.1-all/2m8005s69iu8v0oiejfej094b/gradle-2.2.1/lib/groovy-all-2.3.6.jar
7f53b9f1b000-7f53b9f1c000 ---p 00000000 00:00 0 
7f53b9f1c000-7f53ba01c000 rw-p 00000000 00:00 0                          [stack:3178]
7f53ba01c000-7f53ba01f000 ---p 00000000 00:00 0 
7f53ba01f000-7f53ba11d000 rw-p 00000000 00:00 0                          [stack:3177]
7f53ba11d000-7f53ba800000 r--p 00000000 08:04 2106024                    /usr/lib/locale/locale-archive
7f53ba800000-7f53bd000000 rw-p 00000000 00:00 0 
7f53bd000000-7f53bd540000 rwxp 00000000 00:00 0 
7f53bd540000-7f53c0a6f000 rw-p 00000000 00:00 0 
7f53c0a6f000-7f53c4000000 ---p 00000000 00:00 0 
7f53c4000000-7f53c4002000 r--s 00000000 08:04 272834                     /home/emil/.gradle/wrapper/dists/gradle-2.2.1-all/2m8005s69iu8v0oiejfej094b/gradle-2.2.1/lib/jul-to-slf4j-1.7.7.jar
7f53c4002000-7f53c400c000 r--s 0005d000 08:04 272831                     /home/emil/.gradle/wrapper/dists/gradle-2.2.1-all/2m8005s69iu8v0oiejfej094b/gradle-2.2.1/lib/logback-core-1.0.13.jar
7f53c400c000-7f53c4011000 r--s 00041000 08:04 272830                     /home/emil/.gradle/wrapper/dists/gradle-2.2.1-all/2m8005s69iu8v0oiejfej094b/gradle-2.2.1/lib/commons-lang-2.6.jar
7f53c4011000-7f53c4014000 r--s 00018000 08:04 272829                     /home/emil/.gradle/wrapper/dists/gradle-2.2.1-all/2m8005s69iu8v0oiejfej094b/gradle-2.2.1/lib/commons-io-1.4.jar
7f53c4014000-7f53c4022000 r--s 0007f000 08:04 272828                     /home/emil/.gradle/wrapper/dists/gradle-2.2.1-all/2m8005s69iu8v0oiejfej094b/gradle-2.2.1/lib/commons-collections-3.2.1.jar
7f53c4022000-7f53c4027000 r--s 00036000 08:04 272826                     /home/emil/.gradle/wrapper/dists/gradle-2.2.1-all/2m8005s69iu8v0oiejfej094b/gradle-2.2.1/lib/asm-all-5.0.3.jar
7f53c4027000-7f53c404f000 r--s 001cf000 08:04 272822                     /home/emil/.gradle/wrapper/dists/gradle-2.2.1-all/2m8005s69iu8v0oiejfej094b/gradle-2.2.1/lib/guava-jdk5-17.0.jar
7f53c404f000-7f53c4051000 r--s 00006000 08:04 272821                     /home/emil/.gradle/wrapper/dists/gradle-2.2.1-all/2m8005s69iu8v0oiejfej094b/gradle-2.2.1/lib/slf4j-api-1.7.7.jar
7f53c4051000-7f53c4070000 r--s 001cc000 08:04 272827                     /home/emil/.gradle/wrapper/dists/gradle-2.2.1-all/2m8005s69iu8v0oiejfej094b/gradle-2.2.1/lib/ant-1.9.3.jar
7f53c4070000-7f53c4076000 r--s 00026000 08:04 272815                     /home/emil/.gradle/wrapper/dists/gradle-2.2.1-all/2m8005s69iu8v0oiejfej094b/gradle-2.2.1/lib/gradle-base-services-2.2.1.jar
7f53c4076000-7f53c40a7000 r--s 00191000 08:04 272816                     /home/emil/.gradle/wrapper/dists/gradle-2.2.1-all/2m8005s69iu8v0oiejfej094b/gradle-2.2.1/lib/gradle-core-2.2.1.jar
7f53c40a7000-7f53c40af000 r--s 0003c000 08:04 272813                     /home/emil/.gradle/wrapper/dists/gradle-2.2.1-all/2m8005s69iu8v0oiejfej094b/gradle-2.2.1/lib/gradle-launcher-2.2.1.jar
7f53c40af000-7f53c40b1000 r--s 00007000 08:04 2639250                    /usr/share/java/java-atk-wrapper.jar
7f53c40b1000-7f53c40b4000 ---p 00000000 00:00 0 
7f53c40b4000-7f53c41b2000 rw-p 00000000 00:00 0                          [stack:3176]
7f53c41b2000-7f53c41b5000 ---p 00000000 00:00 0 
7f53c41b5000-7f53c42b3000 rw-p 00000000 00:00 0                          [stack:3175]
7f53c42b3000-7f53c42b6000 ---p 00000000 00:00 0 
7f53c42b6000-7f53c43b4000 rw-p 00000000 00:00 0                          [stack:3174]
7f53c43b4000-7f53c43b7000 ---p 00000000 00:00 0 
7f53c43b7000-7f53c44b5000 rw-p 00000000 00:00 0                          [stack:3173]
7f53c44b5000-7f53c44b8000 ---p 00000000 00:00 0 
7f53c44b8000-7f53c45b6000 rw-p 00000000 00:00 0                          [stack:3172]
7f53c45b6000-7f53c45b7000 ---p 00000000 00:00 0 
7f53c45b7000-7f53c506c000 rw-p 00000000 00:00 0                          [stack:3171]
7f53c506c000-7f53c521e000 r--s 01d2e000 08:04 2240088                    /usr/lib/jvm/java-7-openjdk-amd64/jre/lib/rt.jar
7f53c521e000-7f53c5597000 rw-p 00000000 00:00 0 
7f53c5597000-7f53c5598000 ---p 00000000 00:00 0 
7f53c5598000-7f53c5698000 rw-p 00000000 00:00 0                          [stack:3170]
7f53c5698000-7f53c5699000 ---p 00000000 00:00 0 
7f53c5699000-7f53c57ca000 rw-p 00000000 00:00 0                          [stack:3169]
7f53c57ca000-7f53c5819000 rw-p 00000000 00:00 0 
7f53c5819000-7f53c584e000 rw-p 00000000 00:00 0 
7f53c584e000-7f53c596f000 rw-p 00000000 00:00 0 
7f53c596f000-7f53c59a0000 rw-p 00000000 00:00 0 
7f53c59a0000-7f53c59ef000 rw-p 00000000 00:00 0 
7f53c59ef000-7f53c5a24000 rw-p 00000000 00:00 0 
7f53c5a24000-7f53c5b44000 rw-p 00000000 00:00 0 
7f53c5b44000-7f53c5bd6000 rw-p 00000000 00:00 0 
7f53c5bd6000-7f53c5bef000 rw-p 00000000 00:00 0 
7f53c5bef000-7f53c5bf0000 rw-p 00000000 00:00 0 
7f53c5bf0000-7f53c5bf8000 r-xp 00000000 08:04 2240099                    /usr/lib/jvm/java-7-openjdk-amd64/jre/lib/amd64/libzip.so
7f53c5bf8000-7f53c5df7000 ---p 00008000 08:04 2240099                    /usr/lib/jvm/java-7-openjdk-amd64/jre/lib/amd64/libzip.so
7f53c5df7000-7f53c5df8000 r--p 00007000 08:04 2240099                    /usr/lib/jvm/java-7-openjdk-amd64/jre/lib/amd64/libzip.so
7f53c5df8000-7f53c5df9000 rw-p 00008000 08:04 2240099                    /usr/lib/jvm/java-7-openjdk-amd64/jre/lib/amd64/libzip.so
7f53c5df9000-7f53c5e05000 r-xp 00000000 08:04 529112                     /lib/x86_64-linux-gnu/libnss_files-2.21.so
7f53c5e05000-7f53c6004000 ---p 0000c000 08:04 529112                     /lib/x86_64-linux-gnu/libnss_files-2.21.so
7f53c6004000-7f53c6005000 r--p 0000b000 08:04 529112                     /lib/x86_64-linux-gnu/libnss_files-2.21.so
7f53c6005000-7f53c6006000 rw-p 0000c000 08:04 529112                     /lib/x86_64-linux-gnu/libnss_files-2.21.so
7f53c6006000-7f53c6011000 r-xp 00000000 08:04 529122                     /lib/x86_64-linux-gnu/libnss_nis-2.21.so
7f53c6011000-7f53c6210000 ---p 0000b000 08:04 529122                     /lib/x86_64-linux-gnu/libnss_nis-2.21.so
7f53c6210000-7f53c6211000 r--p 0000a000 08:04 529122                     /lib/x86_64-linux-gnu/libnss_nis-2.21.so
7f53c6211000-7f53c6212000 rw-p 0000b000 08:04 529122                     /lib/x86_64-linux-gnu/libnss_nis-2.21.so
7f53c6212000-7f53c6229000 r-xp 00000000 08:04 529106                     /lib/x86_64-linux-gnu/libnsl-2.21.so
7f53c6229000-7f53c6428000 ---p 00017000 08:04 529106                     /lib/x86_64-linux-gnu/libnsl-2.21.so
7f53c6428000-7f53c6429000 r--p 00016000 08:04 529106                     /lib/x86_64-linux-gnu/libnsl-2.21.so
7f53c6429000-7f53c642a000 rw-p 00017000 08:04 529106                     /lib/x86_64-linux-gnu/libnsl-2.21.so
7f53c642a000-7f53c642c000 rw-p 00000000 00:00 0 
7f53c642c000-7f53c6434000 r-xp 00000000 08:04 529108                     /lib/x86_64-linux-gnu/libnss_compat-2.21.so
7f53c6434000-7f53c6633000 ---p 00008000 08:04 529108                     /lib/x86_64-linux-gnu/libnss_compat-2.21.so
7f53c6633000-7f53c6634000 r--p 00007000 08:04 529108                     /lib/x86_64-linux-gnu/libnss_compat-2.21.so
7f53c6634000-7f53c6635000 rw-p 00008000 08:04 529108                     /lib/x86_64-linux-gnu/libnss_compat-2.21.so
7f53c6635000-7f53c6661000 r-xp 00000000 08:04 2240107                    /usr/lib/jvm/java-7-openjdk-amd64/jre/lib/amd64/libjava.so
7f53c6661000-7f53c6860000 ---p 0002c000 08:04 2240107                    /usr/lib/jvm/java-7-openjdk-amd64/jre/lib/amd64/libjava.so
7f53c6860000-7f53c6861000 r--p 0002b000 08:04 2240107                    /usr/lib/jvm/java-7-openjdk-amd64/jre/lib/amd64/libjava.so
7f53c6861000-7f53c6863000 rw-p 0002c000 08:04 2240107                    /usr/lib/jvm/java-7-openjdk-amd64/jre/lib/amd64/libjava.so
7f53c6863000-7f53c6872000 r-xp 00000000 08:04 2240123                    /usr/lib/jvm/java-7-openjdk-amd64/jre/lib/amd64/libverify.so
7f53c6872000-7f53c6a71000 ---p 0000f000 08:04 2240123                    /usr/lib/jvm/java-7-openjdk-amd64/jre/lib/amd64/libverify.so
7f53c6a71000-7f53c6a73000 r--p 0000e000 08:04 2240123                    /usr/lib/jvm/java-7-openjdk-amd64/jre/lib/amd64/libverify.so
7f53c6a73000-7f53c6a74000 rw-p 00010000 08:04 2240123                    /usr/lib/jvm/java-7-openjdk-amd64/jre/lib/amd64/libverify.so
7f53c6a74000-7f53c6a7b000 r-xp 00000000 08:04 529167                     /lib/x86_64-linux-gnu/librt-2.21.so
7f53c6a7b000-7f53c6c7a000 ---p 00007000 08:04 529167                     /lib/x86_64-linux-gnu/librt-2.21.so
7f53c6c7a000-7f53c6c7b000 r--p 00006000 08:04 529167                     /lib/x86_64-linux-gnu/librt-2.21.so
7f53c6c7b000-7f53c6c7c000 rw-p 00007000 08:04 529167                     /lib/x86_64-linux-gnu/librt-2.21.so
7f53c6c7c000-7f53c6c92000 r-xp 00000000 08:04 529056                     /lib/x86_64-linux-gnu/libgcc_s.so.1
7f53c6c92000-7f53c6e91000 ---p 00016000 08:04 529056                     /lib/x86_64-linux-gnu/libgcc_s.so.1
7f53c6e91000-7f53c6e92000 r--p 00015000 08:04 529056                     /lib/x86_64-linux-gnu/libgcc_s.so.1
7f53c6e92000-7f53c6e93000 rw-p 00016000 08:04 529056                     /lib/x86_64-linux-gnu/libgcc_s.so.1
7f53c6e93000-7f53c6f9a000 r-xp 00000000 08:04 529085                     /lib/x86_64-linux-gnu/libm-2.21.so
7f53c6f9a000-7f53c7199000 ---p 00107000 08:04 529085                     /lib/x86_64-linux-gnu/libm-2.21.so
7f53c7199000-7f53c719a000 r--p 00106000 08:04 529085                     /lib/x86_64-linux-gnu/libm-2.21.so
7f53c719a000-7f53c719b000 rw-p 00107000 08:04 529085                     /lib/x86_64-linux-gnu/libm-2.21.so
7f53c719b000-7f53c730e000 r-xp 00000000 08:04 2108610                    /usr/lib/x86_64-linux-gnu/libstdc++.so.6.0.21
7f53c730e000-7f53c750d000 ---p 00173000 08:04 2108610                    /usr/lib/x86_64-linux-gnu/libstdc++.so.6.0.21
7f53c750d000-7f53c7517000 r--p 00172000 08:04 2108610                    /usr/lib/x86_64-linux-gnu/libstdc++.so.6.0.21
7f53c7517000-7f53c7519000 rw-p 0017c000 08:04 2108610                    /usr/lib/x86_64-linux-gnu/libstdc++.so.6.0.21
7f53c7519000-7f53c751d000 rw-p 00000000 00:00 0 
7f53c751d000-7f53c806e000 r-xp 00000000 08:04 2240114                    /usr/lib/jvm/java-7-openjdk-amd64/jre/lib/amd64/server/libjvm.so
7f53c806e000-7f53c826d000 ---p 00b51000 08:04 2240114                    /usr/lib/jvm/java-7-openjdk-amd64/jre/lib/amd64/server/libjvm.so
7f53c826d000-7f53c82fe000 r--p 00b50000 08:04 2240114                    /usr/lib/jvm/java-7-openjdk-amd64/jre/lib/amd64/server/libjvm.so
7f53c82fe000-7f53c8321000 rw-p 00be1000 08:04 2240114                    /usr/lib/jvm/java-7-openjdk-amd64/jre/lib/amd64/server/libjvm.so
7f53c8321000-7f53c834c000 rw-p 00000000 00:00 0 
7f53c834c000-7f53c8365000 r-xp 00000000 08:04 529202                     /lib/x86_64-linux-gnu/libz.so.1.2.8
7f53c8365000-7f53c8564000 ---p 00019000 08:04 529202                     /lib/x86_64-linux-gnu/libz.so.1.2.8
7f53c8564000-7f53c8565000 r--p 00018000 08:04 529202                     /lib/x86_64-linux-gnu/libz.so.1.2.8
7f53c8565000-7f53c8566000 rw-p 00019000 08:04 529202                     /lib/x86_64-linux-gnu/libz.so.1.2.8
7f53c8566000-7f53c857e000 r-xp 00000000 08:04 529159                     /lib/x86_64-linux-gnu/libpthread-2.21.so
7f53c857e000-7f53c877e000 ---p 00018000 08:04 529159                     /lib/x86_64-linux-gnu/libpthread-2.21.so
7f53c877e000-7f53c877f000 r--p 00018000 08:04 529159                     /lib/x86_64-linux-gnu/libpthread-2.21.so
7f53c877f000-7f53c8780000 rw-p 00019000 08:04 529159                     /lib/x86_64-linux-gnu/libpthread-2.21.so
7f53c8780000-7f53c8784000 rw-p 00000000 00:00 0 
7f53c8784000-7f53c8787000 r-xp 00000000 08:04 529042                     /lib/x86_64-linux-gnu/libdl-2.21.so
7f53c8787000-7f53c8986000 ---p 00003000 08:04 529042                     /lib/x86_64-linux-gnu/libdl-2.21.so
7f53c8986000-7f53c8987000 r--p 00002000 08:04 529042                     /lib/x86_64-linux-gnu/libdl-2.21.so
7f53c8987000-7f53c8988000 rw-p 00003000 08:04 529042                     /lib/x86_64-linux-gnu/libdl-2.21.so
7f53c8988000-7f53c8b48000 r-xp 00000000 08:04 529023                     /lib/x86_64-linux-gnu/libc-2.21.so
7f53c8b48000-7f53c8d48000 ---p 001c0000 08:04 529023                     /lib/x86_64-linux-gnu/libc-2.21.so
7f53c8d48000-7f53c8d4c000 r--p 001c0000 08:04 529023                     /lib/x86_64-linux-gnu/libc-2.21.so
7f53c8d4c000-7f53c8d4e000 rw-p 001c4000 08:04 529023                     /lib/x86_64-linux-gnu/libc-2.21.so
7f53c8d4e000-7f53c8d52000 rw-p 00000000 00:00 0 
7f53c8d52000-7f53c8d5f000 r-xp 00000000 08:04 2240125                    /usr/lib/jvm/java-7-openjdk-amd64/jre/lib/amd64/jli/libjli.so
7f53c8d5f000-7f53c8f5e000 ---p 0000d000 08:04 2240125                    /usr/lib/jvm/java-7-openjdk-amd64/jre/lib/amd64/jli/libjli.so
7f53c8f5e000-7f53c8f5f000 r--p 0000c000 08:04 2240125                    /usr/lib/jvm/java-7-openjdk-amd64/jre/lib/amd64/jli/libjli.so
7f53c8f5f000-7f53c8f60000 rw-p 0000d000 08:04 2240125                    /usr/lib/jvm/java-7-openjdk-amd64/jre/lib/amd64/jli/libjli.so
7f53c8f60000-7f53c8f84000 r-xp 00000000 08:04 528995                     /lib/x86_64-linux-gnu/ld-2.21.so
7f53c8f84000-7f53c8f85000 r--s 00000000 08:04 272833                     /home/emil/.gradle/wrapper/dists/gradle-2.2.1-all/2m8005s69iu8v0oiejfej094b/gradle-2.2.1/lib/jcip-annotations-1.0.jar
7f53c8f85000-7f53c8f89000 r--s 0003c000 08:04 2240083                    /usr/lib/jvm/java-7-openjdk-amd64/jre/lib/ext/sunpkcs11.jar
7f53c8f89000-7f53c8fb7000 rw-p 00000000 00:00 0 
7f53c8fb7000-7f53c9062000 rw-p 00000000 00:00 0 
7f53c9062000-7f53c9065000 ---p 00000000 00:00 0 
7f53c9065000-7f53c9168000 rw-p 00000000 00:00 0                          [stack:3168]
7f53c9168000-7f53c9169000 r--s 00004000 08:04 272849                     /home/emil/.gradle/wrapper/dists/gradle-2.2.1-all/2m8005s69iu8v0oiejfej094b/gradle-2.2.1/lib/ant-launcher-1.9.3.jar
7f53c9169000-7f53c916b000 r--s 00012000 08:04 2240079                    /usr/lib/jvm/java-7-openjdk-amd64/jre/lib/ext/zipfs.jar
7f53c916b000-7f53c916e000 r--s 0000f000 08:04 2240081                    /usr/lib/jvm/java-7-openjdk-amd64/jre/lib/ext/icedtea-sound.jar
7f53c916e000-7f53c9172000 r--s 00034000 08:04 2240082                    /usr/lib/jvm/java-7-openjdk-amd64/jre/lib/ext/sunjce_provider.jar
7f53c9172000-7f53c9173000 r--s 00002000 08:04 2240084                    /usr/lib/jvm/java-7-openjdk-amd64/jre/lib/ext/dnsns.jar
7f53c9173000-7f53c9177000 r--s 00085000 08:04 2240080                    /usr/lib/jvm/java-7-openjdk-amd64/jre/lib/ext/localedata.jar
7f53c9177000-7f53c917f000 rw-s 00000000 08:04 925138                     /tmp/hsperfdata_emil/3165
7f53c917f000-7f53c9180000 rw-p 00000000 00:00 0 
7f53c9180000-7f53c9181000 ---p 00000000 00:00 0 
7f53c9181000-7f53c9183000 rw-p 00000000 00:00 0 
7f53c9183000-7f53c9184000 r--p 00023000 08:04 528995                     /lib/x86_64-linux-gnu/ld-2.21.so
7f53c9184000-7f53c9185000 rw-p 00024000 08:04 528995                     /lib/x86_64-linux-gnu/ld-2.21.so
7f53c9185000-7f53c9186000 rw-p 00000000 00:00 0 
7ffec4bcd000-7ffec4bef000 rw-p 00000000 00:00 0                          [stack]
7ffec4bf3000-7ffec4bf5000 r--p 00000000 00:00 0                          [vvar]
7ffec4bf5000-7ffec4bf7000 r-xp 00000000 00:00 0                          [vdso]
ffffffffff600000-ffffffffff601000 r-xp 00000000 00:00 0                  [vsyscall]

VM Arguments:
jvm_args: -XX:MaxPermSize=256m -XX:+HeapDumpOnOutOfMemoryError -Xmx1024m -Dfile.encoding=UTF-8 -Duser.country=US -Duser.language=en -Duser.variant 
java_command: org.gradle.launcher.daemon.bootstrap.GradleDaemon 2.2.1 /home/emil/.gradle/daemon 10800000 d8c73426-abde-4518-b4f4-8bf0b7083b84 -XX:MaxPermSize=256m -XX:+HeapDumpOnOutOfMemoryError -Xmx1024m -Dfile.encoding=UTF-8 -Duser.country=US -Duser.language=en -Duser.variant
Launcher Type: SUN_STANDARD

Environment Variables:
JAVA_HOME=/usr/lib/jvm/default-java
PATH=/usr/local/sbin:/usr/local/bin:/usr/sbin:/usr/bin:/sbin:/bin:/usr/games:/usr/local/games:/opt/android-sdk/tools:/opt/android-sdk/platform-tools:/opt/node/bin:/opt/android-sdk/tools:/opt/android-sdk/platform-tools:/opt/node/bin
SHELL=/bin/bash
DISPLAY=:0

Signal Handlers:
SIGSEGV: [libjvm.so+0x995450], sa_mask[0]=0x7ffbfeff, sa_flags=0x10000004
SIGBUS: [libjvm.so+0x995450], sa_mask[0]=0x7ffbfeff, sa_flags=0x10000004
SIGFPE: [libjvm.so+0x7fc6a0], sa_mask[0]=0x7ffbfeff, sa_flags=0x10000004
SIGPIPE: [libjvm.so+0x7fc6a0], sa_mask[0]=0x7ffbfeff, sa_flags=0x10000004
SIGXFSZ: [libjvm.so+0x7fc6a0], sa_mask[0]=0x7ffbfeff, sa_flags=0x10000004
SIGILL: [libjvm.so+0x7fc6a0], sa_mask[0]=0x7ffbfeff, sa_flags=0x10000004
SIGUSR1: SIG_DFL, sa_mask[0]=0x00000000, sa_flags=0x00000000
SIGUSR2: [libjvm.so+0x7fc520], sa_mask[0]=0x00000004, sa_flags=0x10000004
SIGHUP: [libjvm.so+0x7fc6b0], sa_mask[0]=0x7ffbfeff, sa_flags=0x10000004
SIGINT: [libjvm.so+0x7fc6b0], sa_mask[0]=0x7ffbfeff, sa_flags=0x10000004
SIGTERM: [libjvm.so+0x7fc6b0], sa_mask[0]=0x7ffbfeff, sa_flags=0x10000004
SIGQUIT: [libjvm.so+0x7fc6b0], sa_mask[0]=0x7ffbfeff, sa_flags=0x10000004
SIGTRAP: SIG_DFL, sa_mask[0]=0x00000000, sa_flags=0x00000000


---------------  S Y S T E M  ---------------

OS:Ubuntu 15.10 (wily)
uname:Linux 4.2.0-21-generic #25-Ubuntu SMP Wed Dec 2 18:42:25 UTC 2015 x86_64
libc:glibc 2.21 NPTL 2.21 
rlimit: STACK 8192k, CORE 0k, NPROC 7136, NOFILE 65536, AS infinity
load average:1,41 0,74 0,49

/proc/meminfo:
MemTotal:        1861456 kB
MemFree:           15272 kB
MemAvailable:      41228 kB
Buffers:             936 kB
Cached:           289944 kB
SwapCached:            0 kB
Active:          1462076 kB
Inactive:         256892 kB
Active(anon):    1450056 kB
Inactive(anon):   245712 kB
Active(file):      12020 kB
Inactive(file):    11180 kB
Unevictable:          72 kB
Mlocked:              72 kB
SwapTotal:             0 kB
SwapFree:              0 kB
Dirty:               344 kB
Writeback:             0 kB
AnonPages:       1428272 kB
Mapped:            65904 kB
Shmem:            267568 kB
Slab:              54904 kB
SReclaimable:      22604 kB
SUnreclaim:        32300 kB
KernelStack:        8384 kB
PageTables:        41412 kB
NFS_Unstable:          0 kB
Bounce:                0 kB
WritebackTmp:          0 kB
CommitLimit:      930728 kB
Committed_AS:    5426748 kB
VmallocTotal:   34359738367 kB
VmallocUsed:      344092 kB
VmallocChunk:   34358947836 kB
HardwareCorrupted:     0 kB
AnonHugePages:    458752 kB
CmaTotal:              0 kB
CmaFree:               0 kB
HugePages_Total:       0
HugePages_Free:        0
HugePages_Rsvd:        0
HugePages_Surp:        0
Hugepagesize:       2048 kB
DirectMap4k:      143432 kB
DirectMap2M:     1835008 kB


CPU:total 2 (2 cores per cpu, 1 threads per core) family 6 model 42 stepping 7, cmov, cx8, fxsr, mmx, sse, sse2, sse3, ssse3, sse4.1, sse4.2, popcnt, tsc, tscinvbit

/proc/cpuinfo:
processor	: 0
vendor_id	: GenuineIntel
cpu family	: 6
model		: 42
model name	: Intel(R) Celeron(R) CPU B815 @ 1.60GHz
stepping	: 7
microcode	: 0x29
cpu MHz		: 800.125
cache size	: 2048 KB
physical id	: 0
siblings	: 2
core id		: 0
cpu cores	: 2
apicid		: 0
initial apicid	: 0
fpu		: yes
fpu_exception	: yes
cpuid level	: 13
wp		: yes
flags		: fpu vme de pse tsc msr pae mce cx8 apic sep mtrr pge mca cmov pat pse36 clflush dts acpi mmx fxsr sse sse2 ss ht tm pbe syscall nx rdtscp lm constant_tsc arch_perfmon pebs bts rep_good nopl xtopology nonstop_tsc aperfmperf eagerfpu pni pclmulqdq dtes64 monitor ds_cpl vmx est tm2 ssse3 cx16 xtpr pdcm pcid sse4_1 sse4_2 x2apic popcnt tsc_deadline_timer xsave lahf_lm arat epb pln pts dtherm tpr_shadow vnmi flexpriority ept vpid xsaveopt
bugs		:
bogomips	: 3192.72
clflush size	: 64
cache_alignment	: 64
address sizes	: 36 bits physical, 48 bits virtual
power management:

processor	: 1
vendor_id	: GenuineIntel
cpu family	: 6
model		: 42
model name	: Intel(R) Celeron(R) CPU B815 @ 1.60GHz
stepping	: 7
microcode	: 0x29
cpu MHz		: 801.562
cache size	: 2048 KB
physical id	: 0
siblings	: 2
core id		: 1
cpu cores	: 2
apicid		: 2
initial apicid	: 2
fpu		: yes
fpu_exception	: yes
cpuid level	: 13
wp		: yes
flags		: fpu vme de pse tsc msr pae mce cx8 apic sep mtrr pge mca cmov pat pse36 clflush dts acpi mmx fxsr sse sse2 ss ht tm pbe syscall nx rdtscp lm constant_tsc arch_perfmon pebs bts rep_good nopl xtopology nonstop_tsc aperfmperf eagerfpu pni pclmulqdq dtes64 monitor ds_cpl vmx est tm2 ssse3 cx16 xtpr pdcm pcid sse4_1 sse4_2 x2apic popcnt tsc_deadline_timer xsave lahf_lm arat epb pln pts dtherm tpr_shadow vnmi flexpriority ept vpid xsaveopt
bugs		:
bogomips	: 3192.72
clflush size	: 64
cache_alignment	: 64
address sizes	: 36 bits physical, 48 bits virtual
power management:



Memory: 4k page, physical 1861456k(15272k free), swap 0k(0k free)

vm_info: OpenJDK 64-Bit Server VM (24.91-b01) for linux-amd64 JRE (1.7.0_91-b02), built on Nov 19 2015 06:14:16 by "buildd" with gcc 5.2.1 20151010

time: Thu Dec 10 18:38:09 2015
elapsed time: 1917 seconds

